[ 2015-05-16T12:41:54+08:00 ] 127.0.0.1 /tahiti/index.php?s=/app/index/hotimg&l=chinese
INFO: [ app_init ] --START--
INFO: Run Behavior\BuildLiteBehavior [ RunTime:0.000013s ]
INFO: [ app_init ] --END-- [ RunTime:0.000412s ]
INFO: [ app_begin ] --START--
INFO: Run Behavior\ReadHtmlCacheBehavior [ RunTime:0.000600s ]
INFO: [ app_begin ] --END-- [ RunTime:0.000639s ]
SQL: SHOW COLUMNS FROM `t_club_base` [ RunTime:0.0048s ]
SQL: SHOW COLUMNS FROM `t_club_event` [ RunTime:0.0535s ]
SQL: SHOW COLUMNS FROM `t_club_detail` [ RunTime:0.0136s ]
SQL: SHOW COLUMNS FROM `t_club_img` [ RunTime:0.0364s ]
ERR: 参数错误或者未定义:rid

[ 2015-05-16T12:43:20+08:00 ] 127.0.0.1 /tahiti/index.php?s=/app/index/hotimg&l=chinese
ERR: 参数错误或者未定义:rid

[ 2015-05-16T12:43:22+08:00 ] 127.0.0.1 /tahiti/index.php?s=/app/index/hotimg&l=chinese
ERR: 参数错误或者未定义:rid

[ 2015-05-16T12:43:31+08:00 ] 127.0.0.1 /tahiti/index.php?s=/app/index/hotimg
ERR: 参数错误或者未定义:rid

[ 2015-05-16T12:43:37+08:00 ] 127.0.0.1 /tahiti/index.php?s=/app/index/hotimg
INFO: [ app_init ] --START--
INFO: Run Behavior\BuildLiteBehavior [ RunTime:0.000013s ]
INFO: [ app_init ] --END-- [ RunTime:0.000384s ]
INFO: [ app_begin ] --START--
INFO: Run Behavior\ReadHtmlCacheBehavior [ RunTime:0.000581s ]
INFO: [ app_begin ] --END-- [ RunTime:0.000619s ]
SQL: SHOW COLUMNS FROM `t_club_base` [ RunTime:0.0045s ]
SQL: SHOW COLUMNS FROM `t_club_event` [ RunTime:0.0039s ]
SQL: SHOW COLUMNS FROM `t_club_detail` [ RunTime:0.0043s ]
SQL: SHOW COLUMNS FROM `t_club_img` [ RunTime:0.0046s ]
ERR: 参数错误或者未定义:rid

[ 2015-05-16T12:47:55+08:00 ] 127.0.0.1 /tahiti/index.php?s=/app/index/hotimg
INFO: [ app_init ] --START--
INFO: Run Behavior\BuildLiteBehavior [ RunTime:0.000012s ]
INFO: [ app_init ] --END-- [ RunTime:0.000398s ]
INFO: [ app_begin ] --START--
INFO: Run Behavior\ReadHtmlCacheBehavior [ RunTime:0.000587s ]
INFO: [ app_begin ] --END-- [ RunTime:0.000624s ]
SQL: SHOW COLUMNS FROM `t_club_base` [ RunTime:0.0045s ]
SQL: SHOW COLUMNS FROM `t_club_event` [ RunTime:0.0043s ]
SQL: SHOW COLUMNS FROM `t_club_detail` [ RunTime:0.0041s ]
SQL: SHOW COLUMNS FROM `t_club_img` [ RunTime:0.0041s ]
ERR: 参数错误或者未定义:rid

[ 2015-05-16T13:06:12+08:00 ] ::1 /tahiti/hot
INFO: [ app_init ] --START--
INFO: Run Behavior\BuildLiteBehavior [ RunTime:0.000012s ]
INFO: [ app_init ] --END-- [ RunTime:0.000381s ]
INFO: [ app_begin ] --START--
INFO: Run Behavior\ReadHtmlCacheBehavior [ RunTime:0.000574s ]
INFO: [ app_begin ] --END-- [ RunTime:0.000612s ]
SQL: SHOW COLUMNS FROM `t_club_base` [ RunTime:0.0028s ]
SQL: SHOW COLUMNS FROM `t_club_event` [ RunTime:0.0024s ]
SQL: SHOW COLUMNS FROM `t_club_detail` [ RunTime:0.0024s ]
SQL: SHOW COLUMNS FROM `t_club_img` [ RunTime:0.0026s ]
ERR: 参数错误或者未定义:rid

[ 2015-05-16T13:06:26+08:00 ] ::1 /tahiti/map?rid=1234&ct=10&city=1001&co=39.916649,116.388001&un=aaa@tahiti.com&uid=e3f24599f1f3a1ddf4&tp=2
INFO: [ app_init ] --START--
INFO: Run Behavior\BuildLiteBehavior [ RunTime:0.000013s ]
INFO: [ app_init ] --END-- [ RunTime:0.000353s ]
INFO: [ app_begin ] --START--
INFO: Run Behavior\ReadHtmlCacheBehavior [ RunTime:0.000667s ]
INFO: [ app_begin ] --END-- [ RunTime:0.000715s ]
SQL: SHOW COLUMNS FROM `t_club_base` [ RunTime:0.0047s ]
SQL: SHOW COLUMNS FROM `t_club_event` [ RunTime:0.0042s ]
SQL: SHOW COLUMNS FROM `t_club_detail` [ RunTime:0.0041s ]
SQL: SHOW COLUMNS FROM `t_club_img` [ RunTime:0.0018s ]
SQL: SELECT club_id as cid,club_name as cn,club_thumb as scl,club_follow as ca,club_price as pc,club_type as tp,`club_lat`,`club_lng`,0 as nw FROM `t_club_base` WHERE ( club_city = '1001' and club_type='2' ) ORDER BY club_follow desc LIMIT 10   [ RunTime:0.0005s ]
INFO: [ app_end ] --START--
INFO: Run Behavior\ShowPageTraceBehavior [ RunTime:0.000633s ]
INFO: [ app_end ] --END-- [ RunTime:0.000671s ]

[ 2015-05-16T13:07:01+08:00 ] ::1 /tahiti/map?rid=1234&ct=10&city=1001&co=39.916649,116.388001&un=aaa@tahiti.com&uid=e3f24599f1f3a1ddf4&tp=2
INFO: [ app_init ] --START--
INFO: Run Behavior\BuildLiteBehavior [ RunTime:0.000012s ]
INFO: [ app_init ] --END-- [ RunTime:0.000340s ]
INFO: [ app_begin ] --START--
INFO: Run Behavior\ReadHtmlCacheBehavior [ RunTime:0.000473s ]
INFO: [ app_begin ] --END-- [ RunTime:0.000511s ]
SQL: SHOW COLUMNS FROM `t_club_base` [ RunTime:0.0046s ]
SQL: SHOW COLUMNS FROM `t_club_event` [ RunTime:0.0040s ]
SQL: SHOW COLUMNS FROM `t_club_detail` [ RunTime:0.0040s ]
SQL: SHOW COLUMNS FROM `t_club_img` [ RunTime:0.0041s ]
SQL: SELECT club_id as cid,club_name as cn,club_thumb as scl,club_follow as ca,club_price as pc,club_type as tp,`club_lat`,`club_lng`,0 as nw FROM `t_club_base` WHERE ( club_city = '1001' and club_type='2' ) ORDER BY club_follow desc LIMIT 10   [ RunTime:0.0008s ]
INFO: [ app_end ] --START--
INFO: Run Behavior\ShowPageTraceBehavior [ RunTime:0.001384s ]
INFO: [ app_end ] --END-- [ RunTime:0.001476s ]

[ 2015-05-16T13:07:41+08:00 ] ::1 /tahiti/map?rid=1234&ct=10&city=1001&co=39.916649,116.388001&un=aaa@tahiti.com&uid=e3f24599f1f3a1ddf4&tp=2
INFO: [ app_init ] --START--
INFO: Run Behavior\BuildLiteBehavior [ RunTime:0.000011s ]
INFO: [ app_init ] --END-- [ RunTime:0.000311s ]
INFO: [ app_begin ] --START--
INFO: Run Behavior\ReadHtmlCacheBehavior [ RunTime:0.000478s ]
INFO: [ app_begin ] --END-- [ RunTime:0.000516s ]
SQL: SHOW COLUMNS FROM `t_club_base` [ RunTime:0.0047s ]
SQL: SHOW COLUMNS FROM `t_club_event` [ RunTime:0.0041s ]
SQL: SHOW COLUMNS FROM `t_club_detail` [ RunTime:0.0042s ]
SQL: SHOW COLUMNS FROM `t_club_img` [ RunTime:0.0039s ]
SQL: SELECT club_id as cid,club_name as cn,club_thumb as scl,club_follow as ca,club_price as pc,club_type as tp,`club_lat`,`club_lng`,0 as nw FROM `t_club_base` WHERE ( club_city = '1001' and club_type='2' ) ORDER BY club_follow desc LIMIT 10   [ RunTime:0.0007s ]
INFO: [ app_end ] --START--
INFO: Run Behavior\ShowPageTraceBehavior [ RunTime:0.001259s ]
INFO: [ app_end ] --END-- [ RunTime:0.001345s ]

[ 2015-05-16T13:08:12+08:00 ] ::1 /tahiti/map?rid=1234&ct=10&city=1001&co=39.916649,116.388001&un=aaa@tahiti.com&uid=e3f24599f1f3a1ddf4&tp=2
INFO: [ app_init ] --START--
INFO: Run Behavior\BuildLiteBehavior [ RunTime:0.000011s ]
INFO: [ app_init ] --END-- [ RunTime:0.000368s ]
INFO: [ app_begin ] --START--
INFO: Run Behavior\ReadHtmlCacheBehavior [ RunTime:0.000525s ]
INFO: [ app_begin ] --END-- [ RunTime:0.000562s ]
SQL: SHOW COLUMNS FROM `t_club_base` [ RunTime:0.0019s ]
SQL: SHOW COLUMNS FROM `t_club_event` [ RunTime:0.0016s ]
SQL: SHOW COLUMNS FROM `t_club_detail` [ RunTime:0.0015s ]
SQL: SHOW COLUMNS FROM `t_club_img` [ RunTime:0.0017s ]

[ 2015-05-16T13:08:26+08:00 ] ::1 /tahiti/map?rid=1234&ct=10&city=1001&co=39.916649,116.388001&un=aaa@tahiti.com&uid=e3f24599f1f3a1ddf4&tp=2
INFO: [ app_init ] --START--
INFO: Run Behavior\BuildLiteBehavior [ RunTime:0.000011s ]
INFO: [ app_init ] --END-- [ RunTime:0.000446s ]
INFO: [ app_begin ] --START--
INFO: Run Behavior\ReadHtmlCacheBehavior [ RunTime:0.000649s ]
INFO: [ app_begin ] --END-- [ RunTime:0.000691s ]
SQL: SHOW COLUMNS FROM `t_club_base` [ RunTime:0.0051s ]
SQL: SHOW COLUMNS FROM `t_club_event` [ RunTime:0.0042s ]
SQL: SHOW COLUMNS FROM `t_club_detail` [ RunTime:0.0039s ]
SQL: SHOW COLUMNS FROM `t_club_img` [ RunTime:0.0042s ]
SQL: SELECT club_id as cid,club_name as cn,club_thumb as scl,club_follow as ca,club_price as pc,club_type as tp,`club_lat`,`club_lng`,0 as nw FROM `t_club_base` WHERE ( club_city = '1001' and club_type='2' ) ORDER BY club_follow desc LIMIT 10   [ RunTime:0.0008s ]

[ 2015-05-16T13:08:43+08:00 ] ::1 /tahiti/map?rid=1234&ct=10&city=1001&co=39.916649,116.388001&un=aaa@tahiti.com&uid=e3f24599f1f3a1ddf4&tp=2
INFO: [ app_init ] --START--
INFO: Run Behavior\BuildLiteBehavior [ RunTime:0.000016s ]
INFO: [ app_init ] --END-- [ RunTime:0.000558s ]
INFO: [ app_begin ] --START--
INFO: Run Behavior\ReadHtmlCacheBehavior [ RunTime:0.000786s ]
INFO: [ app_begin ] --END-- [ RunTime:0.000847s ]
SQL: SHOW COLUMNS FROM `t_club_base` [ RunTime:0.0046s ]
SQL: SHOW COLUMNS FROM `t_club_event` [ RunTime:0.0042s ]
SQL: SHOW COLUMNS FROM `t_club_detail` [ RunTime:0.0042s ]
SQL: SHOW COLUMNS FROM `t_club_img` [ RunTime:0.0041s ]
SQL: SELECT club_id as cid,club_name as cn,club_thumb as scl,club_follow as ca,club_price as pc,club_type as tp,`club_lat`,`club_lng`,0 as nw FROM `t_club_base` WHERE ( club_city = '1001' and club_type='2' ) ORDER BY club_follow desc LIMIT 10   [ RunTime:0.0008s ]

[ 2015-05-16T13:08:45+08:00 ] ::1 /tahiti/map?rid=1234&ct=10&city=1001&co=39.916649,116.388001&un=aaa@tahiti.com&uid=e3f24599f1f3a1ddf4&tp=2
INFO: [ app_init ] --START--
INFO: Run Behavior\BuildLiteBehavior [ RunTime:0.000011s ]
INFO: [ app_init ] --END-- [ RunTime:0.000306s ]
INFO: [ app_begin ] --START--
INFO: Run Behavior\ReadHtmlCacheBehavior [ RunTime:0.000452s ]
INFO: [ app_begin ] --END-- [ RunTime:0.000490s ]
SQL: SHOW COLUMNS FROM `t_club_base` [ RunTime:0.0046s ]
SQL: SHOW COLUMNS FROM `t_club_event` [ RunTime:0.0039s ]
SQL: SHOW COLUMNS FROM `t_club_detail` [ RunTime:0.0044s ]
SQL: SHOW COLUMNS FROM `t_club_img` [ RunTime:0.0042s ]
SQL: SELECT club_id as cid,club_name as cn,club_thumb as scl,club_follow as ca,club_price as pc,club_type as tp,`club_lat`,`club_lng`,0 as nw FROM `t_club_base` WHERE ( club_city = '1001' and club_type='2' ) ORDER BY club_follow desc LIMIT 10   [ RunTime:0.0008s ]

[ 2015-05-16T13:09:42+08:00 ] ::1 /tahiti/map?rid=1234&ct=10&city=1001&co=39.916649,116.388001&un=aaa@tahiti.com&uid=e3f24599f1f3a1ddf4&tp=2
INFO: [ app_init ] --START--
INFO: Run Behavior\BuildLiteBehavior [ RunTime:0.000010s ]
INFO: [ app_init ] --END-- [ RunTime:0.000306s ]
INFO: [ app_begin ] --START--
INFO: Run Behavior\ReadHtmlCacheBehavior [ RunTime:0.000481s ]
INFO: [ app_begin ] --END-- [ RunTime:0.000518s ]
SQL: SHOW COLUMNS FROM `t_club_base` [ RunTime:0.0046s ]
SQL: SHOW COLUMNS FROM `t_club_event` [ RunTime:0.0045s ]
SQL: SHOW COLUMNS FROM `t_club_detail` [ RunTime:0.0043s ]
SQL: SHOW COLUMNS FROM `t_club_img` [ RunTime:0.0044s ]
SQL: SELECT club_id as cid,club_name as cn,club_thumb as scl,club_follow as ca,club_price as pc,club_type as tp,`club_lat`,`club_lng`,0 as nw FROM `t_club_base` WHERE ( club_city = '1001' and club_type='2' ) ORDER BY club_follow desc LIMIT 10   [ RunTime:0.0009s ]

[ 2015-05-16T13:09:47+08:00 ] ::1 /tahiti/map?rid=1234&ct=10&city=1001&co=39.916649,116.388001&un=aaa@tahiti.com&uid=e3f24599f1f3a1ddf4&tp=2
INFO: [ app_init ] --START--
INFO: Run Behavior\BuildLiteBehavior [ RunTime:0.000027s ]
INFO: [ app_init ] --END-- [ RunTime:0.000878s ]
INFO: [ app_begin ] --START--
INFO: Run Behavior\ReadHtmlCacheBehavior [ RunTime:0.001273s ]
INFO: [ app_begin ] --END-- [ RunTime:0.001413s ]
SQL: SHOW COLUMNS FROM `t_club_base` [ RunTime:0.0045s ]
SQL: SHOW COLUMNS FROM `t_club_event` [ RunTime:0.0041s ]
SQL: SHOW COLUMNS FROM `t_club_detail` [ RunTime:0.0042s ]
SQL: SHOW COLUMNS FROM `t_club_img` [ RunTime:0.0040s ]
SQL: SELECT club_id as cid,club_name as cn,club_thumb as scl,club_follow as ca,club_price as pc,club_type as tp,`club_lat`,`club_lng`,0 as nw FROM `t_club_base` WHERE ( club_city = '1001' and club_type='2' ) ORDER BY club_follow desc LIMIT 10   [ RunTime:0.0008s ]

[ 2015-05-16T13:09:53+08:00 ] ::1 /tahiti/map?rid=1234&ct=10&city=1001&co=39.916649,116.388001&un=aaa@tahiti.com&uid=e3f24599f1f3a1ddf4&tp=2
INFO: [ app_init ] --START--
INFO: Run Behavior\BuildLiteBehavior [ RunTime:0.000012s ]
INFO: [ app_init ] --END-- [ RunTime:0.000327s ]
INFO: [ app_begin ] --START--
INFO: Run Behavior\ReadHtmlCacheBehavior [ RunTime:0.000468s ]
INFO: [ app_begin ] --END-- [ RunTime:0.000507s ]
SQL: SHOW COLUMNS FROM `t_club_base` [ RunTime:0.0046s ]
SQL: SHOW COLUMNS FROM `t_club_event` [ RunTime:0.0042s ]
SQL: SHOW COLUMNS FROM `t_club_detail` [ RunTime:0.0044s ]
SQL: SHOW COLUMNS FROM `t_club_img` [ RunTime:0.0044s ]
SQL: SELECT club_id as cid,club_name as cn,club_thumb as scl,club_follow as ca,club_price as pc,club_type as tp,`club_lat`,`club_lng`,0 as nw FROM `t_club_base` WHERE ( club_city = '1001' and club_type='2' ) ORDER BY club_follow desc LIMIT 10   [ RunTime:0.0008s ]

[ 2015-05-16T13:09:55+08:00 ] ::1 /tahiti/map?rid=1234&ct=10&city=1001&co=39.916649,116.388001&un=aaa@tahiti.com&uid=e3f24599f1f3a1ddf4&tp=2
INFO: [ app_init ] --START--
INFO: Run Behavior\BuildLiteBehavior [ RunTime:0.000015s ]
INFO: [ app_init ] --END-- [ RunTime:0.000472s ]
INFO: [ app_begin ] --START--
INFO: Run Behavior\ReadHtmlCacheBehavior [ RunTime:0.000716s ]
INFO: [ app_begin ] --END-- [ RunTime:0.000772s ]
SQL: SHOW COLUMNS FROM `t_club_base` [ RunTime:0.0020s ]
SQL: SHOW COLUMNS FROM `t_club_event` [ RunTime:0.0016s ]
SQL: SHOW COLUMNS FROM `t_club_detail` [ RunTime:0.0016s ]
SQL: SHOW COLUMNS FROM `t_club_img` [ RunTime:0.0017s ]
SQL: SELECT club_id as cid,club_name as cn,club_thumb as scl,club_follow as ca,club_price as pc,club_type as tp,`club_lat`,`club_lng`,0 as nw FROM `t_club_base` WHERE ( club_city = '1001' and club_type='2' ) ORDER BY club_follow desc LIMIT 10   [ RunTime:0.0003s ]

[ 2015-05-16T13:10:25+08:00 ] ::1 /tahiti/map?rid=1234&ct=10&city=1001&co=39.916649,116.388001&un=aaa@tahiti.com&uid=e3f24599f1f3a1ddf4&tp=2
INFO: [ app_init ] --START--
INFO: Run Behavior\BuildLiteBehavior [ RunTime:0.000014s ]
INFO: [ app_init ] --END-- [ RunTime:0.000440s ]
INFO: [ app_begin ] --START--
INFO: Run Behavior\ReadHtmlCacheBehavior [ RunTime:0.000640s ]
INFO: [ app_begin ] --END-- [ RunTime:0.000691s ]
SQL: SHOW COLUMNS FROM `t_club_base` [ RunTime:0.0046s ]
SQL: SHOW COLUMNS FROM `t_club_event` [ RunTime:0.0041s ]
SQL: SHOW COLUMNS FROM `t_club_detail` [ RunTime:0.0041s ]
SQL: SHOW COLUMNS FROM `t_club_img` [ RunTime:0.0045s ]
SQL: SELECT club_id as cid,club_name as cn,club_thumb as scl,club_follow as ca,club_price as pc,club_type as tp,`club_lat`,`club_lng`,0 as nw FROM `t_club_base` WHERE ( club_city = '1001' and club_type='2' ) ORDER BY club_follow desc LIMIT 10   [ RunTime:0.0008s ]
INFO: [ app_end ] --START--
INFO: Run Behavior\ShowPageTraceBehavior [ RunTime:0.001550s ]
INFO: [ app_end ] --END-- [ RunTime:0.001641s ]

[ 2015-05-16T13:11:04+08:00 ] ::1 /tahiti/map?rid=1234&ct=10&city=1001&co=39.916649,116.388001&un=aaa@tahiti.com&uid=e3f24599f1f3a1ddf4&tp=2
INFO: [ app_init ] --START--
INFO: Run Behavior\BuildLiteBehavior [ RunTime:0.000014s ]
INFO: [ app_init ] --END-- [ RunTime:0.000396s ]
INFO: [ app_begin ] --START--
INFO: Run Behavior\ReadHtmlCacheBehavior [ RunTime:0.000564s ]
INFO: [ app_begin ] --END-- [ RunTime:0.000602s ]
SQL: SHOW COLUMNS FROM `t_club_base` [ RunTime:0.0047s ]
SQL: SHOW COLUMNS FROM `t_club_event` [ RunTime:0.0040s ]
SQL: SHOW COLUMNS FROM `t_club_detail` [ RunTime:0.0041s ]
SQL: SHOW COLUMNS FROM `t_club_img` [ RunTime:0.0046s ]
SQL: SELECT club_id as cid,club_name as cn,club_thumb as scl,club_follow as ca,club_price as pc,club_type as tp,`club_lat`,`club_lng`,0 as nw FROM `t_club_base` WHERE ( club_city = '1001' and club_type='2' ) ORDER BY club_follow desc LIMIT 10   [ RunTime:0.0008s ]
INFO: [ app_end ] --START--
INFO: Run Behavior\ShowPageTraceBehavior [ RunTime:0.001394s ]
INFO: [ app_end ] --END-- [ RunTime:0.001491s ]

[ 2015-05-16T13:11:06+08:00 ] ::1 /tahiti/map?rid=1234&ct=10&city=1001&co=39.916649,116.388001&un=aaa@tahiti.com&uid=e3f24599f1f3a1ddf4&tp=2
INFO: [ app_init ] --START--
INFO: Run Behavior\BuildLiteBehavior [ RunTime:0.000016s ]
INFO: [ app_init ] --END-- [ RunTime:0.000519s ]
INFO: [ app_begin ] --START--
INFO: Run Behavior\ReadHtmlCacheBehavior [ RunTime:0.000746s ]
INFO: [ app_begin ] --END-- [ RunTime:0.000804s ]
SQL: SHOW COLUMNS FROM `t_club_base` [ RunTime:0.0046s ]
SQL: SHOW COLUMNS FROM `t_club_event` [ RunTime:0.0044s ]
SQL: SHOW COLUMNS FROM `t_club_detail` [ RunTime:0.0040s ]
SQL: SHOW COLUMNS FROM `t_club_img` [ RunTime:0.0041s ]
SQL: SELECT club_id as cid,club_name as cn,club_thumb as scl,club_follow as ca,club_price as pc,club_type as tp,`club_lat`,`club_lng`,0 as nw FROM `t_club_base` WHERE ( club_city = '1001' and club_type='2' ) ORDER BY club_follow desc LIMIT 10   [ RunTime:0.0008s ]
INFO: [ app_end ] --START--
INFO: Run Behavior\ShowPageTraceBehavior [ RunTime:0.001344s ]
INFO: [ app_end ] --END-- [ RunTime:0.001437s ]

[ 2015-05-16T13:11:23+08:00 ] ::1 /tahiti/map?rid=1234&ct=10&city=1001&co=39.916649,116.388001&un=aaa@tahiti.com&uid=e3f24599f1f3a1ddf4&tp=2
INFO: [ app_init ] --START--
INFO: Run Behavior\BuildLiteBehavior [ RunTime:0.000016s ]
INFO: [ app_init ] --END-- [ RunTime:0.000485s ]
INFO: [ app_begin ] --START--
INFO: Run Behavior\ReadHtmlCacheBehavior [ RunTime:0.000674s ]
INFO: [ app_begin ] --END-- [ RunTime:0.000726s ]
SQL: SHOW COLUMNS FROM `t_club_base` [ RunTime:0.0049s ]
SQL: SHOW COLUMNS FROM `t_club_event` [ RunTime:0.0041s ]
SQL: SHOW COLUMNS FROM `t_club_detail` [ RunTime:0.0042s ]
SQL: SHOW COLUMNS FROM `t_club_img` [ RunTime:0.0047s ]
SQL: SELECT club_id as cid,club_name as cn,club_thumb as scl,club_follow as ca,club_price as pc,club_type as tp,`club_lat`,`club_lng`,0 as nw FROM `t_club_base` WHERE ( club_city = '1001' and club_type='2' ) ORDER BY club_follow desc LIMIT 10   [ RunTime:0.0008s ]
INFO: [ app_end ] --START--
INFO: Run Behavior\ShowPageTraceBehavior [ RunTime:0.001365s ]
INFO: [ app_end ] --END-- [ RunTime:0.001460s ]

[ 2015-05-16T13:11:50+08:00 ] ::1 /tahiti/map?rid=1234&ct=10&city=3&co=39.916649,116.388001&un=aaa@tahiti.com&uid=e3f24599f1f3a1ddf4&tp=-1
INFO: [ app_init ] --START--
INFO: Run Behavior\BuildLiteBehavior [ RunTime:0.000011s ]
INFO: [ app_init ] --END-- [ RunTime:0.000315s ]
INFO: [ app_begin ] --START--
INFO: Run Behavior\ReadHtmlCacheBehavior [ RunTime:0.000457s ]
INFO: [ app_begin ] --END-- [ RunTime:0.000496s ]
SQL: SHOW COLUMNS FROM `t_club_base` [ RunTime:0.0049s ]
SQL: SHOW COLUMNS FROM `t_club_event` [ RunTime:0.0044s ]
SQL: SHOW COLUMNS FROM `t_club_detail` [ RunTime:0.0045s ]
SQL: SHOW COLUMNS FROM `t_club_img` [ RunTime:0.0045s ]
SQL: SELECT club_id as cid,club_name as cn,club_thumb as scl,club_follow as ca,club_price as pc,club_type as tp,`club_lat`,`club_lng`,0 as nw FROM `t_club_base` WHERE ( club_city = '3'  ) ORDER BY club_follow desc LIMIT 10   [ RunTime:0.0009s ]
SQL: SELECT COUNT(*) AS tp_count FROM `t_club_event` WHERE ( club_id = '40' ) LIMIT 1   [ RunTime:0.0005s ]

[ 2015-05-16T13:12:13+08:00 ] ::1 /tahiti/map?rid=1234&ct=10&city=3&co=39.916649,116.388001&un=aaa@tahiti.com&uid=e3f24599f1f3a1ddf4&tp=-1
INFO: [ app_init ] --START--
INFO: Run Behavior\BuildLiteBehavior [ RunTime:0.000011s ]
INFO: [ app_init ] --END-- [ RunTime:0.000358s ]
INFO: [ app_begin ] --START--
INFO: Run Behavior\ReadHtmlCacheBehavior [ RunTime:0.000508s ]
INFO: [ app_begin ] --END-- [ RunTime:0.000546s ]
SQL: SHOW COLUMNS FROM `t_club_base` [ RunTime:0.0046s ]
SQL: SHOW COLUMNS FROM `t_club_event` [ RunTime:0.0041s ]
SQL: SHOW COLUMNS FROM `t_club_detail` [ RunTime:0.0041s ]
SQL: SHOW COLUMNS FROM `t_club_img` [ RunTime:0.0041s ]
SQL: SELECT club_id as cid,club_name as cn,club_thumb as scl,club_follow as ca,club_price as pc,club_type as tp,`club_lat`,`club_lng`,0 as nw FROM `t_club_base` WHERE ( club_city = '3'  ) ORDER BY club_follow desc LIMIT 10   [ RunTime:0.0009s ]
SQL: SELECT COUNT(*) AS tp_count FROM `t_club_event` WHERE ( club_id = '40' ) LIMIT 1   [ RunTime:0.0005s ]

[ 2015-05-16T13:12:35+08:00 ] ::1 /tahiti/map?rid=1234&ct=10&city=3&co=39.916649,116.388001&un=aaa@tahiti.com&uid=e3f24599f1f3a1ddf4&tp=-1
INFO: [ app_init ] --START--
INFO: Run Behavior\BuildLiteBehavior [ RunTime:0.000017s ]
INFO: [ app_init ] --END-- [ RunTime:0.000535s ]
INFO: [ app_begin ] --START--
INFO: Run Behavior\ReadHtmlCacheBehavior [ RunTime:0.000705s ]
INFO: [ app_begin ] --END-- [ RunTime:0.000757s ]
SQL: SHOW COLUMNS FROM `t_club_base` [ RunTime:0.0047s ]
SQL: SHOW COLUMNS FROM `t_club_event` [ RunTime:0.0040s ]
SQL: SHOW COLUMNS FROM `t_club_detail` [ RunTime:0.0039s ]
SQL: SHOW COLUMNS FROM `t_club_img` [ RunTime:0.0042s ]
SQL: SELECT club_id as cid,club_name as cn,club_thumb as scl,club_follow as ca,club_price as pc,club_type as tp,`club_lat`,`club_lng`,0 as nw FROM `t_club_base` WHERE ( club_city = '3'  ) ORDER BY club_follow desc LIMIT 10   [ RunTime:0.0009s ]
SQL: SELECT COUNT(*) AS tp_count FROM `t_club_event` WHERE ( club_id = '40' ) LIMIT 1   [ RunTime:0.0003s ]

[ 2015-05-16T13:13:37+08:00 ] ::1 /tahiti/map?rid=1234&ct=10&city=3&co=39.916649,116.388001&un=aaa@tahiti.com&uid=e3f24599f1f3a1ddf4&tp=-1
INFO: [ app_init ] --START--
INFO: Run Behavior\BuildLiteBehavior [ RunTime:0.000011s ]
INFO: [ app_init ] --END-- [ RunTime:0.000398s ]
INFO: [ app_begin ] --START--
INFO: Run Behavior\ReadHtmlCacheBehavior [ RunTime:0.000573s ]
INFO: [ app_begin ] --END-- [ RunTime:0.000609s ]
SQL: SHOW COLUMNS FROM `t_club_base` [ RunTime:0.0047s ]
SQL: SHOW COLUMNS FROM `t_club_event` [ RunTime:0.0042s ]
SQL: SHOW COLUMNS FROM `t_club_detail` [ RunTime:0.0042s ]
SQL: SHOW COLUMNS FROM `t_club_img` [ RunTime:0.0046s ]
SQL: SELECT club_id as cid,club_name as cn,club_thumb as scl,club_follow as ca,club_price as pc,club_type as tp,`club_lat`,`club_lng`,0 as nw FROM `t_club_base` WHERE ( club_city = '3'  ) ORDER BY club_follow desc LIMIT 10   [ RunTime:0.0009s ]
SQL: SELECT COUNT(*) AS tp_count FROM `t_club_event` WHERE ( club_id = '40' ) LIMIT 1   [ RunTime:0.0005s ]
SQL: SELECT COUNT(*) AS tp_count FROM `t_club_event` WHERE ( club_id = '42' ) LIMIT 1   [ RunTime:0.0005s ]
SQL: SELECT COUNT(*) AS tp_count FROM `t_club_event` WHERE ( club_id = '43' ) LIMIT 1   [ RunTime:0.0005s ]
SQL: SELECT COUNT(*) AS tp_count FROM `t_club_event` WHERE ( club_id = '2' ) LIMIT 1   [ RunTime:0.0005s ]
SQL: SELECT COUNT(*) AS tp_count FROM `t_club_event` WHERE ( club_id = '38' ) LIMIT 1   [ RunTime:0.0006s ]
INFO: [ app_end ] --START--
INFO: Run Behavior\ShowPageTraceBehavior [ RunTime:0.001630s ]
INFO: [ app_end ] --END-- [ RunTime:0.001757s ]

[ 2015-05-16T14:17:23+08:00 ] ::1 /tahiti/hotimg?rid=1234&ct=10&city=3&co=39.916649,116.388001&un=aaa@tahiti.com&uid=e3f24599f1f3a1ddf4&tp=-1
INFO: [ app_init ] --START--
INFO: Run Behavior\BuildLiteBehavior [ RunTime:0.000011s ]
INFO: [ app_init ] --END-- [ RunTime:0.000449s ]
INFO: [ app_begin ] --START--
INFO: Run Behavior\ReadHtmlCacheBehavior [ RunTime:0.000650s ]
INFO: [ app_begin ] --END-- [ RunTime:0.000688s ]
SQL: SHOW COLUMNS FROM `t_club_base` [ RunTime:0.0058s ]
SQL: SHOW COLUMNS FROM `t_club_event` [ RunTime:0.0046s ]
SQL: SHOW COLUMNS FROM `t_club_detail` [ RunTime:0.0045s ]
SQL: SHOW COLUMNS FROM `t_club_img` [ RunTime:0.0047s ]
SQL: SELECT club_id as cid FROM `t_club_base` WHERE ( club_city = '3'  ) ORDER BY club_follow desc LIMIT 10   [ RunTime:0.0007s ]
ERR: SQLSTATE[42S22]: Column not found: 1054 Unknown column '' in 'field list'

[ 2015-05-16T14:17:44+08:00 ] ::1 /tahiti/hotimg?rid=1234&ct=10&city=3&co=39.916649,116.388001&un=aaa@tahiti.com&uid=e3f24599f1f3a1ddf4&tp=-1
INFO: [ app_init ] --START--
INFO: Run Behavior\BuildLiteBehavior [ RunTime:0.000012s ]
INFO: [ app_init ] --END-- [ RunTime:0.000366s ]
INFO: [ app_begin ] --START--
INFO: Run Behavior\ReadHtmlCacheBehavior [ RunTime:0.000473s ]
INFO: [ app_begin ] --END-- [ RunTime:0.000511s ]
SQL: SHOW COLUMNS FROM `t_club_base` [ RunTime:0.0022s ]
SQL: SHOW COLUMNS FROM `t_club_event` [ RunTime:0.0019s ]
SQL: SHOW COLUMNS FROM `t_club_detail` [ RunTime:0.0018s ]
SQL: SHOW COLUMNS FROM `t_club_img` [ RunTime:0.0018s ]
SQL: SELECT club_id as cid FROM `t_club_base` WHERE ( club_city = '3'  ) ORDER BY club_follow desc LIMIT 10   [ RunTime:0.0003s ]
ERR: SQLSTATE[42S22]: Column not found: 1054 Unknown column '' in 'field list'

[ 2015-05-16T14:18:20+08:00 ] ::1 /tahiti/hotimg?rid=1234&ct=10&city=1001&co=39.916649,116.388001&un=aaa@tahiti.com&uid=e3f24599f1f3a1ddf4&tp=2
INFO: [ app_init ] --START--
INFO: Run Behavior\BuildLiteBehavior [ RunTime:0.000013s ]
INFO: [ app_init ] --END-- [ RunTime:0.000320s ]
INFO: [ app_begin ] --START--
INFO: Run Behavior\ReadHtmlCacheBehavior [ RunTime:0.000463s ]
INFO: [ app_begin ] --END-- [ RunTime:0.000500s ]
SQL: SHOW COLUMNS FROM `t_club_base` [ RunTime:0.0035s ]
SQL: SHOW COLUMNS FROM `t_club_event` [ RunTime:0.0030s ]
SQL: SHOW COLUMNS FROM `t_club_detail` [ RunTime:0.0028s ]
SQL: SHOW COLUMNS FROM `t_club_img` [ RunTime:0.0030s ]
SQL: SELECT club_id as cid FROM `t_club_base` WHERE ( club_city = '1001' and club_type='2' ) ORDER BY club_follow desc LIMIT 10   [ RunTime:0.0004s ]
INFO: [ app_end ] --START--
INFO: Run Behavior\ShowPageTraceBehavior [ RunTime:0.001222s ]
INFO: [ app_end ] --END-- [ RunTime:0.001278s ]

[ 2015-05-16T14:23:50+08:00 ] ::1 /tahiti/hotimg?rid=1234&ct=10&city=1001&co=39.916649,116.388001&un=aaa@tahiti.com&uid=e3f24599f1f3a1ddf4&tp=2
INFO: [ app_init ] --START--
INFO: Run Behavior\BuildLiteBehavior [ RunTime:0.000012s ]
INFO: [ app_init ] --END-- [ RunTime:0.000333s ]
INFO: [ app_begin ] --START--
INFO: Run Behavior\ReadHtmlCacheBehavior [ RunTime:0.000566s ]
INFO: [ app_begin ] --END-- [ RunTime:0.000604s ]
SQL: SHOW COLUMNS FROM `t_club_base` [ RunTime:0.0022s ]
SQL: SHOW COLUMNS FROM `t_club_event` [ RunTime:0.0018s ]
SQL: SHOW COLUMNS FROM `t_club_detail` [ RunTime:0.0019s ]
SQL: SHOW COLUMNS FROM `t_club_img` [ RunTime:0.0018s ]
SQL: SELECT club_id as cid,`club_lat`,`club_lng` FROM `t_club_base` WHERE ( club_city = '1001' and club_type='2' ) ORDER BY club_follow desc LIMIT 10   [ RunTime:0.0003s ]
INFO: [ app_end ] --START--
INFO: Run Behavior\ShowPageTraceBehavior [ RunTime:0.000662s ]
INFO: [ app_end ] --END-- [ RunTime:0.000699s ]

[ 2015-05-16T14:24:00+08:00 ] ::1 /tahiti/hotimg?rid=1234&ct=10&city=1001&co=39.916649,116.388001&un=aaa@tahiti.com&uid=e3f24599f1f3a1ddf4&tp=-1
INFO: [ app_init ] --START--
INFO: Run Behavior\BuildLiteBehavior [ RunTime:0.000011s ]
INFO: [ app_init ] --END-- [ RunTime:0.000358s ]
INFO: [ app_begin ] --START--
INFO: Run Behavior\ReadHtmlCacheBehavior [ RunTime:0.000511s ]
INFO: [ app_begin ] --END-- [ RunTime:0.000549s ]
SQL: SHOW COLUMNS FROM `t_club_base` [ RunTime:0.0050s ]
SQL: SHOW COLUMNS FROM `t_club_event` [ RunTime:0.0048s ]
SQL: SHOW COLUMNS FROM `t_club_detail` [ RunTime:0.0052s ]
SQL: SHOW COLUMNS FROM `t_club_img` [ RunTime:0.0051s ]
SQL: SELECT club_id as cid,`club_lat`,`club_lng` FROM `t_club_base` WHERE ( club_city = '1001'  ) ORDER BY club_follow desc LIMIT 10   [ RunTime:0.0007s ]
INFO: [ app_end ] --START--
INFO: Run Behavior\ShowPageTraceBehavior [ RunTime:0.001437s ]
INFO: [ app_end ] --END-- [ RunTime:0.001538s ]

[ 2015-05-16T14:24:04+08:00 ] ::1 /tahiti/hotimg?rid=1234&ct=10&city=3&co=39.916649,116.388001&un=aaa@tahiti.com&uid=e3f24599f1f3a1ddf4&tp=-1
INFO: [ app_init ] --START--
INFO: Run Behavior\BuildLiteBehavior [ RunTime:0.000013s ]
INFO: [ app_init ] --END-- [ RunTime:0.000419s ]
INFO: [ app_begin ] --START--
INFO: Run Behavior\ReadHtmlCacheBehavior [ RunTime:0.000659s ]
INFO: [ app_begin ] --END-- [ RunTime:0.000712s ]
SQL: SHOW COLUMNS FROM `t_club_base` [ RunTime:0.0021s ]
SQL: SHOW COLUMNS FROM `t_club_event` [ RunTime:0.0019s ]
SQL: SHOW COLUMNS FROM `t_club_detail` [ RunTime:0.0019s ]
SQL: SHOW COLUMNS FROM `t_club_img` [ RunTime:0.0020s ]
SQL: SELECT club_id as cid,`club_lat`,`club_lng` FROM `t_club_base` WHERE ( club_city = '3'  ) ORDER BY club_follow desc LIMIT 10   [ RunTime:0.0003s ]
SQL: SELECT img_title as tl,img_url as bimg,img_brief as dt,img_info1 as if1,img_info2 as if2,img_time as tm,img_atl as lk FROM `t_club_img` WHERE ( img_type='1' and club_id='2' )  [ RunTime:0.0002s ]
SQL: SELECT img_title as tl,img_url as bimg,img_brief as dt,img_info1 as if1,img_info2 as if2,img_time as tm,img_atl as lk FROM `t_club_img` WHERE ( img_type='1' and club_id='40' )  [ RunTime:0.0002s ]
SQL: SELECT img_title as tl,img_url as bimg,img_brief as dt,img_info1 as if1,img_info2 as if2,img_time as tm,img_atl as lk FROM `t_club_img` WHERE ( img_type='1' and club_id='38' )  [ RunTime:0.0002s ]
SQL: SELECT img_title as tl,img_url as bimg,img_brief as dt,img_info1 as if1,img_info2 as if2,img_time as tm,img_atl as lk FROM `t_club_img` WHERE ( img_type='1' and club_id='42' )  [ RunTime:0.0002s ]
SQL: SELECT img_title as tl,img_url as bimg,img_brief as dt,img_info1 as if1,img_info2 as if2,img_time as tm,img_atl as lk FROM `t_club_img` WHERE ( img_type='1' and club_id='43' )  [ RunTime:0.0003s ]
INFO: [ app_end ] --START--
INFO: Run Behavior\ShowPageTraceBehavior [ RunTime:0.000650s ]
INFO: [ app_end ] --END-- [ RunTime:0.000688s ]

[ 2015-05-16T14:26:22+08:00 ] ::1 /tahiti/hotimg?rid=1234&ct=10&city=3&co=39.916649,116.388001&un=aaa@tahiti.com&uid=e3f24599f1f3a1ddf4&tp=-1
INFO: [ app_init ] --START--
INFO: Run Behavior\BuildLiteBehavior [ RunTime:0.000011s ]
INFO: [ app_init ] --END-- [ RunTime:0.000389s ]
INFO: [ app_begin ] --START--
INFO: Run Behavior\ReadHtmlCacheBehavior [ RunTime:0.000596s ]
INFO: [ app_begin ] --END-- [ RunTime:0.000633s ]
SQL: SHOW COLUMNS FROM `t_club_base` [ RunTime:0.0050s ]
SQL: SHOW COLUMNS FROM `t_club_event` [ RunTime:0.0048s ]
SQL: SHOW COLUMNS FROM `t_club_detail` [ RunTime:0.0048s ]
SQL: SHOW COLUMNS FROM `t_club_img` [ RunTime:0.0043s ]
SQL: SELECT club_id as cid,`club_lat`,`club_lng` FROM `t_club_base` WHERE ( club_city = '3'  ) ORDER BY club_follow desc LIMIT 10   [ RunTime:0.0006s ]

[ 2015-05-16T14:27:10+08:00 ] ::1 /tahiti/hotimg?rid=1234&ct=10&city=3&co=39.916649,116.388001&un=aaa@tahiti.com&uid=e3f24599f1f3a1ddf4&tp=-1
INFO: [ app_init ] --START--
INFO: Run Behavior\BuildLiteBehavior [ RunTime:0.000011s ]
INFO: [ app_init ] --END-- [ RunTime:0.000371s ]
INFO: [ app_begin ] --START--
INFO: Run Behavior\ReadHtmlCacheBehavior [ RunTime:0.000537s ]
INFO: [ app_begin ] --END-- [ RunTime:0.000577s ]
SQL: SHOW COLUMNS FROM `t_club_base` [ RunTime:0.0054s ]
SQL: SHOW COLUMNS FROM `t_club_event` [ RunTime:0.0049s ]
SQL: SHOW COLUMNS FROM `t_club_detail` [ RunTime:0.0044s ]
SQL: SHOW COLUMNS FROM `t_club_img` [ RunTime:0.0048s ]
SQL: SELECT club_id as cid,`club_lat`,`club_lng` FROM `t_club_base` WHERE ( club_city = '3'  ) ORDER BY club_follow desc LIMIT 10   [ RunTime:0.0007s ]
SQL: SELECT img_title as tl,img_url as bimg,img_brief as dt,img_info1 as if1,img_info2 as if2,img_time as tm,img_atl as lk FROM `t_club_img` WHERE ( img_type='1' and club_id='2' )  [ RunTime:0.0006s ]
SQL: SELECT img_title as tl,img_url as bimg,img_brief as dt,img_info1 as if1,img_info2 as if2,img_time as tm,img_atl as lk FROM `t_club_img` WHERE ( img_type='1' and club_id='40' )  [ RunTime:0.0006s ]
NOTIC: [8] Undefined offset: 0 D:\XAMPP\htdocs\tahiti\Application\App\Logic\ClubLogic.class.php 第 53 行.
NOTIC: [2] array_merge(): Argument #2 is not an array D:\XAMPP\htdocs\tahiti\Application\App\Logic\ClubLogic.class.php 第 54 行.
SQL: SELECT img_title as tl,img_url as bimg,img_brief as dt,img_info1 as if1,img_info2 as if2,img_time as tm,img_atl as lk FROM `t_club_img` WHERE ( img_type='1' and club_id='38' )  [ RunTime:0.0006s ]
NOTIC: [8] Undefined offset: 0 D:\XAMPP\htdocs\tahiti\Application\App\Logic\ClubLogic.class.php 第 53 行.
NOTIC: [2] array_merge(): Argument #2 is not an array D:\XAMPP\htdocs\tahiti\Application\App\Logic\ClubLogic.class.php 第 54 行.
SQL: SELECT img_title as tl,img_url as bimg,img_brief as dt,img_info1 as if1,img_info2 as if2,img_time as tm,img_atl as lk FROM `t_club_img` WHERE ( img_type='1' and club_id='42' )  [ RunTime:0.0005s ]
NOTIC: [8] Undefined offset: 0 D:\XAMPP\htdocs\tahiti\Application\App\Logic\ClubLogic.class.php 第 53 行.
NOTIC: [2] array_merge(): Argument #2 is not an array D:\XAMPP\htdocs\tahiti\Application\App\Logic\ClubLogic.class.php 第 54 行.
SQL: SELECT img_title as tl,img_url as bimg,img_brief as dt,img_info1 as if1,img_info2 as if2,img_time as tm,img_atl as lk FROM `t_club_img` WHERE ( img_type='1' and club_id='43' )  [ RunTime:0.0005s ]
NOTIC: [8] Undefined offset: 0 D:\XAMPP\htdocs\tahiti\Application\App\Logic\ClubLogic.class.php 第 53 行.
NOTIC: [2] array_merge(): Argument #2 is not an array D:\XAMPP\htdocs\tahiti\Application\App\Logic\ClubLogic.class.php 第 54 行.
INFO: [ app_end ] --START--
INFO: Run Behavior\ShowPageTraceBehavior [ RunTime:0.001568s ]
INFO: [ app_end ] --END-- [ RunTime:0.001656s ]

[ 2015-05-16T14:29:14+08:00 ] ::1 /tahiti/hotimg?rid=1234&ct=10&city=3&co=39.916649,116.388001&un=aaa@tahiti.com&uid=e3f24599f1f3a1ddf4&tp=-1
INFO: [ app_init ] --START--
INFO: Run Behavior\BuildLiteBehavior [ RunTime:0.000012s ]
INFO: [ app_init ] --END-- [ RunTime:0.000468s ]
INFO: [ app_begin ] --START--
INFO: Run Behavior\ReadHtmlCacheBehavior [ RunTime:0.000599s ]
INFO: [ app_begin ] --END-- [ RunTime:0.000638s ]
SQL: SHOW COLUMNS FROM `t_club_base` [ RunTime:0.0053s ]
SQL: SHOW COLUMNS FROM `t_club_event` [ RunTime:0.0049s ]
SQL: SHOW COLUMNS FROM `t_club_detail` [ RunTime:0.0049s ]
SQL: SHOW COLUMNS FROM `t_club_img` [ RunTime:0.0049s ]
SQL: SELECT club_id as cid,`club_lat`,`club_lng` FROM `t_club_base` WHERE ( club_city = '3'  ) ORDER BY club_follow desc LIMIT 10   [ RunTime:0.0007s ]
SQL: SELECT img_title as tl,img_url as bimg,img_brief as dt,img_info1 as if1,img_info2 as if2,img_time as tm,img_atl as lk FROM `t_club_img` WHERE ( img_type='1' and club_id='2' )  [ RunTime:0.0006s ]
SQL: SELECT img_title as tl,img_url as bimg,img_brief as dt,img_info1 as if1,img_info2 as if2,img_time as tm,img_atl as lk FROM `t_club_img` WHERE ( img_type='1' and club_id='40' )  [ RunTime:0.0005s ]
NOTIC: [8] Undefined offset: 0 D:\XAMPP\htdocs\tahiti\Application\App\Logic\ClubLogic.class.php 第 53 行.
NOTIC: [2] array_merge(): Argument #2 is not an array D:\XAMPP\htdocs\tahiti\Application\App\Logic\ClubLogic.class.php 第 57 行.
SQL: SELECT img_title as tl,img_url as bimg,img_brief as dt,img_info1 as if1,img_info2 as if2,img_time as tm,img_atl as lk FROM `t_club_img` WHERE ( img_type='1' and club_id='38' )  [ RunTime:0.0005s ]
NOTIC: [8] Undefined offset: 0 D:\XAMPP\htdocs\tahiti\Application\App\Logic\ClubLogic.class.php 第 53 行.
NOTIC: [2] array_merge(): Argument #2 is not an array D:\XAMPP\htdocs\tahiti\Application\App\Logic\ClubLogic.class.php 第 57 行.
SQL: SELECT img_title as tl,img_url as bimg,img_brief as dt,img_info1 as if1,img_info2 as if2,img_time as tm,img_atl as lk FROM `t_club_img` WHERE ( img_type='1' and club_id='42' )  [ RunTime:0.0005s ]
NOTIC: [8] Undefined offset: 0 D:\XAMPP\htdocs\tahiti\Application\App\Logic\ClubLogic.class.php 第 53 行.
NOTIC: [2] array_merge(): Argument #2 is not an array D:\XAMPP\htdocs\tahiti\Application\App\Logic\ClubLogic.class.php 第 57 行.
SQL: SELECT img_title as tl,img_url as bimg,img_brief as dt,img_info1 as if1,img_info2 as if2,img_time as tm,img_atl as lk FROM `t_club_img` WHERE ( img_type='1' and club_id='43' )  [ RunTime:0.0005s ]
NOTIC: [8] Undefined offset: 0 D:\XAMPP\htdocs\tahiti\Application\App\Logic\ClubLogic.class.php 第 53 行.
NOTIC: [2] array_merge(): Argument #2 is not an array D:\XAMPP\htdocs\tahiti\Application\App\Logic\ClubLogic.class.php 第 57 行.
INFO: [ app_end ] --START--
INFO: Run Behavior\ShowPageTraceBehavior [ RunTime:0.001549s ]
INFO: [ app_end ] --END-- [ RunTime:0.001654s ]

[ 2015-05-16T14:30:43+08:00 ] ::1 /tahiti/hotimg?rid=1234&ct=10&city=3&co=39.916649,116.388001&un=aaa@tahiti.com&uid=e3f24599f1f3a1ddf4&tp=-1
INFO: [ app_init ] --START--
INFO: Run Behavior\BuildLiteBehavior [ RunTime:0.000011s ]
INFO: [ app_init ] --END-- [ RunTime:0.000353s ]
INFO: [ app_begin ] --START--
INFO: Run Behavior\ReadHtmlCacheBehavior [ RunTime:0.000505s ]
INFO: [ app_begin ] --END-- [ RunTime:0.000543s ]
SQL: SHOW COLUMNS FROM `t_club_base` [ RunTime:0.0052s ]
SQL: SHOW COLUMNS FROM `t_club_event` [ RunTime:0.0046s ]
SQL: SHOW COLUMNS FROM `t_club_detail` [ RunTime:0.0050s ]
SQL: SHOW COLUMNS FROM `t_club_img` [ RunTime:0.0047s ]
SQL: SELECT club_id as cid,`club_lat`,`club_lng` FROM `t_club_base` WHERE ( club_city = '3'  ) ORDER BY club_follow desc LIMIT 10   [ RunTime:0.0008s ]
SQL: SELECT img_title as tl,img_url as bimg,img_brief as dt,img_info1 as if1,img_info2 as if2,img_time as tm,img_atl as lk FROM `t_club_img` WHERE ( img_type='1' and club_id='2' )  [ RunTime:0.0006s ]
SQL: SELECT img_title as tl,img_url as bimg,img_brief as dt,img_info1 as if1,img_info2 as if2,img_time as tm,img_atl as lk FROM `t_club_img` WHERE ( img_type='1' and club_id='40' )  [ RunTime:0.0005s ]
NOTIC: [8] Undefined offset: 0 D:\XAMPP\htdocs\tahiti\Application\App\Logic\ClubLogic.class.php 第 53 行.
NOTIC: [2] array_merge(): Argument #2 is not an array D:\XAMPP\htdocs\tahiti\Application\App\Logic\ClubLogic.class.php 第 57 行.
SQL: SELECT img_title as tl,img_url as bimg,img_brief as dt,img_info1 as if1,img_info2 as if2,img_time as tm,img_atl as lk FROM `t_club_img` WHERE ( img_type='1' and club_id='38' )  [ RunTime:0.0005s ]
NOTIC: [8] Undefined offset: 0 D:\XAMPP\htdocs\tahiti\Application\App\Logic\ClubLogic.class.php 第 53 行.
NOTIC: [2] array_merge(): Argument #2 is not an array D:\XAMPP\htdocs\tahiti\Application\App\Logic\ClubLogic.class.php 第 57 行.
SQL: SELECT img_title as tl,img_url as bimg,img_brief as dt,img_info1 as if1,img_info2 as if2,img_time as tm,img_atl as lk FROM `t_club_img` WHERE ( img_type='1' and club_id='42' )  [ RunTime:0.0005s ]
NOTIC: [8] Undefined offset: 0 D:\XAMPP\htdocs\tahiti\Application\App\Logic\ClubLogic.class.php 第 53 行.
NOTIC: [2] array_merge(): Argument #2 is not an array D:\XAMPP\htdocs\tahiti\Application\App\Logic\ClubLogic.class.php 第 57 行.
SQL: SELECT img_title as tl,img_url as bimg,img_brief as dt,img_info1 as if1,img_info2 as if2,img_time as tm,img_atl as lk FROM `t_club_img` WHERE ( img_type='1' and club_id='43' )  [ RunTime:0.0005s ]
NOTIC: [8] Undefined offset: 0 D:\XAMPP\htdocs\tahiti\Application\App\Logic\ClubLogic.class.php 第 53 行.
NOTIC: [2] array_merge(): Argument #2 is not an array D:\XAMPP\htdocs\tahiti\Application\App\Logic\ClubLogic.class.php 第 57 行.
INFO: [ app_end ] --START--
INFO: Run Behavior\ShowPageTraceBehavior [ RunTime:0.001369s ]
INFO: [ app_end ] --END-- [ RunTime:0.001455s ]

[ 2015-05-16T14:32:28+08:00 ] ::1 /tahiti/hotimg?rid=1234&ct=10&city=3&co=39.916649,116.388001&un=aaa@tahiti.com&uid=e3f24599f1f3a1ddf4&tp=-1
INFO: [ app_init ] --START--
INFO: Run Behavior\BuildLiteBehavior [ RunTime:0.000011s ]
INFO: [ app_init ] --END-- [ RunTime:0.000334s ]
INFO: [ app_begin ] --START--
INFO: Run Behavior\ReadHtmlCacheBehavior [ RunTime:0.000548s ]
INFO: [ app_begin ] --END-- [ RunTime:0.000585s ]
SQL: SHOW COLUMNS FROM `t_club_base` [ RunTime:0.0053s ]
SQL: SHOW COLUMNS FROM `t_club_event` [ RunTime:0.0048s ]
SQL: SHOW COLUMNS FROM `t_club_detail` [ RunTime:0.0045s ]
SQL: SHOW COLUMNS FROM `t_club_img` [ RunTime:0.0048s ]
SQL: SELECT club_id as cid,`club_lat`,`club_lng` FROM `t_club_base` WHERE ( club_city = '3'  ) ORDER BY club_follow desc LIMIT 10   [ RunTime:0.0007s ]
SQL: SELECT img_title as tl,img_url as bimg,img_brief as dt,img_info1 as if1,img_info2 as if2,img_time as tm,img_atl as lk FROM `t_club_img` WHERE ( img_type='1' and club_id='2' )  [ RunTime:0.0006s ]
SQL: SELECT img_title as tl,img_url as bimg,img_brief as dt,img_info1 as if1,img_info2 as if2,img_time as tm,img_atl as lk FROM `t_club_img` WHERE ( img_type='1' and club_id='40' )  [ RunTime:0.0005s ]
NOTIC: [8] Undefined offset: 0 D:\XAMPP\htdocs\tahiti\Application\App\Logic\ClubLogic.class.php 第 53 行.
SQL: SELECT img_title as tl,img_url as bimg,img_brief as dt,img_info1 as if1,img_info2 as if2,img_time as tm,img_atl as lk FROM `t_club_img` WHERE ( img_type='1' and club_id='38' )  [ RunTime:0.0005s ]
NOTIC: [8] Undefined offset: 0 D:\XAMPP\htdocs\tahiti\Application\App\Logic\ClubLogic.class.php 第 53 行.
SQL: SELECT img_title as tl,img_url as bimg,img_brief as dt,img_info1 as if1,img_info2 as if2,img_time as tm,img_atl as lk FROM `t_club_img` WHERE ( img_type='1' and club_id='42' )  [ RunTime:0.0005s ]
NOTIC: [8] Undefined offset: 0 D:\XAMPP\htdocs\tahiti\Application\App\Logic\ClubLogic.class.php 第 53 行.
SQL: SELECT img_title as tl,img_url as bimg,img_brief as dt,img_info1 as if1,img_info2 as if2,img_time as tm,img_atl as lk FROM `t_club_img` WHERE ( img_type='1' and club_id='43' )  [ RunTime:0.0005s ]
NOTIC: [8] Undefined offset: 0 D:\XAMPP\htdocs\tahiti\Application\App\Logic\ClubLogic.class.php 第 53 行.
INFO: [ app_end ] --START--
INFO: Run Behavior\ShowPageTraceBehavior [ RunTime:0.001485s ]
INFO: [ app_end ] --END-- [ RunTime:0.001572s ]

