[ 2015-04-25T15:34:11+08:00 ] 127.0.0.1 /tahiti/
INFO: [ app_init ] --START--
INFO: Run Behavior\BuildLiteBehavior [ RunTime:0.000018s ]
INFO: [ app_init ] --END-- [ RunTime:0.010677s ]
INFO: [ app_begin ] --START--
INFO: Run Behavior\ReadHtmlCacheBehavior [ RunTime:0.011048s ]
INFO: [ app_begin ] --END-- [ RunTime:0.011089s ]
INFO: [ app_end ] --START--
INFO: Run Behavior\ShowPageTraceBehavior [ RunTime:0.010226s ]
INFO: [ app_end ] --END-- [ RunTime:0.010265s ]

[ 2015-04-25T15:34:25+08:00 ] 127.0.0.1 /tahiti/
INFO: [ app_init ] --START--
INFO: Run Behavior\BuildLiteBehavior [ RunTime:0.000011s ]
INFO: [ app_init ] --END-- [ RunTime:0.000379s ]
INFO: [ app_begin ] --START--
INFO: Run Behavior\ReadHtmlCacheBehavior [ RunTime:0.000592s ]
INFO: [ app_begin ] --END-- [ RunTime:0.000653s ]
INFO: [ app_end ] --START--
INFO: Run Behavior\ShowPageTraceBehavior [ RunTime:0.000605s ]
INFO: [ app_end ] --END-- [ RunTime:0.000644s ]

[ 2015-04-25T15:34:26+08:00 ] 127.0.0.1 /tahiti/search
INFO: [ app_init ] --START--
INFO: Run Behavior\BuildLiteBehavior [ RunTime:0.000019s ]
INFO: [ app_init ] --END-- [ RunTime:0.000544s ]
INFO: [ app_begin ] --START--
INFO: Run Behavior\ReadHtmlCacheBehavior [ RunTime:0.000636s ]
INFO: [ app_begin ] --END-- [ RunTime:0.000684s ]
ERR: 参数错误或者未定义:rid

[ 2015-04-25T15:35:51+08:00 ] 127.0.0.1 /tahiti/search
INFO: [ app_init ] --START--
INFO: Run Behavior\BuildLiteBehavior [ RunTime:0.000011s ]
INFO: [ app_init ] --END-- [ RunTime:0.000328s ]
INFO: [ app_begin ] --START--
INFO: Run Behavior\ReadHtmlCacheBehavior [ RunTime:0.000471s ]
INFO: [ app_begin ] --END-- [ RunTime:0.000510s ]
ERR: 参数错误或者未定义:rid

[ 2015-04-25T15:35:52+08:00 ] 127.0.0.1 /tahiti/search
INFO: [ app_init ] --START--
INFO: Run Behavior\BuildLiteBehavior [ RunTime:0.000012s ]
INFO: [ app_init ] --END-- [ RunTime:0.000333s ]
INFO: [ app_begin ] --START--
INFO: Run Behavior\ReadHtmlCacheBehavior [ RunTime:0.000478s ]
INFO: [ app_begin ] --END-- [ RunTime:0.000518s ]
ERR: 参数错误或者未定义:rid

[ 2015-04-25T15:36:01+08:00 ] 127.0.0.1 /tahiti/search
INFO: [ app_init ] --START--
INFO: Run Behavior\BuildLiteBehavior [ RunTime:0.000012s ]
INFO: [ app_init ] --END-- [ RunTime:0.000330s ]
INFO: [ app_begin ] --START--
INFO: Run Behavior\ReadHtmlCacheBehavior [ RunTime:0.000472s ]
INFO: [ app_begin ] --END-- [ RunTime:0.000511s ]
ERR: 参数错误或者未定义:rid

[ 2015-04-25T15:36:01+08:00 ] 127.0.0.1 /tahiti/search
INFO: [ app_init ] --START--
INFO: Run Behavior\BuildLiteBehavior [ RunTime:0.000012s ]
INFO: [ app_init ] --END-- [ RunTime:0.000326s ]
INFO: [ app_begin ] --START--
INFO: Run Behavior\ReadHtmlCacheBehavior [ RunTime:0.000468s ]
INFO: [ app_begin ] --END-- [ RunTime:0.000507s ]
ERR: 参数错误或者未定义:rid

[ 2015-04-25T15:36:02+08:00 ] 127.0.0.1 /tahiti/search
INFO: [ app_init ] --START--
INFO: Run Behavior\BuildLiteBehavior [ RunTime:0.000020s ]
INFO: [ app_init ] --END-- [ RunTime:0.000582s ]
INFO: [ app_begin ] --START--
INFO: Run Behavior\ReadHtmlCacheBehavior [ RunTime:0.000844s ]
INFO: [ app_begin ] --END-- [ RunTime:0.000921s ]
ERR: 参数错误或者未定义:rid

[ 2015-04-25T15:38:47+08:00 ] 127.0.0.1 /tahiti/index.php
INFO: [ app_init ] --START--
INFO: Run Behavior\BuildLiteBehavior [ RunTime:0.000012s ]
INFO: [ app_init ] --END-- [ RunTime:0.000410s ]
INFO: [ app_begin ] --START--
INFO: Run Behavior\ReadHtmlCacheBehavior [ RunTime:0.000659s ]
INFO: [ app_begin ] --END-- [ RunTime:0.000705s ]
ERR: 非法操作:index.php

[ 2015-04-25T15:39:33+08:00 ] 127.0.0.1 /tahiti/index.php
INFO: [ app_init ] --START--
INFO: Run Behavior\BuildLiteBehavior [ RunTime:0.000011s ]
INFO: [ app_init ] --END-- [ RunTime:0.000320s ]
INFO: [ app_begin ] --START--
INFO: Run Behavior\ReadHtmlCacheBehavior [ RunTime:0.000467s ]
INFO: [ app_begin ] --END-- [ RunTime:0.000506s ]
ERR: 非法操作:index.php

[ 2015-04-25T15:39:34+08:00 ] 127.0.0.1 /tahiti/index.php
INFO: [ app_init ] --START--
INFO: Run Behavior\BuildLiteBehavior [ RunTime:0.000012s ]
INFO: [ app_init ] --END-- [ RunTime:0.000329s ]
INFO: [ app_begin ] --START--
INFO: Run Behavior\ReadHtmlCacheBehavior [ RunTime:0.000474s ]
INFO: [ app_begin ] --END-- [ RunTime:0.000513s ]
ERR: 非法操作:index.php

[ 2015-04-25T15:39:47+08:00 ] 127.0.0.1 /tahiti/index.php
INFO: [ app_init ] --START--
INFO: Run Behavior\BuildLiteBehavior [ RunTime:0.000012s ]
INFO: [ app_init ] --END-- [ RunTime:0.000324s ]
INFO: [ app_begin ] --START--
INFO: Run Behavior\ReadHtmlCacheBehavior [ RunTime:0.000470s ]
INFO: [ app_begin ] --END-- [ RunTime:0.000508s ]
ERR: 非法操作:index.php

[ 2015-04-25T15:40:18+08:00 ] 127.0.0.1 /tahiti/index.php
INFO: [ app_init ] --START--
INFO: Run Behavior\BuildLiteBehavior [ RunTime:0.000012s ]
INFO: [ app_init ] --END-- [ RunTime:0.000370s ]
INFO: [ app_begin ] --START--
INFO: Run Behavior\ReadHtmlCacheBehavior [ RunTime:0.000515s ]
INFO: [ app_begin ] --END-- [ RunTime:0.000554s ]
ERR: 非法操作:index.php

[ 2015-04-25T15:40:19+08:00 ] 127.0.0.1 /tahiti/index.php
INFO: [ app_init ] --START--
INFO: Run Behavior\BuildLiteBehavior [ RunTime:0.000017s ]
INFO: [ app_init ] --END-- [ RunTime:0.000545s ]
INFO: [ app_begin ] --START--
INFO: Run Behavior\ReadHtmlCacheBehavior [ RunTime:0.000800s ]
INFO: [ app_begin ] --END-- [ RunTime:0.000864s ]
ERR: 非法操作:index.php

[ 2015-04-25T15:40:20+08:00 ] 127.0.0.1 /tahiti/index.php
INFO: [ app_init ] --START--
INFO: Run Behavior\BuildLiteBehavior [ RunTime:0.000012s ]
INFO: [ app_init ] --END-- [ RunTime:0.000399s ]
INFO: [ app_begin ] --START--
INFO: Run Behavior\ReadHtmlCacheBehavior [ RunTime:0.000497s ]
INFO: [ app_begin ] --END-- [ RunTime:0.000537s ]
ERR: 非法操作:index.php

[ 2015-04-25T15:40:20+08:00 ] 127.0.0.1 /tahiti/index.php
INFO: [ app_init ] --START--
INFO: Run Behavior\BuildLiteBehavior [ RunTime:0.000020s ]
INFO: [ app_init ] --END-- [ RunTime:0.000572s ]
INFO: [ app_begin ] --START--
INFO: Run Behavior\ReadHtmlCacheBehavior [ RunTime:0.001014s ]
INFO: [ app_begin ] --END-- [ RunTime:0.001142s ]
ERR: 非法操作:index.php

[ 2015-04-25T15:40:21+08:00 ] 127.0.0.1 /tahiti/index.php
INFO: [ app_init ] --START--
INFO: Run Behavior\BuildLiteBehavior [ RunTime:0.000011s ]
INFO: [ app_init ] --END-- [ RunTime:0.000340s ]
INFO: [ app_begin ] --START--
INFO: Run Behavior\ReadHtmlCacheBehavior [ RunTime:0.000504s ]
INFO: [ app_begin ] --END-- [ RunTime:0.000545s ]
ERR: 非法操作:index.php

[ 2015-04-25T15:40:32+08:00 ] 127.0.0.1 /tahiti/index.php
INFO: [ app_init ] --START--
INFO: Run Behavior\BuildLiteBehavior [ RunTime:0.000015s ]
INFO: [ app_init ] --END-- [ RunTime:0.000460s ]
INFO: [ app_begin ] --START--
INFO: Run Behavior\ReadHtmlCacheBehavior [ RunTime:0.000659s ]
INFO: [ app_begin ] --END-- [ RunTime:0.000713s ]
ERR: 非法操作:index.php

[ 2015-04-25T15:40:33+08:00 ] 127.0.0.1 /tahiti/index.php
INFO: [ app_init ] --START--
INFO: Run Behavior\BuildLiteBehavior [ RunTime:0.000012s ]
INFO: [ app_init ] --END-- [ RunTime:0.000339s ]
INFO: [ app_begin ] --START--
INFO: Run Behavior\ReadHtmlCacheBehavior [ RunTime:0.000488s ]
INFO: [ app_begin ] --END-- [ RunTime:0.000527s ]
ERR: 非法操作:index.php

[ 2015-04-25T15:40:49+08:00 ] 127.0.0.1 /tahiti/index.php
INFO: [ app_init ] --START--
INFO: Run Behavior\BuildLiteBehavior [ RunTime:0.000015s ]
INFO: [ app_init ] --END-- [ RunTime:0.000487s ]
INFO: [ app_begin ] --START--
INFO: Run Behavior\ReadHtmlCacheBehavior [ RunTime:0.000778s ]
INFO: [ app_begin ] --END-- [ RunTime:0.000835s ]
ERR: 非法操作:index.php

[ 2015-04-25T15:41:32+08:00 ] 127.0.0.1 /tahiti/index.php
INFO: [ app_init ] --START--
INFO: Run Behavior\BuildLiteBehavior [ RunTime:0.000017s ]
INFO: [ app_init ] --END-- [ RunTime:0.000386s ]
INFO: [ app_begin ] --START--
INFO: Run Behavior\ReadHtmlCacheBehavior [ RunTime:0.000492s ]
INFO: [ app_begin ] --END-- [ RunTime:0.000533s ]
ERR: 非法操作:index.php

[ 2015-04-25T15:41:45+08:00 ] 127.0.0.1 /tahiti/index.php
INFO: [ app_init ] --START--
INFO: Run Behavior\BuildLiteBehavior [ RunTime:0.000012s ]
INFO: [ app_init ] --END-- [ RunTime:0.000327s ]
INFO: [ app_begin ] --START--
INFO: Run Behavior\ReadHtmlCacheBehavior [ RunTime:0.000479s ]
INFO: [ app_begin ] --END-- [ RunTime:0.000518s ]
ERR: 非法操作:index.php

[ 2015-04-25T15:44:06+08:00 ] 127.0.0.1 /tahiti/index.php
INFO: [ app_init ] --START--
INFO: Run Behavior\BuildLiteBehavior [ RunTime:0.000027s ]
INFO: [ app_init ] --END-- [ RunTime:0.000929s ]
INFO: [ app_begin ] --START--
INFO: Run Behavior\ReadHtmlCacheBehavior [ RunTime:0.001516s ]
INFO: [ app_begin ] --END-- [ RunTime:0.001617s ]
INFO: [ app_end ] --START--
INFO: Run Behavior\ShowPageTraceBehavior [ RunTime:0.001405s ]
INFO: [ app_end ] --END-- [ RunTime:0.001509s ]

[ 2015-04-25T15:45:25+08:00 ] 127.0.0.1 /tahiti/index.php
INFO: [ app_init ] --START--
INFO: Run Behavior\BuildLiteBehavior [ RunTime:0.000016s ]
INFO: [ app_init ] --END-- [ RunTime:0.000518s ]
INFO: [ app_begin ] --START--
INFO: Run Behavior\ReadHtmlCacheBehavior [ RunTime:0.000722s ]
INFO: [ app_begin ] --END-- [ RunTime:0.000783s ]
INFO: [ app_end ] --START--
INFO: Run Behavior\ShowPageTraceBehavior [ RunTime:0.000667s ]
INFO: [ app_end ] --END-- [ RunTime:0.000721s ]

[ 2015-04-25T15:45:28+08:00 ] 127.0.0.1 /tahiti/index.php/search
INFO: [ app_init ] --START--
INFO: Run Behavior\BuildLiteBehavior [ RunTime:0.000019s ]
INFO: [ app_init ] --END-- [ RunTime:0.000676s ]
INFO: [ app_begin ] --START--
INFO: Run Behavior\ReadHtmlCacheBehavior [ RunTime:0.000803s ]
INFO: [ app_begin ] --END-- [ RunTime:0.000877s ]
ERR: 无法加载控制器:Search

[ 2015-04-25T15:45:54+08:00 ] 127.0.0.1 /tahiti/
INFO: [ app_init ] --START--
INFO: Run Behavior\BuildLiteBehavior [ RunTime:0.000011s ]
INFO: [ app_init ] --END-- [ RunTime:0.000416s ]
INFO: [ app_begin ] --START--
INFO: Run Behavior\ReadHtmlCacheBehavior [ RunTime:0.000687s ]
INFO: [ app_begin ] --END-- [ RunTime:0.000763s ]
INFO: [ app_end ] --START--
INFO: Run Behavior\ShowPageTraceBehavior [ RunTime:0.000591s ]
INFO: [ app_end ] --END-- [ RunTime:0.000651s ]

[ 2015-04-25T15:45:59+08:00 ] 127.0.0.1 /tahiti/search
INFO: [ app_init ] --START--
INFO: Run Behavior\BuildLiteBehavior [ RunTime:0.000018s ]
INFO: [ app_init ] --END-- [ RunTime:0.000525s ]
INFO: [ app_begin ] --START--
INFO: Run Behavior\ReadHtmlCacheBehavior [ RunTime:0.000844s ]
INFO: [ app_begin ] --END-- [ RunTime:0.000914s ]
ERR: 参数错误或者未定义:rid

[ 2015-04-25T15:46:14+08:00 ] 127.0.0.1 /tahiti/search?rid=1234&ct=10&city=1001&co=39.916649,116.388001&wd=bbba&un=aaa@tahiti.com&wd=aaa%20aa&uid=e3f24599f1f3a1ddf4
INFO: [ app_init ] --START--
INFO: Run Behavior\BuildLiteBehavior [ RunTime:0.000017s ]
INFO: [ app_init ] --END-- [ RunTime:0.000566s ]
INFO: [ app_begin ] --START--
INFO: Run Behavior\ReadHtmlCacheBehavior [ RunTime:0.000850s ]
INFO: [ app_begin ] --END-- [ RunTime:0.000909s ]

[ 2015-04-25T15:46:36+08:00 ] 127.0.0.1 /tahiti/search?rid=1234&ct=10&city=1001&co=39.916649,116.388001&wd=bbba&un=aaa@tahiti.com&wd=aaa%20aa&uid=e3f24599f1f3a1ddf4
INFO: [ app_init ] --START--
INFO: Run Behavior\BuildLiteBehavior [ RunTime:0.000013s ]
INFO: [ app_init ] --END-- [ RunTime:0.000393s ]
INFO: [ app_begin ] --START--
INFO: Run Behavior\ReadHtmlCacheBehavior [ RunTime:0.000593s ]
INFO: [ app_begin ] --END-- [ RunTime:0.000635s ]

[ 2015-04-25T15:46:45+08:00 ] 127.0.0.1 /tahiti/search?rid=1234&ct=10&city=1001&co=39.916649,116.388001&wd=bbba&un=aaa@tahiti.com&wd=aaa%20aa&uid=e3f24599f1f3a1ddf4
INFO: [ app_init ] --START--
INFO: Run Behavior\BuildLiteBehavior [ RunTime:0.000011s ]
INFO: [ app_init ] --END-- [ RunTime:0.000323s ]
INFO: [ app_begin ] --START--
INFO: Run Behavior\ReadHtmlCacheBehavior [ RunTime:0.000471s ]
INFO: [ app_begin ] --END-- [ RunTime:0.000511s ]
ERR: SQLSTATE[42S02]: Base table or view not found: 1146 Table 'tahiti.t_clubclub' doesn't exist

[ 2015-04-25T15:48:28+08:00 ] 127.0.0.1 /tahiti/search?rid=1234&ct=10&city=1001&co=39.916649,116.388001&wd=bbba&un=aaa@tahiti.com&wd=aaa%20aa&uid=e3f24599f1f3a1ddf4
INFO: [ app_init ] --START--
INFO: Run Behavior\BuildLiteBehavior [ RunTime:0.000013s ]
INFO: [ app_init ] --END-- [ RunTime:0.000374s ]
INFO: [ app_begin ] --START--
INFO: Run Behavior\ReadHtmlCacheBehavior [ RunTime:0.000573s ]
INFO: [ app_begin ] --END-- [ RunTime:0.000616s ]
ERR: SQLSTATE[42S02]: Base table or view not found: 1146 Table 'tahiti.t_clubclub' doesn't exist

[ 2015-04-25T15:48:30+08:00 ] 127.0.0.1 /tahiti/search?rid=1234&ct=10&city=1001&co=39.916649,116.388001&wd=bbba&un=aaa@tahiti.com&wd=aaa%20aa&uid=e3f24599f1f3a1ddf4
INFO: [ app_init ] --START--
INFO: Run Behavior\BuildLiteBehavior [ RunTime:0.000012s ]
INFO: [ app_init ] --END-- [ RunTime:0.000325s ]
INFO: [ app_begin ] --START--
INFO: Run Behavior\ReadHtmlCacheBehavior [ RunTime:0.000473s ]
INFO: [ app_begin ] --END-- [ RunTime:0.000513s ]
ERR: SQLSTATE[42S02]: Base table or view not found: 1146 Table 'tahiti.t_clubclub' doesn't exist

[ 2015-04-25T15:53:54+08:00 ] 127.0.0.1 /tahiti/search?rid=1234&ct=10&city=1001&co=39.916649,116.388001&wd=bbba&un=aaa@tahiti.com&wd=aaa%20aa&uid=e3f24599f1f3a1ddf4
INFO: [ app_init ] --START--
INFO: Run Behavior\BuildLiteBehavior [ RunTime:0.000012s ]
INFO: [ app_init ] --END-- [ RunTime:0.000361s ]
INFO: [ app_begin ] --START--
INFO: Run Behavior\ReadHtmlCacheBehavior [ RunTime:0.000565s ]
INFO: [ app_begin ] --END-- [ RunTime:0.000604s ]

[ 2015-04-25T15:53:55+08:00 ] 127.0.0.1 /tahiti/search?rid=1234&ct=10&city=1001&co=39.916649,116.388001&wd=bbba&un=aaa@tahiti.com&wd=aaa%20aa&uid=e3f24599f1f3a1ddf4
INFO: [ app_init ] --START--
INFO: Run Behavior\BuildLiteBehavior [ RunTime:0.000016s ]
INFO: [ app_init ] --END-- [ RunTime:0.000402s ]
INFO: [ app_begin ] --START--
INFO: Run Behavior\ReadHtmlCacheBehavior [ RunTime:0.000495s ]
INFO: [ app_begin ] --END-- [ RunTime:0.000536s ]

[ 2015-04-25T15:53:59+08:00 ] 127.0.0.1 /tahiti/search?rid=1234&ct=10&city=1001&co=39.916649,116.388001&wd=bbba&un=aaa@tahiti.com&wd=aaa%20aa&uid=e3f24599f1f3a1ddf4
INFO: [ app_init ] --START--
INFO: Run Behavior\BuildLiteBehavior [ RunTime:0.000016s ]
INFO: [ app_init ] --END-- [ RunTime:0.000587s ]
INFO: [ app_begin ] --START--
INFO: Run Behavior\ReadHtmlCacheBehavior [ RunTime:0.000872s ]
INFO: [ app_begin ] --END-- [ RunTime:0.000969s ]

[ 2015-04-25T15:54:00+08:00 ] 127.0.0.1 /tahiti/search?rid=1234&ct=10&city=1001&co=39.916649,116.388001&wd=bbba&un=aaa@tahiti.com&wd=aaa%20aa&uid=e3f24599f1f3a1ddf4
INFO: [ app_init ] --START--
INFO: Run Behavior\BuildLiteBehavior [ RunTime:0.000024s ]
INFO: [ app_init ] --END-- [ RunTime:0.000709s ]
INFO: [ app_begin ] --START--
INFO: Run Behavior\ReadHtmlCacheBehavior [ RunTime:0.001053s ]
INFO: [ app_begin ] --END-- [ RunTime:0.001141s ]

[ 2015-04-25T15:54:00+08:00 ] 127.0.0.1 /tahiti/search?rid=1234&ct=10&city=1001&co=39.916649,116.388001&wd=bbba&un=aaa@tahiti.com&wd=aaa%20aa&uid=e3f24599f1f3a1ddf4
INFO: [ app_init ] --START--
INFO: Run Behavior\BuildLiteBehavior [ RunTime:0.000012s ]
INFO: [ app_init ] --END-- [ RunTime:0.000334s ]
INFO: [ app_begin ] --START--
INFO: Run Behavior\ReadHtmlCacheBehavior [ RunTime:0.000501s ]
INFO: [ app_begin ] --END-- [ RunTime:0.000544s ]

[ 2015-04-25T23:01:18+08:00 ] 127.0.0.1 /tahiti/search?rid=1234&ct=10&city=1001&co=39.916649,116.388001&wd=bbba&un=aaa@tahiti.com&wd=aaa%20aa&uid=e3f24599f1f3a1ddf4
INFO: [ app_init ] --START--
INFO: Run Behavior\BuildLiteBehavior [ RunTime:0.000011s ]
INFO: [ app_init ] --END-- [ RunTime:0.000354s ]
INFO: [ app_begin ] --START--
INFO: Run Behavior\ReadHtmlCacheBehavior [ RunTime:0.000636s ]
INFO: [ app_begin ] --END-- [ RunTime:0.000677s ]

[ 2015-04-25T23:01:19+08:00 ] 127.0.0.1 /tahiti/search?rid=1234&ct=10&city=1001&co=39.916649,116.388001&wd=bbba&un=aaa@tahiti.com&wd=aaa%20aa&uid=e3f24599f1f3a1ddf4
INFO: [ app_init ] --START--
INFO: Run Behavior\BuildLiteBehavior [ RunTime:0.000017s ]
INFO: [ app_init ] --END-- [ RunTime:0.000496s ]
INFO: [ app_begin ] --START--
INFO: Run Behavior\ReadHtmlCacheBehavior [ RunTime:0.000684s ]
INFO: [ app_begin ] --END-- [ RunTime:0.000740s ]

[ 2015-04-25T23:02:46+08:00 ] 127.0.0.1 /tahiti/search?rid=1234&ct=10&city=1001&co=39.916649,116.388001&wd=bbba&un=aaa@tahiti.com&wd=aaa%20aa&uid=e3f24599f1f3a1ddf4
INFO: [ app_init ] --START--
INFO: Run Behavior\BuildLiteBehavior [ RunTime:0.000011s ]
INFO: [ app_init ] --END-- [ RunTime:0.000365s ]
INFO: [ app_begin ] --START--
INFO: Run Behavior\ReadHtmlCacheBehavior [ RunTime:0.000614s ]
INFO: [ app_begin ] --END-- [ RunTime:0.000654s ]

[ 2015-04-25T23:02:47+08:00 ] 127.0.0.1 /tahiti/search?rid=1234&ct=10&city=1001&co=39.916649,116.388001&wd=bbba&un=aaa@tahiti.com&wd=aaa%20aa&uid=e3f24599f1f3a1ddf4
INFO: [ app_init ] --START--
INFO: Run Behavior\BuildLiteBehavior [ RunTime:0.000011s ]
INFO: [ app_init ] --END-- [ RunTime:0.000325s ]
INFO: [ app_begin ] --START--
INFO: Run Behavior\ReadHtmlCacheBehavior [ RunTime:0.000469s ]
INFO: [ app_begin ] --END-- [ RunTime:0.000507s ]

[ 2015-04-25T23:04:51+08:00 ] 127.0.0.1 /tahiti/search?rid=1234&ct=10&city=1001&co=39.916649,116.388001&wd=bbba&un=aaa@tahiti.com&wd=aaa%20aa&uid=e3f24599f1f3a1ddf4
INFO: [ app_init ] --START--
INFO: Run Behavior\BuildLiteBehavior [ RunTime:0.000012s ]
INFO: [ app_init ] --END-- [ RunTime:0.000364s ]
INFO: [ app_begin ] --START--
INFO: Run Behavior\ReadHtmlCacheBehavior [ RunTime:0.000568s ]
INFO: [ app_begin ] --END-- [ RunTime:0.000608s ]

[ 2015-04-25T23:05:09+08:00 ] 127.0.0.1 /tahiti/search?rid=1234&ct=10&city=1001&co=39.916649,116.388001&wd=bbba&un=aaa@tahiti.com&wd=aaa%20aa&uid=e3f24599f1f3a1ddf4
INFO: [ app_init ] --START--
INFO: Run Behavior\BuildLiteBehavior [ RunTime:0.000011s ]
INFO: [ app_init ] --END-- [ RunTime:0.000319s ]
INFO: [ app_begin ] --START--
INFO: Run Behavior\ReadHtmlCacheBehavior [ RunTime:0.000466s ]
INFO: [ app_begin ] --END-- [ RunTime:0.000504s ]
ERR: SQLSTATE[42S02]: Base table or view not found: 1146 Table 'tahiti.t_clubclub' doesn't exist

[ 2015-04-25T23:05:17+08:00 ] 127.0.0.1 /tahiti/search?rid=1234&ct=10&city=1001&co=39.916649,116.388001&wd=bbba&un=aaa@tahiti.com&wd=aaa%20aa&uid=e3f24599f1f3a1ddf4
INFO: [ app_init ] --START--
INFO: Run Behavior\BuildLiteBehavior [ RunTime:0.000012s ]
INFO: [ app_init ] --END-- [ RunTime:0.000328s ]
INFO: [ app_begin ] --START--
INFO: Run Behavior\ReadHtmlCacheBehavior [ RunTime:0.000473s ]
INFO: [ app_begin ] --END-- [ RunTime:0.000511s ]
ERR: SQLSTATE[42S02]: Base table or view not found: 1146 Table 'tahiti.t_clubclub' doesn't exist

[ 2015-04-25T23:05:27+08:00 ] 127.0.0.1 /tahiti/search?rid=1234&ct=10&city=1001&co=39.916649,116.388001&wd=bbba&un=aaa@tahiti.com&wd=aaa%20aa&uid=e3f24599f1f3a1ddf4
INFO: [ app_init ] --START--
INFO: Run Behavior\BuildLiteBehavior [ RunTime:0.000017s ]
INFO: [ app_init ] --END-- [ RunTime:0.000502s ]
INFO: [ app_begin ] --START--
INFO: Run Behavior\ReadHtmlCacheBehavior [ RunTime:0.000736s ]
INFO: [ app_begin ] --END-- [ RunTime:0.000795s ]
ERR: SQLSTATE[42S02]: Base table or view not found: 1146 Table 'tahiti.t_clubclub' doesn't exist

[ 2015-04-25T23:09:42+08:00 ] 127.0.0.1 /tahiti/search?rid=1234&ct=10&city=1001&co=39.916649,116.388001&wd=bbba&un=aaa@tahiti.com&wd=aaa%20aa&uid=e3f24599f1f3a1ddf4
INFO: [ app_init ] --START--
INFO: Run Behavior\BuildLiteBehavior [ RunTime:0.000018s ]
INFO: [ app_init ] --END-- [ RunTime:0.000621s ]
INFO: [ app_begin ] --START--
INFO: Run Behavior\ReadHtmlCacheBehavior [ RunTime:0.001007s ]
INFO: [ app_begin ] --END-- [ RunTime:0.001076s ]

[ 2015-04-25T23:10:49+08:00 ] 127.0.0.1 /tahiti/search?rid=1234&ct=10&city=1001&co=39.916649,116.388001&wd=bbba&un=aaa@tahiti.com&wd=aaa%20aa&uid=e3f24599f1f3a1ddf4
INFO: [ app_init ] --START--
INFO: Run Behavior\BuildLiteBehavior [ RunTime:0.000011s ]
INFO: [ app_init ] --END-- [ RunTime:0.000324s ]
INFO: [ app_begin ] --START--
INFO: Run Behavior\ReadHtmlCacheBehavior [ RunTime:0.000469s ]
INFO: [ app_begin ] --END-- [ RunTime:0.000507s ]

[ 2015-04-25T23:11:22+08:00 ] 127.0.0.1 /tahiti/search?rid=1234&ct=10&city=1001&co=39.916649,116.388001&wd=bbba&un=aaa@tahiti.com&wd=aaa%20aa&uid=e3f24599f1f3a1ddf4
INFO: [ app_init ] --START--
INFO: Run Behavior\BuildLiteBehavior [ RunTime:0.000014s ]
INFO: [ app_init ] --END-- [ RunTime:0.000434s ]
INFO: [ app_begin ] --START--
INFO: Run Behavior\ReadHtmlCacheBehavior [ RunTime:0.000638s ]
INFO: [ app_begin ] --END-- [ RunTime:0.000691s ]
ERR: SQLSTATE[42S02]: Base table or view not found: 1146 Table 'tahiti.t_clubclub' doesn't exist

[ 2015-04-25T23:12:17+08:00 ] 127.0.0.1 /tahiti/search?rid=1234&ct=10&city=1001&co=39.916649,116.388001&wd=bbba&un=aaa@tahiti.com&wd=aaa%20aa&uid=e3f24599f1f3a1ddf4
INFO: [ app_init ] --START--
INFO: Run Behavior\BuildLiteBehavior [ RunTime:0.000026s ]
INFO: [ app_init ] --END-- [ RunTime:0.000915s ]
INFO: [ app_begin ] --START--
INFO: Run Behavior\ReadHtmlCacheBehavior [ RunTime:0.001527s ]
INFO: [ app_begin ] --END-- [ RunTime:0.001631s ]
ERR: SQLSTATE[42S02]: Base table or view not found: 1146 Table 'tahiti.t_clubclub' doesn't exist

[ 2015-04-25T23:12:20+08:00 ] 127.0.0.1 /tahiti/search?rid=1234&ct=10&city=1001&co=39.916649,116.388001&wd=bbba&un=aaa@tahiti.com&wd=aaa%20aa&uid=e3f24599f1f3a1ddf4
INFO: [ app_init ] --START--
INFO: Run Behavior\BuildLiteBehavior [ RunTime:0.000012s ]
INFO: [ app_init ] --END-- [ RunTime:0.000347s ]
INFO: [ app_begin ] --START--
INFO: Run Behavior\ReadHtmlCacheBehavior [ RunTime:0.000478s ]
INFO: [ app_begin ] --END-- [ RunTime:0.000516s ]
ERR: SQLSTATE[42S02]: Base table or view not found: 1146 Table 'tahiti.t_clubclub' doesn't exist

[ 2015-04-25T23:13:00+08:00 ] 127.0.0.1 /tahiti/search?rid=1234&ct=10&city=1001&co=39.916649,116.388001&wd=bbba&un=aaa@tahiti.com&wd=aaa%20aa&uid=e3f24599f1f3a1ddf4
INFO: [ app_init ] --START--
INFO: Run Behavior\BuildLiteBehavior [ RunTime:0.000016s ]
INFO: [ app_init ] --END-- [ RunTime:0.000513s ]
INFO: [ app_begin ] --START--
INFO: Run Behavior\ReadHtmlCacheBehavior [ RunTime:0.000684s ]
INFO: [ app_begin ] --END-- [ RunTime:0.000741s ]
ERR: SQLSTATE[42S02]: Base table or view not found: 1146 Table 'tahiti.t_clubclub' doesn't exist

[ 2015-04-25T23:13:57+08:00 ] 127.0.0.1 /tahiti/search?rid=1234&ct=10&city=1001&co=39.916649,116.388001&wd=bbba&un=aaa@tahiti.com&wd=aaa%20aa&uid=e3f24599f1f3a1ddf4
INFO: [ app_init ] --START--
INFO: Run Behavior\BuildLiteBehavior [ RunTime:0.000012s ]
INFO: [ app_init ] --END-- [ RunTime:0.000350s ]
INFO: [ app_begin ] --START--
INFO: Run Behavior\ReadHtmlCacheBehavior [ RunTime:0.000488s ]
INFO: [ app_begin ] --END-- [ RunTime:0.000530s ]

[ 2015-04-25T23:13:59+08:00 ] 127.0.0.1 /tahiti/search?rid=1234&ct=10&city=1001&co=39.916649,116.388001&wd=bbba&un=aaa@tahiti.com&wd=aaa%20aa&uid=e3f24599f1f3a1ddf4
INFO: [ app_init ] --START--
INFO: Run Behavior\BuildLiteBehavior [ RunTime:0.000012s ]
INFO: [ app_init ] --END-- [ RunTime:0.000318s ]
INFO: [ app_begin ] --START--
INFO: Run Behavior\ReadHtmlCacheBehavior [ RunTime:0.000471s ]
INFO: [ app_begin ] --END-- [ RunTime:0.000512s ]

[ 2015-04-25T23:14:10+08:00 ] 127.0.0.1 /tahiti/search?rid=1234&ct=10&city=1001&co=39.916649,116.388001&wd=bbba&un=aaa@tahiti.com&wd=aaa%20aa&uid=e3f24599f1f3a1ddf4
INFO: [ app_init ] --START--
INFO: Run Behavior\BuildLiteBehavior [ RunTime:0.000011s ]
INFO: [ app_init ] --END-- [ RunTime:0.000332s ]
INFO: [ app_begin ] --START--
INFO: Run Behavior\ReadHtmlCacheBehavior [ RunTime:0.000473s ]
INFO: [ app_begin ] --END-- [ RunTime:0.000513s ]

[ 2015-04-25T23:14:11+08:00 ] 127.0.0.1 /tahiti/search?rid=1234&ct=10&city=1001&co=39.916649,116.388001&wd=bbba&un=aaa@tahiti.com&wd=aaa%20aa&uid=e3f24599f1f3a1ddf4
INFO: [ app_init ] --START--
INFO: Run Behavior\BuildLiteBehavior [ RunTime:0.000012s ]
INFO: [ app_init ] --END-- [ RunTime:0.000329s ]
INFO: [ app_begin ] --START--
INFO: Run Behavior\ReadHtmlCacheBehavior [ RunTime:0.000476s ]
INFO: [ app_begin ] --END-- [ RunTime:0.000517s ]

[ 2015-04-25T23:15:04+08:00 ] 127.0.0.1 /tahiti/search?rid=1234&ct=10&city=1001&co=39.916649,116.388001&wd=bbba&un=aaa@tahiti.com&wd=aaa%20aa&uid=e3f24599f1f3a1ddf4
INFO: [ app_init ] --START--
INFO: Run Behavior\BuildLiteBehavior [ RunTime:0.000010s ]
INFO: [ app_init ] --END-- [ RunTime:0.000353s ]
INFO: [ app_begin ] --START--
INFO: Run Behavior\ReadHtmlCacheBehavior [ RunTime:0.000562s ]
INFO: [ app_begin ] --END-- [ RunTime:0.000601s ]

[ 2015-04-25T23:15:07+08:00 ] 127.0.0.1 /tahiti/search?rid=1234&ct=10&city=1001&co=39.916649,116.388001&wd=bbba&un=aaa@tahiti.com&wd=aaa%20aa&uid=e3f24599f1f3a1ddf4
INFO: [ app_init ] --START--
INFO: Run Behavior\BuildLiteBehavior [ RunTime:0.000011s ]
INFO: [ app_init ] --END-- [ RunTime:0.000321s ]
INFO: [ app_begin ] --START--
INFO: Run Behavior\ReadHtmlCacheBehavior [ RunTime:0.000473s ]
INFO: [ app_begin ] --END-- [ RunTime:0.000512s ]

[ 2015-04-25T23:15:08+08:00 ] 127.0.0.1 /tahiti/search?rid=1234&ct=10&city=1001&co=39.916649,116.388001&wd=bbba&un=aaa@tahiti.com&wd=aaa%20aa&uid=e3f24599f1f3a1ddf4
INFO: [ app_init ] --START--
INFO: Run Behavior\BuildLiteBehavior [ RunTime:0.000011s ]
INFO: [ app_init ] --END-- [ RunTime:0.000320s ]
INFO: [ app_begin ] --START--
INFO: Run Behavior\ReadHtmlCacheBehavior [ RunTime:0.000467s ]
INFO: [ app_begin ] --END-- [ RunTime:0.000506s ]

[ 2015-04-25T23:15:09+08:00 ] 127.0.0.1 /tahiti/search?rid=1234&ct=10&city=1001&co=39.916649,116.388001&wd=bbba&un=aaa@tahiti.com&wd=aaa%20aa&uid=e3f24599f1f3a1ddf4
INFO: [ app_init ] --START--
INFO: Run Behavior\BuildLiteBehavior [ RunTime:0.000024s ]
INFO: [ app_init ] --END-- [ RunTime:0.000715s ]
INFO: [ app_begin ] --START--
INFO: Run Behavior\ReadHtmlCacheBehavior [ RunTime:0.001102s ]
INFO: [ app_begin ] --END-- [ RunTime:0.001192s ]

[ 2015-04-25T23:15:09+08:00 ] 127.0.0.1 /tahiti/search?rid=1234&ct=10&city=1001&co=39.916649,116.388001&wd=bbba&un=aaa@tahiti.com&wd=aaa%20aa&uid=e3f24599f1f3a1ddf4
INFO: [ app_init ] --START--
INFO: Run Behavior\BuildLiteBehavior [ RunTime:0.000012s ]
INFO: [ app_init ] --END-- [ RunTime:0.000324s ]
INFO: [ app_begin ] --START--
INFO: Run Behavior\ReadHtmlCacheBehavior [ RunTime:0.000468s ]
INFO: [ app_begin ] --END-- [ RunTime:0.000506s ]

[ 2015-04-25T23:15:09+08:00 ] 127.0.0.1 /tahiti/search?rid=1234&ct=10&city=1001&co=39.916649,116.388001&wd=bbba&un=aaa@tahiti.com&wd=aaa%20aa&uid=e3f24599f1f3a1ddf4
INFO: [ app_init ] --START--
INFO: Run Behavior\BuildLiteBehavior [ RunTime:0.000011s ]
INFO: [ app_init ] --END-- [ RunTime:0.000329s ]
INFO: [ app_begin ] --START--
INFO: Run Behavior\ReadHtmlCacheBehavior [ RunTime:0.000482s ]
INFO: [ app_begin ] --END-- [ RunTime:0.000520s ]

[ 2015-04-25T23:15:10+08:00 ] 127.0.0.1 /tahiti/search?rid=1234&ct=10&city=1001&co=39.916649,116.388001&wd=bbba&un=aaa@tahiti.com&wd=aaa%20aa&uid=e3f24599f1f3a1ddf4
INFO: [ app_init ] --START--
INFO: Run Behavior\BuildLiteBehavior [ RunTime:0.000012s ]
INFO: [ app_init ] --END-- [ RunTime:0.000383s ]
INFO: [ app_begin ] --START--
INFO: Run Behavior\ReadHtmlCacheBehavior [ RunTime:0.000503s ]
INFO: [ app_begin ] --END-- [ RunTime:0.000546s ]

[ 2015-04-25T23:15:11+08:00 ] 127.0.0.1 /tahiti/search?rid=1234&ct=10&city=1001&co=39.916649,116.388001&wd=bbba&un=aaa@tahiti.com&wd=aaa%20aa&uid=e3f24599f1f3a1ddf4
INFO: [ app_init ] --START--
INFO: Run Behavior\BuildLiteBehavior [ RunTime:0.000010s ]
INFO: [ app_init ] --END-- [ RunTime:0.000322s ]
INFO: [ app_begin ] --START--
INFO: Run Behavior\ReadHtmlCacheBehavior [ RunTime:0.000474s ]
INFO: [ app_begin ] --END-- [ RunTime:0.000512s ]

[ 2015-04-25T23:17:30+08:00 ] 127.0.0.1 /tahiti/search?rid=1234&ct=10&city=1001&co=39.916649,116.388001&wd=bbba&un=aaa@tahiti.com&wd=aaa%20aa&uid=e3f24599f1f3a1ddf4
INFO: [ app_init ] --START--
INFO: Run Behavior\BuildLiteBehavior [ RunTime:0.000013s ]
INFO: [ app_init ] --END-- [ RunTime:0.000421s ]
INFO: [ app_begin ] --START--
INFO: Run Behavior\ReadHtmlCacheBehavior [ RunTime:0.000573s ]
INFO: [ app_begin ] --END-- [ RunTime:0.000612s ]
ERR: SQLSTATE[42S02]: Base table or view not found: 1146 Table 'tahiti.t_clubclub' doesn't exist

[ 2015-04-25T23:18:56+08:00 ] 127.0.0.1 /tahiti/search?rid=1234&ct=10&city=1001&co=39.916649,116.388001&wd=bbba&un=aaa@tahiti.com&wd=aaa%20aa&uid=e3f24599f1f3a1ddf4
INFO: [ app_init ] --START--
INFO: Run Behavior\BuildLiteBehavior [ RunTime:0.000011s ]
INFO: [ app_init ] --END-- [ RunTime:0.000320s ]
INFO: [ app_begin ] --START--
INFO: Run Behavior\ReadHtmlCacheBehavior [ RunTime:0.000472s ]
INFO: [ app_begin ] --END-- [ RunTime:0.000510s ]
ERR: SQLSTATE[42S02]: Base table or view not found: 1146 Table 'tahiti.t_clubclub' doesn't exist

[ 2015-04-25T23:20:19+08:00 ] 127.0.0.1 /tahiti/search?rid=1234&ct=10&city=1001&co=39.916649,116.388001&wd=bbba&un=aaa@tahiti.com&wd=aaa%20aa&uid=e3f24599f1f3a1ddf4
INFO: [ app_init ] --START--
INFO: Run Behavior\BuildLiteBehavior [ RunTime:0.000012s ]
INFO: [ app_init ] --END-- [ RunTime:0.000360s ]
INFO: [ app_begin ] --START--
INFO: Run Behavior\ReadHtmlCacheBehavior [ RunTime:0.000568s ]
INFO: [ app_begin ] --END-- [ RunTime:0.000608s ]
ERR: SQLSTATE[42S02]: Base table or view not found: 1146 Table 'tahiti.t_clubbase' doesn't exist

[ 2015-04-25T23:20:46+08:00 ] 127.0.0.1 /tahiti/search?rid=1234&ct=10&city=1001&co=39.916649,116.388001&wd=bbba&un=aaa@tahiti.com&wd=aaa%20aa&uid=e3f24599f1f3a1ddf4
INFO: [ app_init ] --START--
INFO: Run Behavior\BuildLiteBehavior [ RunTime:0.000011s ]
INFO: [ app_init ] --END-- [ RunTime:0.000355s ]
INFO: [ app_begin ] --START--
INFO: Run Behavior\ReadHtmlCacheBehavior [ RunTime:0.000477s ]
INFO: [ app_begin ] --END-- [ RunTime:0.000514s ]
ERR: SQLSTATE[42S02]: Base table or view not found: 1146 Table 'tahiti.t_clubbase' doesn't exist

[ 2015-04-25T23:21:06+08:00 ] 127.0.0.1 /tahiti/search?rid=1234&ct=10&city=1001&co=39.916649,116.388001&wd=bbba&un=aaa@tahiti.com&wd=aaa%20aa&uid=e3f24599f1f3a1ddf4
INFO: [ app_init ] --START--
INFO: Run Behavior\BuildLiteBehavior [ RunTime:0.000028s ]
INFO: [ app_init ] --END-- [ RunTime:0.000829s ]
INFO: [ app_begin ] --START--
INFO: Run Behavior\ReadHtmlCacheBehavior [ RunTime:0.001208s ]
INFO: [ app_begin ] --END-- [ RunTime:0.001307s ]
ERR: SQLSTATE[42S02]: Base table or view not found: 1146 Table 'tahiti.t_clubbase' doesn't exist

[ 2015-04-25T23:21:47+08:00 ] 127.0.0.1 /tahiti/search?rid=1234&ct=10&city=1001&co=39.916649,116.388001&wd=bbba&un=aaa@tahiti.com&wd=aaa%20aa&uid=e3f24599f1f3a1ddf4
INFO: [ app_init ] --START--
INFO: Run Behavior\BuildLiteBehavior [ RunTime:0.000011s ]
INFO: [ app_init ] --END-- [ RunTime:0.000324s ]
INFO: [ app_begin ] --START--
INFO: Run Behavior\ReadHtmlCacheBehavior [ RunTime:0.000472s ]
INFO: [ app_begin ] --END-- [ RunTime:0.000509s ]
ERR: SQLSTATE[42S02]: Base table or view not found: 1146 Table 'tahiti.t_clubbase' doesn't exist

[ 2015-04-25T23:21:48+08:00 ] 127.0.0.1 /tahiti/search?rid=1234&ct=10&city=1001&co=39.916649,116.388001&wd=bbba&un=aaa@tahiti.com&wd=aaa%20aa&uid=e3f24599f1f3a1ddf4
INFO: [ app_init ] --START--
INFO: Run Behavior\BuildLiteBehavior [ RunTime:0.000018s ]
INFO: [ app_init ] --END-- [ RunTime:0.000492s ]
INFO: [ app_begin ] --START--
INFO: Run Behavior\ReadHtmlCacheBehavior [ RunTime:0.000740s ]
INFO: [ app_begin ] --END-- [ RunTime:0.000804s ]
ERR: SQLSTATE[42S02]: Base table or view not found: 1146 Table 'tahiti.t_clubbase' doesn't exist

[ 2015-04-25T23:22:15+08:00 ] 127.0.0.1 /tahiti/search?rid=1234&ct=10&city=1001&co=39.916649,116.388001&wd=bbba&un=aaa@tahiti.com&wd=aaa%20aa&uid=e3f24599f1f3a1ddf4
INFO: [ app_init ] --START--
INFO: Run Behavior\BuildLiteBehavior [ RunTime:0.000019s ]
INFO: [ app_init ] --END-- [ RunTime:0.000528s ]
INFO: [ app_begin ] --START--
INFO: Run Behavior\ReadHtmlCacheBehavior [ RunTime:0.000744s ]
INFO: [ app_begin ] --END-- [ RunTime:0.000804s ]
ERR: SQLSTATE[42S02]: Base table or view not found: 1146 Table 'tahiti.t_clubbase' doesn't exist

[ 2015-04-25T23:22:32+08:00 ] 127.0.0.1 /tahiti/search?rid=1234&ct=10&city=1001&co=39.916649,116.388001&wd=bbba&un=aaa@tahiti.com&wd=aaa%20aa&uid=e3f24599f1f3a1ddf4
INFO: [ app_init ] --START--
INFO: Run Behavior\BuildLiteBehavior [ RunTime:0.000012s ]
INFO: [ app_init ] --END-- [ RunTime:0.000362s ]
INFO: [ app_begin ] --START--
INFO: Run Behavior\ReadHtmlCacheBehavior [ RunTime:0.000665s ]
INFO: [ app_begin ] --END-- [ RunTime:0.000706s ]
ERR: SQLSTATE[42S02]: Base table or view not found: 1146 Table 'tahiti.t_clubbase' doesn't exist

[ 2015-04-25T23:22:51+08:00 ] 127.0.0.1 /tahiti/search?rid=1234&ct=10&city=1001&co=39.916649,116.388001&wd=bbba&un=aaa@tahiti.com&wd=aaa%20aa&uid=e3f24599f1f3a1ddf4
INFO: [ app_init ] --START--
INFO: Run Behavior\BuildLiteBehavior [ RunTime:0.000018s ]
INFO: [ app_init ] --END-- [ RunTime:0.000535s ]
INFO: [ app_begin ] --START--
INFO: Run Behavior\ReadHtmlCacheBehavior [ RunTime:0.000799s ]
INFO: [ app_begin ] --END-- [ RunTime:0.000861s ]
ERR: SQLSTATE[42S02]: Base table or view not found: 1146 Table 'tahiti.t_clubbase' doesn't exist

[ 2015-04-25T23:23:03+08:00 ] 127.0.0.1 /tahiti/search?rid=1234&ct=10&city=1001&co=39.916649,116.388001&wd=bbba&un=aaa@tahiti.com&wd=aaa%20aa&uid=e3f24599f1f3a1ddf4
INFO: [ app_init ] --START--
INFO: Run Behavior\BuildLiteBehavior [ RunTime:0.000020s ]
INFO: [ app_init ] --END-- [ RunTime:0.000509s ]
INFO: [ app_begin ] --START--
INFO: Run Behavior\ReadHtmlCacheBehavior [ RunTime:0.000761s ]
INFO: [ app_begin ] --END-- [ RunTime:0.000820s ]
ERR: SQLSTATE[42S02]: Base table or view not found: 1146 Table 'tahiti.t_clubcity' doesn't exist

[ 2015-04-25T23:23:18+08:00 ] 127.0.0.1 /tahiti/search?rid=1234&ct=10&city=1001&co=39.916649,116.388001&wd=bbba&un=aaa@tahiti.com&wd=aaa%20aa&uid=e3f24599f1f3a1ddf4
INFO: [ app_init ] --START--
INFO: Run Behavior\BuildLiteBehavior [ RunTime:0.000014s ]
INFO: [ app_init ] --END-- [ RunTime:0.000421s ]
INFO: [ app_begin ] --START--
INFO: Run Behavior\ReadHtmlCacheBehavior [ RunTime:0.000624s ]
INFO: [ app_begin ] --END-- [ RunTime:0.000676s ]
SQL: SHOW COLUMNS FROM `t_club_city` [ RunTime:0.0066s ]

[ 2015-04-25T23:23:29+08:00 ] 127.0.0.1 /tahiti/search?rid=1234&ct=10&city=1001&co=39.916649,116.388001&wd=bbba&un=aaa@tahiti.com&wd=aaa%20aa&uid=e3f24599f1f3a1ddf4
INFO: [ app_init ] --START--
INFO: Run Behavior\BuildLiteBehavior [ RunTime:0.000013s ]
INFO: [ app_init ] --END-- [ RunTime:0.000332s ]
INFO: [ app_begin ] --START--
INFO: Run Behavior\ReadHtmlCacheBehavior [ RunTime:0.000474s ]
INFO: [ app_begin ] --END-- [ RunTime:0.000512s ]
SQL: SHOW COLUMNS FROM `t_club_base` [ RunTime:0.0040s ]

[ 2015-04-25T23:23:50+08:00 ] 127.0.0.1 /tahiti/search?rid=1234&ct=10&city=1001&co=39.916649,116.388001&wd=bbba&un=aaa@tahiti.com&wd=aaa%20aa&uid=e3f24599f1f3a1ddf4
INFO: [ app_init ] --START--
INFO: Run Behavior\BuildLiteBehavior [ RunTime:0.000018s ]
INFO: [ app_init ] --END-- [ RunTime:0.000544s ]
INFO: [ app_begin ] --START--
INFO: Run Behavior\ReadHtmlCacheBehavior [ RunTime:0.000792s ]
INFO: [ app_begin ] --END-- [ RunTime:0.000860s ]

[ 2015-04-25T23:24:01+08:00 ] 127.0.0.1 /tahiti/search?rid=1234&ct=10&city=1001&co=39.916649,116.388001&wd=bbba&un=aaa@tahiti.com&wd=aaa%20aa&uid=e3f24599f1f3a1ddf4
INFO: [ app_init ] --START--
INFO: Run Behavior\BuildLiteBehavior [ RunTime:0.000011s ]
INFO: [ app_init ] --END-- [ RunTime:0.000320s ]
INFO: [ app_begin ] --START--
INFO: Run Behavior\ReadHtmlCacheBehavior [ RunTime:0.000480s ]
INFO: [ app_begin ] --END-- [ RunTime:0.000519s ]
SQL: SHOW COLUMNS FROM `t_club_base` [ RunTime:0.0067s ]

[ 2015-04-25T23:24:19+08:00 ] 127.0.0.1 /tahiti/search?rid=1234&ct=10&city=1001&co=39.916649,116.388001&wd=bbba&un=aaa@tahiti.com&wd=aaa%20aa&uid=e3f24599f1f3a1ddf4
INFO: [ app_init ] --START--
INFO: Run Behavior\BuildLiteBehavior [ RunTime:0.000012s ]
INFO: [ app_init ] --END-- [ RunTime:0.000330s ]
INFO: [ app_begin ] --START--
INFO: Run Behavior\ReadHtmlCacheBehavior [ RunTime:0.000475s ]
INFO: [ app_begin ] --END-- [ RunTime:0.000513s ]
SQL: SHOW COLUMNS FROM `t_club_base` [ RunTime:0.0073s ]

[ 2015-04-25T23:24:41+08:00 ] 127.0.0.1 /tahiti/search?rid=1234&ct=10&city=1001&co=39.916649,116.388001&wd=bbba&un=aaa@tahiti.com&wd=aaa%20aa&uid=e3f24599f1f3a1ddf4
INFO: [ app_init ] --START--
INFO: Run Behavior\BuildLiteBehavior [ RunTime:0.000018s ]
INFO: [ app_init ] --END-- [ RunTime:0.000584s ]
INFO: [ app_begin ] --START--
INFO: Run Behavior\ReadHtmlCacheBehavior [ RunTime:0.000921s ]
INFO: [ app_begin ] --END-- [ RunTime:0.000984s ]
ERR: SQLSTATE[42S02]: Base table or view not found: 1146 Table 'tahiti.t_club_club' doesn't exist

[ 2015-04-25T23:24:53+08:00 ] 127.0.0.1 /tahiti/search?rid=1234&ct=10&city=1001&co=39.916649,116.388001&wd=bbba&un=aaa@tahiti.com&wd=aaa%20aa&uid=e3f24599f1f3a1ddf4
INFO: [ app_init ] --START--
INFO: Run Behavior\BuildLiteBehavior [ RunTime:0.000012s ]
INFO: [ app_init ] --END-- [ RunTime:0.000329s ]
INFO: [ app_begin ] --START--
INFO: Run Behavior\ReadHtmlCacheBehavior [ RunTime:0.000478s ]
INFO: [ app_begin ] --END-- [ RunTime:0.000520s ]
ERR: SQLSTATE[42S02]: Base table or view not found: 1146 Table 'tahiti.t_club_club' doesn't exist

[ 2015-04-25T23:25:11+08:00 ] 127.0.0.1 /tahiti/search?rid=1234&ct=10&city=1001&co=39.916649,116.388001&wd=bbba&un=aaa@tahiti.com&wd=aaa%20aa&uid=e3f24599f1f3a1ddf4
INFO: [ app_init ] --START--
INFO: Run Behavior\BuildLiteBehavior [ RunTime:0.000012s ]
INFO: [ app_init ] --END-- [ RunTime:0.000333s ]
INFO: [ app_begin ] --START--
INFO: Run Behavior\ReadHtmlCacheBehavior [ RunTime:0.000474s ]
INFO: [ app_begin ] --END-- [ RunTime:0.000513s ]
ERR: SQLSTATE[42S02]: Base table or view not found: 1146 Table 'tahiti.t_club_club' doesn't exist

[ 2015-04-25T23:25:20+08:00 ] 127.0.0.1 /tahiti/search?rid=1234&ct=10&city=1001&co=39.916649,116.388001&wd=bbba&un=aaa@tahiti.com&wd=aaa%20aa&uid=e3f24599f1f3a1ddf4
INFO: [ app_init ] --START--
INFO: Run Behavior\BuildLiteBehavior [ RunTime:0.000014s ]
INFO: [ app_init ] --END-- [ RunTime:0.000339s ]
INFO: [ app_begin ] --START--
INFO: Run Behavior\ReadHtmlCacheBehavior [ RunTime:0.000496s ]
INFO: [ app_begin ] --END-- [ RunTime:0.000541s ]
ERR: SQLSTATE[42S02]: Base table or view not found: 1146 Table 'tahiti.t_club_club' doesn't exist

[ 2015-04-25T23:25:42+08:00 ] 127.0.0.1 /tahiti/search?rid=1234&ct=10&city=1001&co=39.916649,116.388001&wd=bbba&un=aaa@tahiti.com&wd=aaa%20aa&uid=e3f24599f1f3a1ddf4
INFO: [ app_init ] --START--
INFO: Run Behavior\BuildLiteBehavior [ RunTime:0.000010s ]
INFO: [ app_init ] --END-- [ RunTime:0.000322s ]
INFO: [ app_begin ] --START--
INFO: Run Behavior\ReadHtmlCacheBehavior [ RunTime:0.000465s ]
INFO: [ app_begin ] --END-- [ RunTime:0.000503s ]

[ 2015-04-25T23:25:49+08:00 ] 127.0.0.1 /tahiti/search?rid=1234&ct=10&city=1001&co=39.916649,116.388001&wd=bbba&un=aaa@tahiti.com&wd=aaa%20aa&uid=e3f24599f1f3a1ddf4
INFO: [ app_init ] --START--
INFO: Run Behavior\BuildLiteBehavior [ RunTime:0.000011s ]
INFO: [ app_init ] --END-- [ RunTime:0.000322s ]
INFO: [ app_begin ] --START--
INFO: Run Behavior\ReadHtmlCacheBehavior [ RunTime:0.000472s ]
INFO: [ app_begin ] --END-- [ RunTime:0.000510s ]
SQL: SHOW COLUMNS FROM `t_club_base` [ RunTime:0.0071s ]

[ 2015-04-25T23:26:05+08:00 ] 127.0.0.1 /tahiti/search?rid=1234&ct=10&city=1001&co=39.916649,116.388001&wd=bbba&un=aaa@tahiti.com&wd=aaa%20aa&uid=e3f24599f1f3a1ddf4
INFO: [ app_init ] --START--
INFO: Run Behavior\BuildLiteBehavior [ RunTime:0.000012s ]
INFO: [ app_init ] --END-- [ RunTime:0.000329s ]
INFO: [ app_begin ] --START--
INFO: Run Behavior\ReadHtmlCacheBehavior [ RunTime:0.000475s ]
INFO: [ app_begin ] --END-- [ RunTime:0.000513s ]
SQL: SHOW COLUMNS FROM `t_club_base` [ RunTime:0.0074s ]
SQL: SELECT * FROM `t_club_base` WHERE ( club_city = '1001' )  [ RunTime:0.0014s ]
INFO: [ app_end ] --START--
INFO: Run Behavior\ShowPageTraceBehavior [ RunTime:0.001469s ]
INFO: [ app_end ] --END-- [ RunTime:0.001554s ]

[ 2015-04-25T23:26:27+08:00 ] 127.0.0.1 /tahiti/search?rid=1234&ct=10&city=1001&co=39.916649,116.388001&wd=bbba&un=aaa@tahiti.com&wd=aaa%20aa&uid=e3f24599f1f3a1ddf4
INFO: [ app_init ] --START--
INFO: Run Behavior\BuildLiteBehavior [ RunTime:0.000020s ]
INFO: [ app_init ] --END-- [ RunTime:0.000341s ]
INFO: [ app_begin ] --START--
INFO: Run Behavior\ReadHtmlCacheBehavior [ RunTime:0.000496s ]
INFO: [ app_begin ] --END-- [ RunTime:0.000539s ]
SQL: SHOW COLUMNS FROM `t_club_base` [ RunTime:0.0074s ]
SQL: SELECT * FROM `t_club_base` WHERE ( club_city = '1001' )  [ RunTime:0.0013s ]
INFO: [ app_end ] --START--
INFO: Run Behavior\ShowPageTraceBehavior [ RunTime:0.001339s ]
INFO: [ app_end ] --END-- [ RunTime:0.001439s ]

[ 2015-04-25T23:26:35+08:00 ] 127.0.0.1 /tahiti/search?rid=1234&ct=10&city=0&co=39.916649,116.388001&wd=bbba&un=aaa@tahiti.com&wd=aaa%20aa&uid=e3f24599f1f3a1ddf4
INFO: [ app_init ] --START--
INFO: Run Behavior\BuildLiteBehavior [ RunTime:0.000014s ]
INFO: [ app_init ] --END-- [ RunTime:0.000386s ]
INFO: [ app_begin ] --START--
INFO: Run Behavior\ReadHtmlCacheBehavior [ RunTime:0.000501s ]
INFO: [ app_begin ] --END-- [ RunTime:0.000544s ]
SQL: SHOW COLUMNS FROM `t_club_base` [ RunTime:0.0071s ]
SQL: SELECT * FROM `t_club_base` WHERE ( club_city = '0' )  [ RunTime:0.0015s ]
INFO: [ app_end ] --START--
INFO: Run Behavior\ShowPageTraceBehavior [ RunTime:0.001296s ]
INFO: [ app_end ] --END-- [ RunTime:0.001387s ]

[ 2015-04-25T23:27:42+08:00 ] 127.0.0.1 /tahiti/search?rid=1234&ct=10&city=0&co=39.916649,116.388001&wd=bbba&un=aaa@tahiti.com&wd=aaa%20aa&uid=e3f24599f1f3a1ddf4
INFO: [ app_init ] --START--
INFO: Run Behavior\BuildLiteBehavior [ RunTime:0.000013s ]
INFO: [ app_init ] --END-- [ RunTime:0.000377s ]
INFO: [ app_begin ] --START--
INFO: Run Behavior\ReadHtmlCacheBehavior [ RunTime:0.000585s ]
INFO: [ app_begin ] --END-- [ RunTime:0.000627s ]
SQL: SHOW COLUMNS FROM `t_club_base` [ RunTime:0.0044s ]
SQL: SELECT * FROM `t_club_base` WHERE ( club_city = '0' )  [ RunTime:0.0010s ]
INFO: [ app_end ] --START--
INFO: Run Behavior\ShowPageTraceBehavior [ RunTime:0.000854s ]
INFO: [ app_end ] --END-- [ RunTime:0.000914s ]

[ 2015-04-25T23:27:44+08:00 ] 127.0.0.1 /tahiti/search?rid=1234&ct=10&city=0&co=39.916649,116.388001&wd=bbba&un=aaa@tahiti.com&wd=aaa%20aa&uid=e3f24599f1f3a1ddf4
INFO: [ app_init ] --START--
INFO: Run Behavior\BuildLiteBehavior [ RunTime:0.000010s ]
INFO: [ app_init ] --END-- [ RunTime:0.000319s ]
INFO: [ app_begin ] --START--
INFO: Run Behavior\ReadHtmlCacheBehavior [ RunTime:0.000473s ]
INFO: [ app_begin ] --END-- [ RunTime:0.000512s ]
SQL: SHOW COLUMNS FROM `t_club_base` [ RunTime:0.0072s ]
SQL: SELECT * FROM `t_club_base` WHERE ( club_city = '0' )  [ RunTime:0.0015s ]
INFO: [ app_end ] --START--
INFO: Run Behavior\ShowPageTraceBehavior [ RunTime:0.001380s ]
INFO: [ app_end ] --END-- [ RunTime:0.001472s ]

[ 2015-04-25T23:27:56+08:00 ] 127.0.0.1 /tahiti/search?rid=1234&ct=10&city=0&co=39.916649,116.388001&wd=bbba&un=aaa@tahiti.com&wd=aaa%20aa&uid=e3f24599f1f3a1ddf4
INFO: [ app_init ] --START--
INFO: Run Behavior\BuildLiteBehavior [ RunTime:0.000011s ]
INFO: [ app_init ] --END-- [ RunTime:0.000326s ]
INFO: [ app_begin ] --START--
INFO: Run Behavior\ReadHtmlCacheBehavior [ RunTime:0.000530s ]
INFO: [ app_begin ] --END-- [ RunTime:0.000572s ]
SQL: SHOW COLUMNS FROM `t_club_base` [ RunTime:0.0041s ]
SQL: SELECT * FROM `t_club_base` WHERE ( club_city = 0 )  [ RunTime:0.0009s ]
INFO: [ app_end ] --START--
INFO: Run Behavior\ShowPageTraceBehavior [ RunTime:0.000742s ]
INFO: [ app_end ] --END-- [ RunTime:0.000794s ]

[ 2015-04-25T23:29:50+08:00 ] 127.0.0.1 /tahiti/search?rid=1234&ct=10&city=0&co=39.916649,116.388001&wd=bbba&un=aaa@tahiti.com&wd=aaa%20aa&uid=e3f24599f1f3a1ddf4
INFO: [ app_init ] --START--
INFO: Run Behavior\BuildLiteBehavior [ RunTime:0.000012s ]
INFO: [ app_init ] --END-- [ RunTime:0.000377s ]
INFO: [ app_begin ] --START--
INFO: Run Behavior\ReadHtmlCacheBehavior [ RunTime:0.000595s ]
INFO: [ app_begin ] --END-- [ RunTime:0.000637s ]
SQL: SHOW COLUMNS FROM `t_club_base` [ RunTime:0.0078s ]
SQL: SELECT * FROM `t_club_base` WHERE ( club_city = 0 ) LIMIT 10   [ RunTime:0.0016s ]
INFO: [ app_end ] --START--
INFO: Run Behavior\ShowPageTraceBehavior [ RunTime:0.001562s ]
INFO: [ app_end ] --END-- [ RunTime:0.001655s ]

[ 2015-04-25T23:30:04+08:00 ] 127.0.0.1 /tahiti/search?rid=1234&ct=0&city=0&co=39.916649,116.388001&wd=bbba&un=aaa@tahiti.com&wd=aaa%20aa&uid=e3f24599f1f3a1ddf4
INFO: [ app_init ] --START--
INFO: Run Behavior\BuildLiteBehavior [ RunTime:0.000013s ]
INFO: [ app_init ] --END-- [ RunTime:0.000345s ]
INFO: [ app_begin ] --START--
INFO: Run Behavior\ReadHtmlCacheBehavior [ RunTime:0.000483s ]
INFO: [ app_begin ] --END-- [ RunTime:0.000521s ]
SQL: SHOW COLUMNS FROM `t_club_base` [ RunTime:0.0079s ]

[ 2015-04-25T23:34:50+08:00 ] 127.0.0.1 /tahiti/search?rid=1234&ct=0&city=0&co=39.916649,116.388001&wd=bbba&un=aaa@tahiti.com&wd=aaa%20aa&uid=e3f24599f1f3a1ddf4
INFO: [ app_init ] --START--
INFO: Run Behavior\BuildLiteBehavior [ RunTime:0.000018s ]
INFO: [ app_init ] --END-- [ RunTime:0.000590s ]
INFO: [ app_begin ] --START--
INFO: Run Behavior\ReadHtmlCacheBehavior [ RunTime:0.000572s ]
INFO: [ app_begin ] --END-- [ RunTime:0.000612s ]
SQL: SHOW COLUMNS FROM `t_club_base` [ RunTime:0.0072s ]

[ 2015-04-25T23:34:56+08:00 ] 127.0.0.1 /tahiti/search?rid=1234&ct=0&city=0&co=39.916649,116.388001&wd=bbba&un=aaa@tahiti.com&wd=aaa%20aa&uid=e3f24599f1f3a1ddf4
INFO: [ app_init ] --START--
INFO: Run Behavior\BuildLiteBehavior [ RunTime:0.000013s ]
INFO: [ app_init ] --END-- [ RunTime:0.000328s ]
INFO: [ app_begin ] --START--
INFO: Run Behavior\ReadHtmlCacheBehavior [ RunTime:0.000584s ]
INFO: [ app_begin ] --END-- [ RunTime:0.000626s ]
SQL: SHOW COLUMNS FROM `t_club_base` [ RunTime:0.0039s ]
ERR: param error,ct=0

[ 2015-04-25T23:35:41+08:00 ] 127.0.0.1 /tahiti/search?rid=1234&ct=0&city=0&co=39.916649,116.388001&wd=bbba&un=aaa@tahiti.com&wd=aaa%20aa&uid=e3f24599f1f3a1ddf4
ERR: param error,ct=0

[ 2015-04-25T23:35:43+08:00 ] 127.0.0.1 /tahiti/search?rid=1234&ct=0&city=0&co=39.916649,116.388001&wd=bbba&un=aaa@tahiti.com&wd=aaa%20aa&uid=e3f24599f1f3a1ddf4
ERR: param error,ct=0

[ 2015-04-25T23:36:09+08:00 ] 127.0.0.1 /tahiti/search?rid=1234&ct=0&city=0&co=39.916649,116.388001&wd=bbba&un=aaa@tahiti.com&wd=aaa%20aa&uid=e3f24599f1f3a1ddf4
ERR: param error,ct=0

[ 2015-04-25T23:36:10+08:00 ] 127.0.0.1 /tahiti/search?rid=1234&ct=0&city=0&co=39.916649,116.388001&wd=bbba&un=aaa@tahiti.com&wd=aaa%20aa&uid=e3f24599f1f3a1ddf4
ERR: param error,ct=0

[ 2015-04-25T23:36:32+08:00 ] 127.0.0.1 /tahiti/search?rid=1234&ct=0&city=0&co=39.916649,116.388001&wd=bbba&un=aaa@tahiti.com&wd=aaa%20aa&uid=e3f24599f1f3a1ddf4
ERR: param error,ct=0

[ 2015-04-25T23:36:33+08:00 ] 127.0.0.1 /tahiti/search?rid=1234&ct=0&city=0&co=39.916649,116.388001&wd=bbba&un=aaa@tahiti.com&wd=aaa%20aa&uid=e3f24599f1f3a1ddf4
ERR: param error,ct=0

[ 2015-04-25T23:36:33+08:00 ] 127.0.0.1 /tahiti/search?rid=1234&ct=0&city=0&co=39.916649,116.388001&wd=bbba&un=aaa@tahiti.com&wd=aaa%20aa&uid=e3f24599f1f3a1ddf4
ERR: param error,ct=0

[ 2015-04-25T23:36:34+08:00 ] 127.0.0.1 /tahiti/search?rid=1234&ct=0&city=0&co=39.916649,116.388001&wd=bbba&un=aaa@tahiti.com&wd=aaa%20aa&uid=e3f24599f1f3a1ddf4
ERR: param error,ct=0

[ 2015-04-25T23:38:12+08:00 ] 127.0.0.1 /tahiti/search?rid=1234&ct=0&city=0&co=39.916649,116.388001&wd=bbba&un=aaa@tahiti.com&wd=aaa%20aa&uid=e3f24599f1f3a1ddf4
INFO: [ app_init ] --START--
INFO: Run Behavior\BuildLiteBehavior [ RunTime:0.000013s ]
INFO: [ app_init ] --END-- [ RunTime:0.000455s ]
INFO: [ app_begin ] --START--
INFO: Run Behavior\ReadHtmlCacheBehavior [ RunTime:0.000611s ]
INFO: [ app_begin ] --END-- [ RunTime:0.000654s ]
SQL: SHOW COLUMNS FROM `t_club_base` [ RunTime:0.0075s ]

[ 2015-04-25T23:38:20+08:00 ] 127.0.0.1 /tahiti/search?rid=1234&ct=0&city=0&co=39.916649,116.388001&wd=bbba&un=aaa@tahiti.com&wd=aaa%20aa&uid=e3f24599f1f3a1ddf4
INFO: [ app_init ] --START--
INFO: Run Behavior\BuildLiteBehavior [ RunTime:0.000016s ]
INFO: [ app_init ] --END-- [ RunTime:0.000446s ]
INFO: [ app_begin ] --START--
INFO: Run Behavior\ReadHtmlCacheBehavior [ RunTime:0.000655s ]
INFO: [ app_begin ] --END-- [ RunTime:0.000709s ]
SQL: SHOW COLUMNS FROM `t_club_base` [ RunTime:0.0076s ]
ERR: param error,ct=0

[ 2015-04-25T23:39:51+08:00 ] 127.0.0.1 /tahiti/search?rid=1234&ct=0&city=0&co=39.916649,116.388001&wd=bbba&un=aaa@tahiti.com&wd=aaa%20aa&uid=e3f24599f1f3a1ddf4
INFO: [ app_init ] --START--
INFO: Run Behavior\BuildLiteBehavior [ RunTime:0.000016s ]
INFO: [ app_init ] --END-- [ RunTime:0.000450s ]
INFO: [ app_begin ] --START--
INFO: Run Behavior\ReadHtmlCacheBehavior [ RunTime:0.000692s ]
INFO: [ app_begin ] --END-- [ RunTime:0.000750s ]
SQL: SHOW COLUMNS FROM `t_club_base` [ RunTime:0.0071s ]
SQL: SELECT * FROM `t_club_base` WHERE ( club_city = 0 )  [ RunTime:0.0014s ]
INFO: [ app_end ] --START--
INFO: Run Behavior\ShowPageTraceBehavior [ RunTime:0.001183s ]
INFO: [ app_end ] --END-- [ RunTime:0.001256s ]

[ 2015-04-25T23:40:06+08:00 ] 127.0.0.1 /tahiti/search?rid=1234&ct=0&city=0&co=39.916649,116.388001&wd=bbba&un=aaa@tahiti.com&wd=aaa%20aa&uid=e3f24599f1f3a1ddf4
INFO: [ app_init ] --START--
INFO: Run Behavior\BuildLiteBehavior [ RunTime:0.000011s ]
INFO: [ app_init ] --END-- [ RunTime:0.000320s ]
INFO: [ app_begin ] --START--
INFO: Run Behavior\ReadHtmlCacheBehavior [ RunTime:0.000475s ]
INFO: [ app_begin ] --END-- [ RunTime:0.000514s ]
SQL: SHOW COLUMNS FROM `t_club_base` [ RunTime:0.0072s ]
SQL: SELECT * FROM `t_club_base` WHERE ( club_city = 0 )  [ RunTime:0.0015s ]
INFO: [ app_end ] --START--
INFO: Run Behavior\ShowPageTraceBehavior [ RunTime:0.001394s ]
INFO: [ app_end ] --END-- [ RunTime:0.001497s ]

[ 2015-04-25T23:40:08+08:00 ] 127.0.0.1 /tahiti/search?rid=1234&ct=0&city=0&co=39.916649,116.388001&wd=bbba&un=aaa@tahiti.com&wd=aaa%20aa&uid=e3f24599f1f3a1ddf4
INFO: [ app_init ] --START--
INFO: Run Behavior\BuildLiteBehavior [ RunTime:0.000011s ]
INFO: [ app_init ] --END-- [ RunTime:0.000331s ]
INFO: [ app_begin ] --START--
INFO: Run Behavior\ReadHtmlCacheBehavior [ RunTime:0.000474s ]
INFO: [ app_begin ] --END-- [ RunTime:0.000513s ]
SQL: SHOW COLUMNS FROM `t_club_base` [ RunTime:0.0072s ]
SQL: SELECT * FROM `t_club_base` WHERE ( club_city = 0 )  [ RunTime:0.0017s ]
INFO: [ app_end ] --START--
INFO: Run Behavior\ShowPageTraceBehavior [ RunTime:0.001386s ]
INFO: [ app_end ] --END-- [ RunTime:0.001487s ]

[ 2015-04-25T23:41:09+08:00 ] 127.0.0.1 /tahiti/search?rid=1234&ct=0&city=0&co=39.916649,116.388001&wd=bbba&un=aaa@tahiti.com&wd=aaa%20aa&uid=e3f24599f1f3a1ddf4
INFO: [ app_init ] --START--
INFO: Run Behavior\BuildLiteBehavior [ RunTime:0.000014s ]
INFO: [ app_init ] --END-- [ RunTime:0.000395s ]
INFO: [ app_begin ] --START--
INFO: Run Behavior\ReadHtmlCacheBehavior [ RunTime:0.000569s ]
INFO: [ app_begin ] --END-- [ RunTime:0.000609s ]
SQL: SHOW COLUMNS FROM `t_club_base` [ RunTime:0.0030s ]

[ 2015-04-25T23:53:35+08:00 ] 127.0.0.1 /tahiti/search?rid=1234&ct=0&city=0&co=39.916649,116.388001&wd=bbba&un=aaa@tahiti.com&wd=aaa%20aa&uid=e3f24599f1f3a1ddf4
INFO: [ app_init ] --START--
INFO: Run Behavior\BuildLiteBehavior [ RunTime:0.000011s ]
INFO: [ app_init ] --END-- [ RunTime:0.000355s ]
INFO: [ app_begin ] --START--
INFO: Run Behavior\ReadHtmlCacheBehavior [ RunTime:0.000565s ]
INFO: [ app_begin ] --END-- [ RunTime:0.000603s ]
SQL: SHOW COLUMNS FROM `t_club_base` [ RunTime:0.0030s ]
ERR: param error,ct=0

[ 2015-04-25T23:58:02+08:00 ] 127.0.0.1 /tahiti/search?rid=1234&ct=0&city=0&co=39.916649,116.388001&wd=bbba&un=aaa@tahiti.com&wd=aaa%20aa&uid=e3f24599f1f3a1ddf4
INFO: [ app_init ] --START--
INFO: Run Behavior\BuildLiteBehavior [ RunTime:0.000012s ]
INFO: [ app_init ] --END-- [ RunTime:0.000374s ]
INFO: [ app_begin ] --START--
INFO: Run Behavior\ReadHtmlCacheBehavior [ RunTime:0.000591s ]
INFO: [ app_begin ] --END-- [ RunTime:0.000631s ]
SQL: SHOW COLUMNS FROM `t_club_base` [ RunTime:0.0029s ]
ERR: param error,ct=0

[ 2015-04-25T23:58:10+08:00 ] 127.0.0.1 /tahiti/search?rid=1234&ct=0&city=0&co=39.916649,116.388001&wd=bbba&un=aaa@tahiti.com&wd=aaa%20aa&uid=e3f24599f1f3a1ddf4
INFO: [ app_init ] --START--
INFO: Run Behavior\BuildLiteBehavior [ RunTime:0.000016s ]
INFO: [ app_init ] --END-- [ RunTime:0.000606s ]
INFO: [ app_begin ] --START--
INFO: Run Behavior\ReadHtmlCacheBehavior [ RunTime:0.000969s ]
INFO: [ app_begin ] --END-- [ RunTime:0.001067s ]
SQL: SHOW COLUMNS FROM `t_club_base` [ RunTime:0.0029s ]
ERR: param error,ct=0

[ 2015-04-25T23:58:21+08:00 ] 127.0.0.1 /tahiti/search?rid=1234&ct=0&city=0&co=39.916649,116.388001&wd=bbba&un=aaa@tahiti.com&wd=aaa%20aa&uid=e3f24599f1f3a1ddf4
INFO: [ app_init ] --START--
INFO: Run Behavior\BuildLiteBehavior [ RunTime:0.000012s ]
INFO: [ app_init ] --END-- [ RunTime:0.000321s ]
INFO: [ app_begin ] --START--
INFO: Run Behavior\ReadHtmlCacheBehavior [ RunTime:0.000469s ]
INFO: [ app_begin ] --END-- [ RunTime:0.000507s ]
SQL: SHOW COLUMNS FROM `t_club_base` [ RunTime:0.0071s ]
ERR: param error,ct=0

