[ 2015-05-24T00:12:05+08:00 ] ::1 /tahiti/index.php
INFO: [ app_init ] --START--
INFO: Run Behavior\BuildLiteBehavior [ RunTime:0.000012s ]
INFO: [ app_init ] --END-- [ RunTime:0.000402s ]
INFO: [ app_begin ] --START--
INFO: Run Behavior\ReadHtmlCacheBehavior [ RunTime:0.000630s ]
INFO: [ app_begin ] --END-- [ RunTime:0.000669s ]
SQL: SHOW COLUMNS FROM `t_club_base` [ RunTime:0.0067s ]
SQL: SHOW COLUMNS FROM `t_club_event` [ RunTime:0.0056s ]
SQL: SHOW COLUMNS FROM `t_club_detail` [ RunTime:0.0058s ]
SQL: SHOW COLUMNS FROM `t_club_img` [ RunTime:0.0060s ]

[ 2015-05-24T00:12:56+08:00 ] ::1 /tahiti/index.php
INFO: [ app_init ] --START--
INFO: Run Behavior\BuildLiteBehavior [ RunTime:0.000015s ]
INFO: [ app_init ] --END-- [ RunTime:0.000530s ]
INFO: [ app_begin ] --START--
INFO: Run Behavior\ReadHtmlCacheBehavior [ RunTime:0.000786s ]
INFO: [ app_begin ] --END-- [ RunTime:0.000877s ]

[ 2015-05-24T00:12:57+08:00 ] ::1 /tahiti/index.php
INFO: [ app_init ] --START--
INFO: Run Behavior\BuildLiteBehavior [ RunTime:0.000012s ]
INFO: [ app_init ] --END-- [ RunTime:0.000384s ]
INFO: [ app_begin ] --START--
INFO: Run Behavior\ReadHtmlCacheBehavior [ RunTime:0.000489s ]
INFO: [ app_begin ] --END-- [ RunTime:0.000525s ]

[ 2015-05-24T00:13:33+08:00 ] ::1 /tahiti/index.php
INFO: [ app_init ] --START--
INFO: Run Behavior\BuildLiteBehavior [ RunTime:0.000010s ]
INFO: [ app_init ] --END-- [ RunTime:0.000309s ]
INFO: [ app_begin ] --START--
INFO: Run Behavior\ReadHtmlCacheBehavior [ RunTime:0.000500s ]
INFO: [ app_begin ] --END-- [ RunTime:0.000538s ]
SQL: SHOW COLUMNS FROM `t_club_base` [ RunTime:0.0062s ]
SQL: SHOW COLUMNS FROM `t_club_event` [ RunTime:0.0058s ]
SQL: SHOW COLUMNS FROM `t_club_detail` [ RunTime:0.0056s ]
SQL: SHOW COLUMNS FROM `t_club_img` [ RunTime:0.0061s ]

[ 2015-05-24T00:15:36+08:00 ] ::1 /tahiti/index.php
INFO: [ app_init ] --START--
INFO: Run Behavior\BuildLiteBehavior [ RunTime:0.000016s ]
INFO: [ app_init ] --END-- [ RunTime:0.000553s ]
INFO: [ app_begin ] --START--
INFO: Run Behavior\ReadHtmlCacheBehavior [ RunTime:0.000862s ]
INFO: [ app_begin ] --END-- [ RunTime:0.000922s ]
SQL: SHOW COLUMNS FROM `t_club_base` [ RunTime:0.0061s ]
SQL: SHOW COLUMNS FROM `t_club_event` [ RunTime:0.0055s ]
SQL: SHOW COLUMNS FROM `t_club_detail` [ RunTime:0.0054s ]
SQL: SHOW COLUMNS FROM `t_club_img` [ RunTime:0.0056s ]

[ 2015-05-24T00:15:38+08:00 ] ::1 /tahiti/index.php
INFO: [ app_init ] --START--
INFO: Run Behavior\BuildLiteBehavior [ RunTime:0.000013s ]
INFO: [ app_init ] --END-- [ RunTime:0.000383s ]
INFO: [ app_begin ] --START--
INFO: Run Behavior\ReadHtmlCacheBehavior [ RunTime:0.000503s ]
INFO: [ app_begin ] --END-- [ RunTime:0.000544s ]
SQL: SHOW COLUMNS FROM `t_club_base` [ RunTime:0.0063s ]
SQL: SHOW COLUMNS FROM `t_club_event` [ RunTime:0.0060s ]
SQL: SHOW COLUMNS FROM `t_club_detail` [ RunTime:0.0058s ]
SQL: SHOW COLUMNS FROM `t_club_img` [ RunTime:0.0062s ]

[ 2015-05-24T00:15:49+08:00 ] ::1 /tahiti/index.php
INFO: [ app_init ] --START--
INFO: Run Behavior\BuildLiteBehavior [ RunTime:0.000009s ]
INFO: [ app_init ] --END-- [ RunTime:0.000333s ]
INFO: [ app_begin ] --START--
INFO: Run Behavior\ReadHtmlCacheBehavior [ RunTime:0.000463s ]
INFO: [ app_begin ] --END-- [ RunTime:0.000501s ]
SQL: SHOW COLUMNS FROM `t_club_base` [ RunTime:0.0061s ]
SQL: SHOW COLUMNS FROM `t_club_event` [ RunTime:0.0056s ]
SQL: SHOW COLUMNS FROM `t_club_detail` [ RunTime:0.0056s ]
SQL: SHOW COLUMNS FROM `t_club_img` [ RunTime:0.0058s ]

[ 2015-05-24T00:17:07+08:00 ] ::1 /tahiti/index.php
INFO: [ app_init ] --START--
INFO: Run Behavior\BuildLiteBehavior [ RunTime:0.000010s ]
INFO: [ app_init ] --END-- [ RunTime:0.000357s ]
INFO: [ app_begin ] --START--
INFO: Run Behavior\ReadHtmlCacheBehavior [ RunTime:0.000476s ]
INFO: [ app_begin ] --END-- [ RunTime:0.000515s ]
SQL: SHOW COLUMNS FROM `t_club_base` [ RunTime:0.0064s ]
SQL: SHOW COLUMNS FROM `t_club_event` [ RunTime:0.0055s ]
SQL: SHOW COLUMNS FROM `t_club_detail` [ RunTime:0.0055s ]
SQL: SHOW COLUMNS FROM `t_club_img` [ RunTime:0.0058s ]

[ 2015-05-24T00:18:36+08:00 ] ::1 /tahiti/index.php?s=/app/index/index
INFO: [ app_init ] --START--
INFO: Run Behavior\BuildLiteBehavior [ RunTime:0.000014s ]
INFO: [ app_init ] --END-- [ RunTime:0.000412s ]
INFO: [ app_begin ] --START--
INFO: Run Behavior\ReadHtmlCacheBehavior [ RunTime:0.000563s ]
INFO: [ app_begin ] --END-- [ RunTime:0.000605s ]
SQL: SHOW COLUMNS FROM `t_club_base` [ RunTime:0.0063s ]
SQL: SHOW COLUMNS FROM `t_club_event` [ RunTime:0.0060s ]
SQL: SHOW COLUMNS FROM `t_club_detail` [ RunTime:0.0057s ]
SQL: SHOW COLUMNS FROM `t_club_img` [ RunTime:0.0059s ]

[ 2015-05-24T00:18:47+08:00 ] ::1 /tahiti/index
INFO: [ app_init ] --START--
INFO: Run Behavior\BuildLiteBehavior [ RunTime:0.000011s ]
INFO: [ app_init ] --END-- [ RunTime:0.000367s ]
INFO: [ app_begin ] --START--
INFO: Run Behavior\ReadHtmlCacheBehavior [ RunTime:0.000691s ]
INFO: [ app_begin ] --END-- [ RunTime:0.000737s ]
SQL: SHOW COLUMNS FROM `t_club_base` [ RunTime:0.0026s ]
SQL: SHOW COLUMNS FROM `t_club_event` [ RunTime:0.0022s ]
SQL: SHOW COLUMNS FROM `t_club_detail` [ RunTime:0.0022s ]
SQL: SHOW COLUMNS FROM `t_club_img` [ RunTime:0.0024s ]

[ 2015-05-24T00:21:46+08:00 ] ::1 /tahiti/index
INFO: [ app_init ] --START--
INFO: Run Behavior\BuildLiteBehavior [ RunTime:0.000010s ]
INFO: [ app_init ] --END-- [ RunTime:0.000379s ]
INFO: [ app_begin ] --START--
INFO: Run Behavior\ReadHtmlCacheBehavior [ RunTime:0.000649s ]
INFO: [ app_begin ] --END-- [ RunTime:0.000689s ]
SQL: SHOW COLUMNS FROM `t_club_base` [ RunTime:0.0068s ]
SQL: SHOW COLUMNS FROM `t_club_event` [ RunTime:0.0056s ]
SQL: SHOW COLUMNS FROM `t_club_detail` [ RunTime:0.0055s ]
SQL: SHOW COLUMNS FROM `t_club_img` [ RunTime:0.0058s ]

[ 2015-05-24T00:22:23+08:00 ] ::1 /tahiti/index
INFO: [ app_init ] --START--
INFO: Run Behavior\BuildLiteBehavior [ RunTime:0.000024s ]
INFO: [ app_init ] --END-- [ RunTime:0.000819s ]
INFO: [ app_begin ] --START--
INFO: Run Behavior\ReadHtmlCacheBehavior [ RunTime:0.001296s ]
INFO: [ app_begin ] --END-- [ RunTime:0.001388s ]
SQL: SHOW COLUMNS FROM `t_club_base` [ RunTime:0.0064s ]
SQL: SHOW COLUMNS FROM `t_club_event` [ RunTime:0.0042s ]
SQL: SHOW COLUMNS FROM `t_club_detail` [ RunTime:0.0024s ]
SQL: SHOW COLUMNS FROM `t_club_img` [ RunTime:0.0022s ]

[ 2015-05-24T00:37:36+08:00 ] ::1 /tahiti/index
INFO: [ app_init ] --START--
INFO: Run Behavior\BuildLiteBehavior [ RunTime:0.000012s ]
INFO: [ app_init ] --END-- [ RunTime:0.000374s ]
INFO: [ app_begin ] --START--
INFO: Run Behavior\ReadHtmlCacheBehavior [ RunTime:0.000629s ]
INFO: [ app_begin ] --END-- [ RunTime:0.000668s ]
SQL: SHOW COLUMNS FROM `t_club_base` [ RunTime:0.0027s ]
SQL: SHOW COLUMNS FROM `t_club_event` [ RunTime:0.0023s ]
SQL: SHOW COLUMNS FROM `t_club_detail` [ RunTime:0.0021s ]
SQL: SHOW COLUMNS FROM `t_club_img` [ RunTime:0.0024s ]

[ 2015-05-24T00:39:13+08:00 ] ::1 /tahiti/index
INFO: [ app_init ] --START--
INFO: Run Behavior\BuildLiteBehavior [ RunTime:0.000011s ]
INFO: [ app_init ] --END-- [ RunTime:0.000364s ]
INFO: [ app_begin ] --START--
INFO: Run Behavior\ReadHtmlCacheBehavior [ RunTime:0.000587s ]
INFO: [ app_begin ] --END-- [ RunTime:0.000625s ]
SQL: SHOW COLUMNS FROM `t_club_base` [ RunTime:0.0026s ]
SQL: SHOW COLUMNS FROM `t_club_event` [ RunTime:0.0021s ]
SQL: SHOW COLUMNS FROM `t_club_detail` [ RunTime:0.0021s ]
SQL: SHOW COLUMNS FROM `t_club_img` [ RunTime:0.0023s ]

[ 2015-05-24T12:18:54+08:00 ] ::1 /tahiti/index.php/admin/login/index
INFO: [ app_init ] --START--
INFO: Run Behavior\BuildLiteBehavior [ RunTime:0.000012s ]
INFO: [ app_init ] --END-- [ RunTime:0.000465s ]
INFO: [ app_begin ] --START--
INFO: Run Behavior\ReadHtmlCacheBehavior [ RunTime:0.000686s ]
INFO: [ app_begin ] --END-- [ RunTime:0.000734s ]
SQL: SHOW COLUMNS FROM `t_club_base` [ RunTime:0.0065s ]
SQL: SHOW COLUMNS FROM `t_club_event` [ RunTime:0.0055s ]
SQL: SHOW COLUMNS FROM `t_club_detail` [ RunTime:0.0055s ]
SQL: SHOW COLUMNS FROM `t_club_img` [ RunTime:0.0056s ]

[ 2015-05-24T13:52:18+08:00 ] ::1 /tahiti/1432446422.jpeg
INFO: [ app_init ] --START--
INFO: Run Behavior\BuildLiteBehavior [ RunTime:0.000014s ]
INFO: [ app_init ] --END-- [ RunTime:0.000394s ]
INFO: [ app_begin ] --START--
INFO: Run Behavior\ReadHtmlCacheBehavior [ RunTime:0.000711s ]
INFO: [ app_begin ] --END-- [ RunTime:0.000763s ]
SQL: SHOW COLUMNS FROM `t_club_base` [ RunTime:0.0061s ]
SQL: SHOW COLUMNS FROM `t_club_event` [ RunTime:0.0054s ]
SQL: SHOW COLUMNS FROM `t_club_detail` [ RunTime:0.0056s ]
SQL: SHOW COLUMNS FROM `t_club_img` [ RunTime:0.0051s ]

[ 2015-05-24T13:52:38+08:00 ] ::1 /tahiti/1432446422.jpeg
INFO: [ app_init ] --START--
INFO: Run Behavior\BuildLiteBehavior [ RunTime:0.000013s ]
INFO: [ app_init ] --END-- [ RunTime:0.000362s ]
INFO: [ app_begin ] --START--
INFO: Run Behavior\ReadHtmlCacheBehavior [ RunTime:0.000477s ]
INFO: [ app_begin ] --END-- [ RunTime:0.000520s ]
SQL: SHOW COLUMNS FROM `t_club_base` [ RunTime:0.0046s ]
SQL: SHOW COLUMNS FROM `t_club_event` [ RunTime:0.0045s ]
SQL: SHOW COLUMNS FROM `t_club_detail` [ RunTime:0.0042s ]
SQL: SHOW COLUMNS FROM `t_club_img` [ RunTime:0.0045s ]

[ 2015-05-24T13:52:40+08:00 ] ::1 /tahiti/1432446422.jpeg
INFO: [ app_init ] --START--
INFO: Run Behavior\BuildLiteBehavior [ RunTime:0.000013s ]
INFO: [ app_init ] --END-- [ RunTime:0.000344s ]
INFO: [ app_begin ] --START--
INFO: Run Behavior\ReadHtmlCacheBehavior [ RunTime:0.000490s ]
INFO: [ app_begin ] --END-- [ RunTime:0.000529s ]
SQL: SHOW COLUMNS FROM `t_club_base` [ RunTime:0.0034s ]
SQL: SHOW COLUMNS FROM `t_club_event` [ RunTime:0.0031s ]
SQL: SHOW COLUMNS FROM `t_club_detail` [ RunTime:0.0028s ]
SQL: SHOW COLUMNS FROM `t_club_img` [ RunTime:0.0030s ]

[ 2015-05-24T13:53:12+08:00 ] ::1 /tahiti/1432446422.jpeg
INFO: [ app_init ] --START--
INFO: Run Behavior\BuildLiteBehavior [ RunTime:0.000019s ]
INFO: [ app_init ] --END-- [ RunTime:0.000489s ]
INFO: [ app_begin ] --START--
INFO: Run Behavior\ReadHtmlCacheBehavior [ RunTime:0.000742s ]
INFO: [ app_begin ] --END-- [ RunTime:0.000811s ]
SQL: SHOW COLUMNS FROM `t_club_base` [ RunTime:0.0025s ]
SQL: SHOW COLUMNS FROM `t_club_event` [ RunTime:0.0022s ]
SQL: SHOW COLUMNS FROM `t_club_detail` [ RunTime:0.0021s ]
SQL: SHOW COLUMNS FROM `t_club_img` [ RunTime:0.0022s ]

[ 2015-05-24T13:53:50+08:00 ] ::1 /tahiti/1432446422.jpeg
INFO: [ app_init ] --START--
INFO: Run Behavior\BuildLiteBehavior [ RunTime:0.000013s ]
INFO: [ app_init ] --END-- [ RunTime:0.000358s ]
INFO: [ app_begin ] --START--
INFO: Run Behavior\ReadHtmlCacheBehavior [ RunTime:0.000559s ]
INFO: [ app_begin ] --END-- [ RunTime:0.000598s ]
SQL: SHOW COLUMNS FROM `t_club_base` [ RunTime:0.0026s ]
SQL: SHOW COLUMNS FROM `t_club_event` [ RunTime:0.0023s ]
SQL: SHOW COLUMNS FROM `t_club_detail` [ RunTime:0.0022s ]
SQL: SHOW COLUMNS FROM `t_club_img` [ RunTime:0.0023s ]

[ 2015-05-24T15:18:18+08:00 ] ::1 /tahiti/123.png
INFO: [ app_init ] --START--
INFO: Run Behavior\BuildLiteBehavior [ RunTime:0.000020s ]
INFO: [ app_init ] --END-- [ RunTime:0.000626s ]

[ 2015-05-24T15:18:18+08:00 ] ::1 /tahiti/123.png
INFO: [ app_init ] --START--
INFO: Run Behavior\BuildLiteBehavior [ RunTime:0.000013s ]
INFO: [ app_init ] --END-- [ RunTime:0.000405s ]

