[ 2015-05-01T12:09:32+08:00 ] 127.0.0.1 /tahiti/hotimg
INFO: [ app_init ] --START--
INFO: Run Behavior\BuildLiteBehavior [ RunTime:0.000033s ]
INFO: [ app_init ] --END-- [ RunTime:0.009171s ]
INFO: [ app_begin ] --START--
INFO: Run Behavior\ReadHtmlCacheBehavior [ RunTime:0.009561s ]
INFO: [ app_begin ] --END-- [ RunTime:0.009670s ]
SQL: SHOW COLUMNS FROM `t_club_base` [ RunTime:0.0162s ]
SQL: SHOW COLUMNS FROM `t_club_event` [ RunTime:0.0245s ]
SQL: SHOW COLUMNS FROM `t_club_detail` [ RunTime:0.0137s ]
SQL: SHOW COLUMNS FROM `t_club_img` [ RunTime:0.0072s ]
ERR: 参数错误或者未定义:rid

[ 2015-05-01T12:09:57+08:00 ] 127.0.0.1 /tahiti/test
INFO: [ app_init ] --START--
INFO: Run Behavior\BuildLiteBehavior [ RunTime:0.000013s ]
INFO: [ app_init ] --END-- [ RunTime:0.000488s ]
INFO: [ app_begin ] --START--
INFO: Run Behavior\ReadHtmlCacheBehavior [ RunTime:0.000734s ]
INFO: [ app_begin ] --END-- [ RunTime:0.000794s ]
SQL: SHOW COLUMNS FROM `t_club_base` [ RunTime:0.0072s ]
SQL: SHOW COLUMNS FROM `t_club_event` [ RunTime:0.0067s ]
SQL: SHOW COLUMNS FROM `t_club_detail` [ RunTime:0.0066s ]
SQL: SHOW COLUMNS FROM `t_club_img` [ RunTime:0.0071s ]
INFO: [ app_end ] --START--
INFO: Run Behavior\ShowPageTraceBehavior [ RunTime:0.052467s ]
INFO: [ app_end ] --END-- [ RunTime:0.052627s ]

[ 2015-05-01T12:10:12+08:00 ] 127.0.0.1 /tahiti/test
INFO: [ app_init ] --START--
INFO: Run Behavior\BuildLiteBehavior [ RunTime:0.000025s ]
INFO: [ app_init ] --END-- [ RunTime:0.000757s ]
INFO: [ app_begin ] --START--
INFO: Run Behavior\ReadHtmlCacheBehavior [ RunTime:0.000537s ]
INFO: [ app_begin ] --END-- [ RunTime:0.000682s ]
SQL: SHOW COLUMNS FROM `t_club_base` [ RunTime:0.0072s ]
SQL: SHOW COLUMNS FROM `t_club_event` [ RunTime:0.0070s ]
SQL: SHOW COLUMNS FROM `t_club_detail` [ RunTime:0.0062s ]
SQL: SHOW COLUMNS FROM `t_club_img` [ RunTime:0.0044s ]
INFO: [ app_end ] --START--
INFO: Run Behavior\ShowPageTraceBehavior [ RunTime:0.001530s ]
INFO: [ app_end ] --END-- [ RunTime:0.001674s ]

[ 2015-05-01T12:10:26+08:00 ] 127.0.0.1 /tahiti/test
INFO: [ app_init ] --START--
INFO: Run Behavior\BuildLiteBehavior [ RunTime:0.000012s ]
INFO: [ app_init ] --END-- [ RunTime:0.000320s ]
INFO: [ app_begin ] --START--
INFO: Run Behavior\ReadHtmlCacheBehavior [ RunTime:0.000463s ]
INFO: [ app_begin ] --END-- [ RunTime:0.000499s ]
SQL: SHOW COLUMNS FROM `t_club_base` [ RunTime:0.0063s ]
SQL: SHOW COLUMNS FROM `t_club_event` [ RunTime:0.0047s ]
SQL: SHOW COLUMNS FROM `t_club_detail` [ RunTime:0.0044s ]
SQL: SHOW COLUMNS FROM `t_club_img` [ RunTime:0.0051s ]
INFO: [ app_end ] --START--
INFO: Run Behavior\ShowPageTraceBehavior [ RunTime:0.001730s ]
INFO: [ app_end ] --END-- [ RunTime:0.001873s ]

[ 2015-05-01T12:11:03+08:00 ] 127.0.0.1 /tahiti/test
INFO: [ app_init ] --START--
INFO: Run Behavior\BuildLiteBehavior [ RunTime:0.000011s ]
INFO: [ app_init ] --END-- [ RunTime:0.000377s ]
INFO: [ app_begin ] --START--
INFO: Run Behavior\ReadHtmlCacheBehavior [ RunTime:0.000583s ]
INFO: [ app_begin ] --END-- [ RunTime:0.000627s ]
SQL: SHOW COLUMNS FROM `t_club_base` [ RunTime:0.0077s ]
SQL: SHOW COLUMNS FROM `t_club_event` [ RunTime:0.0050s ]
SQL: SHOW COLUMNS FROM `t_club_detail` [ RunTime:0.0028s ]
SQL: SHOW COLUMNS FROM `t_club_img` [ RunTime:0.0028s ]
INFO: [ app_end ] --START--
INFO: Run Behavior\ShowPageTraceBehavior [ RunTime:0.001706s ]
INFO: [ app_end ] --END-- [ RunTime:0.001843s ]

[ 2015-05-01T12:12:16+08:00 ] 127.0.0.1 /tahiti/test
INFO: [ app_init ] --START--
INFO: Run Behavior\BuildLiteBehavior [ RunTime:0.000012s ]
INFO: [ app_init ] --END-- [ RunTime:0.000356s ]
INFO: [ app_begin ] --START--
INFO: Run Behavior\ReadHtmlCacheBehavior [ RunTime:0.000588s ]
INFO: [ app_begin ] --END-- [ RunTime:0.000632s ]
SQL: SHOW COLUMNS FROM `t_club_base` [ RunTime:0.0070s ]
SQL: SHOW COLUMNS FROM `t_club_event` [ RunTime:0.0065s ]
SQL: SHOW COLUMNS FROM `t_club_detail` [ RunTime:0.0066s ]
SQL: SHOW COLUMNS FROM `t_club_img` [ RunTime:0.0039s ]

[ 2015-05-01T14:09:16+08:00 ] 127.0.0.1 /tahiti/
INFO: [ app_init ] --START--
INFO: Run Behavior\BuildLiteBehavior [ RunTime:0.000012s ]
INFO: [ app_init ] --END-- [ RunTime:0.000388s ]
INFO: [ app_begin ] --START--
INFO: Run Behavior\ReadHtmlCacheBehavior [ RunTime:0.000616s ]
INFO: [ app_begin ] --END-- [ RunTime:0.000663s ]
SQL: SHOW COLUMNS FROM `t_club_base` [ RunTime:0.0074s ]
SQL: SHOW COLUMNS FROM `t_club_event` [ RunTime:0.0067s ]
SQL: SHOW COLUMNS FROM `t_club_detail` [ RunTime:0.0073s ]
SQL: SHOW COLUMNS FROM `t_club_img` [ RunTime:0.0030s ]
INFO: [ app_end ] --START--
INFO: Run Behavior\ShowPageTraceBehavior [ RunTime:0.000723s ]
INFO: [ app_end ] --END-- [ RunTime:0.000760s ]

[ 2015-05-01T14:11:34+08:00 ] 127.0.0.1 /tahiti/app
INFO: [ app_init ] --START--
INFO: Run Behavior\BuildLiteBehavior [ RunTime:0.000016s ]
INFO: [ app_init ] --END-- [ RunTime:0.000383s ]
INFO: [ app_begin ] --START--
INFO: Run Behavior\ReadHtmlCacheBehavior [ RunTime:0.000625s ]
INFO: [ app_begin ] --END-- [ RunTime:0.000661s ]
SQL: SHOW COLUMNS FROM `t_club_base` [ RunTime:0.0074s ]
SQL: SHOW COLUMNS FROM `t_club_event` [ RunTime:0.0066s ]
SQL: SHOW COLUMNS FROM `t_club_detail` [ RunTime:0.0064s ]
SQL: SHOW COLUMNS FROM `t_club_img` [ RunTime:0.0072s ]

[ 2015-05-01T14:12:32+08:00 ] 127.0.0.1 /tahiti/Admin/Index/index
INFO: [ app_init ] --START--
INFO: Run Behavior\BuildLiteBehavior [ RunTime:0.000012s ]
INFO: [ app_init ] --END-- [ RunTime:0.000369s ]
INFO: [ app_begin ] --START--
INFO: Run Behavior\ReadHtmlCacheBehavior [ RunTime:0.000593s ]
INFO: [ app_begin ] --END-- [ RunTime:0.000632s ]
SQL: SHOW COLUMNS FROM `t_club_base` [ RunTime:0.0070s ]
SQL: SHOW COLUMNS FROM `t_club_event` [ RunTime:0.0065s ]
SQL: SHOW COLUMNS FROM `t_club_detail` [ RunTime:0.0064s ]
SQL: SHOW COLUMNS FROM `t_club_img` [ RunTime:0.0069s ]

[ 2015-05-01T14:12:41+08:00 ] 127.0.0.1 /tahiti/App/Index/index
INFO: [ app_init ] --START--
INFO: Run Behavior\BuildLiteBehavior [ RunTime:0.000011s ]
INFO: [ app_init ] --END-- [ RunTime:0.000326s ]
INFO: [ app_begin ] --START--
INFO: Run Behavior\ReadHtmlCacheBehavior [ RunTime:0.000479s ]
INFO: [ app_begin ] --END-- [ RunTime:0.000516s ]
SQL: SHOW COLUMNS FROM `t_club_base` [ RunTime:0.0071s ]
SQL: SHOW COLUMNS FROM `t_club_event` [ RunTime:0.0072s ]
SQL: SHOW COLUMNS FROM `t_club_detail` [ RunTime:0.0079s ]
SQL: SHOW COLUMNS FROM `t_club_img` [ RunTime:0.0074s ]

[ 2015-05-01T14:13:03+08:00 ] 127.0.0.1 /tahiti/
INFO: [ app_init ] --START--
INFO: Run Behavior\BuildLiteBehavior [ RunTime:0.000013s ]
INFO: [ app_init ] --END-- [ RunTime:0.000343s ]
INFO: [ app_begin ] --START--
INFO: Run Behavior\ReadHtmlCacheBehavior [ RunTime:0.000487s ]
INFO: [ app_begin ] --END-- [ RunTime:0.000525s ]
SQL: SHOW COLUMNS FROM `t_club_base` [ RunTime:0.0069s ]
SQL: SHOW COLUMNS FROM `t_club_event` [ RunTime:0.0066s ]
SQL: SHOW COLUMNS FROM `t_club_detail` [ RunTime:0.0065s ]
SQL: SHOW COLUMNS FROM `t_club_img` [ RunTime:0.0069s ]
INFO: [ app_end ] --START--
INFO: Run Behavior\ShowPageTraceBehavior [ RunTime:0.001675s ]
INFO: [ app_end ] --END-- [ RunTime:0.001773s ]

[ 2015-05-01T14:13:51+08:00 ] 127.0.0.1 /tahiti/index.php?s=/App/Index/index
INFO: [ app_init ] --START--
INFO: Run Behavior\BuildLiteBehavior [ RunTime:0.000017s ]
INFO: [ app_init ] --END-- [ RunTime:0.000470s ]
INFO: [ app_begin ] --START--
INFO: Run Behavior\ReadHtmlCacheBehavior [ RunTime:0.000714s ]
INFO: [ app_begin ] --END-- [ RunTime:0.000773s ]
SQL: SHOW COLUMNS FROM `t_club_base` [ RunTime:0.0031s ]
SQL: SHOW COLUMNS FROM `t_club_event` [ RunTime:0.0027s ]
SQL: SHOW COLUMNS FROM `t_club_detail` [ RunTime:0.0026s ]
SQL: SHOW COLUMNS FROM `t_club_img` [ RunTime:0.0027s ]
INFO: [ app_end ] --START--
INFO: Run Behavior\ShowPageTraceBehavior [ RunTime:0.000611s ]
INFO: [ app_end ] --END-- [ RunTime:0.000654s ]

[ 2015-05-01T14:14:29+08:00 ] 127.0.0.1 /tahiti/index.php?s=/app/Index/index
INFO: [ app_init ] --START--
INFO: Run Behavior\BuildLiteBehavior [ RunTime:0.000012s ]
INFO: [ app_init ] --END-- [ RunTime:0.000332s ]
INFO: [ app_begin ] --START--
INFO: Run Behavior\ReadHtmlCacheBehavior [ RunTime:0.000487s ]
INFO: [ app_begin ] --END-- [ RunTime:0.000525s ]
SQL: SHOW COLUMNS FROM `t_club_base` [ RunTime:0.0072s ]
SQL: SHOW COLUMNS FROM `t_club_event` [ RunTime:0.0063s ]
SQL: SHOW COLUMNS FROM `t_club_detail` [ RunTime:0.0066s ]
SQL: SHOW COLUMNS FROM `t_club_img` [ RunTime:0.0047s ]
INFO: [ app_end ] --START--
INFO: Run Behavior\ShowPageTraceBehavior [ RunTime:0.000853s ]
INFO: [ app_end ] --END-- [ RunTime:0.000905s ]

[ 2015-05-01T14:15:40+08:00 ] 127.0.0.1 /tahiti/index.php?s=/app/Index/index
INFO: [ app_init ] --START--
INFO: Run Behavior\BuildLiteBehavior [ RunTime:0.000016s ]
INFO: [ app_init ] --END-- [ RunTime:0.000477s ]
INFO: [ app_begin ] --START--
INFO: Run Behavior\ReadHtmlCacheBehavior [ RunTime:0.000609s ]
INFO: [ app_begin ] --END-- [ RunTime:0.000665s ]
SQL: SHOW COLUMNS FROM `t_club_base` [ RunTime:0.0072s ]
SQL: SHOW COLUMNS FROM `t_club_event` [ RunTime:0.0069s ]
SQL: SHOW COLUMNS FROM `t_club_detail` [ RunTime:0.0069s ]
SQL: SHOW COLUMNS FROM `t_club_img` [ RunTime:0.0029s ]
INFO: [ app_end ] --START--
INFO: Run Behavior\ShowPageTraceBehavior [ RunTime:0.000596s ]
INFO: [ app_end ] --END-- [ RunTime:0.000635s ]

[ 2015-05-01T14:15:56+08:00 ] 127.0.0.1 /tahiti/index.php?/app/Index/index
INFO: [ app_init ] --START--
INFO: Run Behavior\BuildLiteBehavior [ RunTime:0.000019s ]
INFO: [ app_init ] --END-- [ RunTime:0.000547s ]
INFO: [ app_begin ] --START--
INFO: Run Behavior\ReadHtmlCacheBehavior [ RunTime:0.000877s ]
INFO: [ app_begin ] --END-- [ RunTime:0.000964s ]
SQL: SHOW COLUMNS FROM `t_club_base` [ RunTime:0.0072s ]
SQL: SHOW COLUMNS FROM `t_club_event` [ RunTime:0.0067s ]
SQL: SHOW COLUMNS FROM `t_club_detail` [ RunTime:0.0066s ]
SQL: SHOW COLUMNS FROM `t_club_img` [ RunTime:0.0073s ]
INFO: [ app_end ] --START--
INFO: Run Behavior\ShowPageTraceBehavior [ RunTime:0.001591s ]
INFO: [ app_end ] --END-- [ RunTime:0.001709s ]

[ 2015-05-01T14:16:05+08:00 ] 127.0.0.1 /tahiti/index.php?s=/app/Index/index
INFO: [ app_init ] --START--
INFO: Run Behavior\BuildLiteBehavior [ RunTime:0.000017s ]
INFO: [ app_init ] --END-- [ RunTime:0.000482s ]
INFO: [ app_begin ] --START--
INFO: Run Behavior\ReadHtmlCacheBehavior [ RunTime:0.000674s ]
INFO: [ app_begin ] --END-- [ RunTime:0.000728s ]
SQL: SHOW COLUMNS FROM `t_club_base` [ RunTime:0.0078s ]
SQL: SHOW COLUMNS FROM `t_club_event` [ RunTime:0.0069s ]
SQL: SHOW COLUMNS FROM `t_club_detail` [ RunTime:0.0068s ]
SQL: SHOW COLUMNS FROM `t_club_img` [ RunTime:0.0048s ]
INFO: [ app_end ] --START--
INFO: Run Behavior\ShowPageTraceBehavior [ RunTime:0.000910s ]
INFO: [ app_end ] --END-- [ RunTime:0.000987s ]

[ 2015-05-01T14:18:29+08:00 ] 127.0.0.1 /tahiti/index.php?s=/app/Index/index
INFO: [ app_init ] --START--
INFO: Run Behavior\BuildLiteBehavior [ RunTime:0.000012s ]
INFO: [ app_init ] --END-- [ RunTime:0.000328s ]
INFO: [ app_begin ] --START--
INFO: Run Behavior\ReadHtmlCacheBehavior [ RunTime:0.000471s ]
INFO: [ app_begin ] --END-- [ RunTime:0.000508s ]
SQL: SHOW COLUMNS FROM `t_club_base` [ RunTime:0.0077s ]
SQL: SHOW COLUMNS FROM `t_club_event` [ RunTime:0.0068s ]
SQL: SHOW COLUMNS FROM `t_club_detail` [ RunTime:0.0075s ]
SQL: SHOW COLUMNS FROM `t_club_img` [ RunTime:0.0081s ]
INFO: [ app_end ] --START--
INFO: Run Behavior\ShowPageTraceBehavior [ RunTime:0.001559s ]
INFO: [ app_end ] --END-- [ RunTime:0.001677s ]

[ 2015-05-01T14:18:33+08:00 ] 127.0.0.1 /tahiti/
INFO: [ app_init ] --START--
INFO: Run Behavior\BuildLiteBehavior [ RunTime:0.000012s ]
INFO: [ app_init ] --END-- [ RunTime:0.000344s ]
INFO: [ app_begin ] --START--
INFO: Run Behavior\ReadHtmlCacheBehavior [ RunTime:0.000547s ]
INFO: [ app_begin ] --END-- [ RunTime:0.000592s ]
SQL: SHOW COLUMNS FROM `t_club_base` [ RunTime:0.0074s ]
SQL: SHOW COLUMNS FROM `t_club_event` [ RunTime:0.0071s ]
SQL: SHOW COLUMNS FROM `t_club_detail` [ RunTime:0.0073s ]
SQL: SHOW COLUMNS FROM `t_club_img` [ RunTime:0.0076s ]
INFO: [ app_end ] --START--
INFO: Run Behavior\ShowPageTraceBehavior [ RunTime:0.001406s ]
INFO: [ app_end ] --END-- [ RunTime:0.001540s ]

[ 2015-05-01T14:18:36+08:00 ] 127.0.0.1 /tahiti/admin
INFO: [ app_init ] --START--
INFO: Run Behavior\BuildLiteBehavior [ RunTime:0.000012s ]
INFO: [ app_init ] --END-- [ RunTime:0.000361s ]
INFO: [ app_begin ] --START--
INFO: Run Behavior\ReadHtmlCacheBehavior [ RunTime:0.000503s ]
INFO: [ app_begin ] --END-- [ RunTime:0.000550s ]
SQL: SHOW COLUMNS FROM `t_club_base` [ RunTime:0.0042s ]
SQL: SHOW COLUMNS FROM `t_club_event` [ RunTime:0.0043s ]
SQL: SHOW COLUMNS FROM `t_club_detail` [ RunTime:0.0040s ]
SQL: SHOW COLUMNS FROM `t_club_img` [ RunTime:0.0045s ]

[ 2015-05-01T14:19:06+08:00 ] 127.0.0.1 /tahiti/admin/index
INFO: [ app_init ] --START--
INFO: Run Behavior\BuildLiteBehavior [ RunTime:0.000012s ]
INFO: [ app_init ] --END-- [ RunTime:0.000333s ]
INFO: [ app_begin ] --START--
INFO: Run Behavior\ReadHtmlCacheBehavior [ RunTime:0.000478s ]
INFO: [ app_begin ] --END-- [ RunTime:0.000516s ]
SQL: SHOW COLUMNS FROM `t_club_base` [ RunTime:0.0072s ]
SQL: SHOW COLUMNS FROM `t_club_event` [ RunTime:0.0072s ]
SQL: SHOW COLUMNS FROM `t_club_detail` [ RunTime:0.0066s ]
SQL: SHOW COLUMNS FROM `t_club_img` [ RunTime:0.0067s ]

[ 2015-05-01T14:19:21+08:00 ] 127.0.0.1 /tahiti/admin/index
INFO: [ app_init ] --START--
INFO: Run Behavior\BuildLiteBehavior [ RunTime:0.000011s ]
INFO: [ app_init ] --END-- [ RunTime:0.000385s ]
INFO: [ app_begin ] --START--
INFO: Run Behavior\ReadHtmlCacheBehavior [ RunTime:0.000568s ]
INFO: [ app_begin ] --END-- [ RunTime:0.000608s ]
SQL: SHOW COLUMNS FROM `t_club_base` [ RunTime:0.0070s ]
SQL: SHOW COLUMNS FROM `t_club_event` [ RunTime:0.0066s ]
SQL: SHOW COLUMNS FROM `t_club_detail` [ RunTime:0.0067s ]
SQL: SHOW COLUMNS FROM `t_club_img` [ RunTime:0.0072s ]

[ 2015-05-01T14:19:24+08:00 ] 127.0.0.1 /tahiti/
INFO: [ app_init ] --START--
INFO: Run Behavior\BuildLiteBehavior [ RunTime:0.000016s ]
INFO: [ app_init ] --END-- [ RunTime:0.000467s ]
INFO: [ app_begin ] --START--
INFO: Run Behavior\ReadHtmlCacheBehavior [ RunTime:0.000697s ]
INFO: [ app_begin ] --END-- [ RunTime:0.000755s ]
SQL: SHOW COLUMNS FROM `t_club_base` [ RunTime:0.0073s ]
SQL: SHOW COLUMNS FROM `t_club_event` [ RunTime:0.0064s ]
SQL: SHOW COLUMNS FROM `t_club_detail` [ RunTime:0.0068s ]
SQL: SHOW COLUMNS FROM `t_club_img` [ RunTime:0.0075s ]
INFO: [ app_end ] --START--
INFO: Run Behavior\ShowPageTraceBehavior [ RunTime:0.001674s ]
INFO: [ app_end ] --END-- [ RunTime:0.001794s ]

[ 2015-05-01T14:20:28+08:00 ] 127.0.0.1 /tahiti/app
INFO: [ app_init ] --START--
INFO: Run Behavior\BuildLiteBehavior [ RunTime:0.000012s ]
INFO: [ app_init ] --END-- [ RunTime:0.000395s ]
INFO: [ app_begin ] --START--
INFO: Run Behavior\ReadHtmlCacheBehavior [ RunTime:0.000512s ]
INFO: [ app_begin ] --END-- [ RunTime:0.000574s ]
SQL: SHOW COLUMNS FROM `t_club_base` [ RunTime:0.0065s ]
SQL: SHOW COLUMNS FROM `t_club_event` [ RunTime:0.0058s ]
SQL: SHOW COLUMNS FROM `t_club_detail` [ RunTime:0.0059s ]
SQL: SHOW COLUMNS FROM `t_club_img` [ RunTime:0.0066s ]

[ 2015-05-01T14:20:53+08:00 ] 127.0.0.1 /tahiti/admin
INFO: [ app_init ] --START--
INFO: Run Behavior\BuildLiteBehavior [ RunTime:0.000017s ]
INFO: [ app_init ] --END-- [ RunTime:0.000529s ]
INFO: [ app_begin ] --START--
INFO: Run Behavior\ReadHtmlCacheBehavior [ RunTime:0.000701s ]
INFO: [ app_begin ] --END-- [ RunTime:0.000762s ]
SQL: SHOW COLUMNS FROM `t_club_base` [ RunTime:0.0076s ]
SQL: SHOW COLUMNS FROM `t_club_event` [ RunTime:0.0066s ]
SQL: SHOW COLUMNS FROM `t_club_detail` [ RunTime:0.0068s ]
SQL: SHOW COLUMNS FROM `t_club_img` [ RunTime:0.0075s ]

[ 2015-05-01T14:20:58+08:00 ] 127.0.0.1 /tahiti/
INFO: [ app_init ] --START--
INFO: Run Behavior\BuildLiteBehavior [ RunTime:0.000011s ]
INFO: [ app_init ] --END-- [ RunTime:0.000403s ]
INFO: [ app_begin ] --START--
INFO: Run Behavior\ReadHtmlCacheBehavior [ RunTime:0.000581s ]
INFO: [ app_begin ] --END-- [ RunTime:0.000670s ]
SQL: SHOW COLUMNS FROM `t_club_base` [ RunTime:0.0075s ]
SQL: SHOW COLUMNS FROM `t_club_event` [ RunTime:0.0064s ]
SQL: SHOW COLUMNS FROM `t_club_detail` [ RunTime:0.0071s ]
SQL: SHOW COLUMNS FROM `t_club_img` [ RunTime:0.0058s ]
INFO: [ app_end ] --START--
INFO: Run Behavior\ShowPageTraceBehavior [ RunTime:0.000599s ]
INFO: [ app_end ] --END-- [ RunTime:0.000639s ]

[ 2015-05-01T14:21:11+08:00 ] 127.0.0.1 /tahiti/admin/index
INFO: [ app_init ] --START--
INFO: Run Behavior\BuildLiteBehavior [ RunTime:0.000011s ]
INFO: [ app_init ] --END-- [ RunTime:0.000352s ]
INFO: [ app_begin ] --START--
INFO: Run Behavior\ReadHtmlCacheBehavior [ RunTime:0.000503s ]
INFO: [ app_begin ] --END-- [ RunTime:0.000551s ]
SQL: SHOW COLUMNS FROM `t_club_base` [ RunTime:0.0056s ]
SQL: SHOW COLUMNS FROM `t_club_event` [ RunTime:0.0057s ]
SQL: SHOW COLUMNS FROM `t_club_detail` [ RunTime:0.0052s ]
SQL: SHOW COLUMNS FROM `t_club_img` [ RunTime:0.0055s ]

[ 2015-05-01T14:23:39+08:00 ] 127.0.0.1 /tahiti/admin
INFO: [ app_init ] --START--
INFO: Run Behavior\BuildLiteBehavior [ RunTime:0.000010s ]
INFO: [ app_init ] --END-- [ RunTime:0.000316s ]
INFO: [ app_begin ] --START--
INFO: Run Behavior\ReadHtmlCacheBehavior [ RunTime:0.000477s ]
INFO: [ app_begin ] --END-- [ RunTime:0.000519s ]
SQL: SHOW COLUMNS FROM `t_club_base` [ RunTime:0.0075s ]
SQL: SHOW COLUMNS FROM `t_club_event` [ RunTime:0.0067s ]
SQL: SHOW COLUMNS FROM `t_club_detail` [ RunTime:0.0048s ]
SQL: SHOW COLUMNS FROM `t_club_img` [ RunTime:0.0044s ]

[ 2015-05-01T14:23:44+08:00 ] 127.0.0.1 /tahiti/admin/index
INFO: [ app_init ] --START--
INFO: Run Behavior\BuildLiteBehavior [ RunTime:0.000015s ]
INFO: [ app_init ] --END-- [ RunTime:0.000502s ]
INFO: [ app_begin ] --START--
INFO: Run Behavior\ReadHtmlCacheBehavior [ RunTime:0.000796s ]
INFO: [ app_begin ] --END-- [ RunTime:0.000850s ]
SQL: SHOW COLUMNS FROM `t_club_base` [ RunTime:0.0074s ]
SQL: SHOW COLUMNS FROM `t_club_event` [ RunTime:0.0067s ]
SQL: SHOW COLUMNS FROM `t_club_detail` [ RunTime:0.0070s ]
SQL: SHOW COLUMNS FROM `t_club_img` [ RunTime:0.0073s ]

[ 2015-05-01T14:23:58+08:00 ] 127.0.0.1 /tahiti/
INFO: [ app_init ] --START--
INFO: Run Behavior\BuildLiteBehavior [ RunTime:0.000012s ]
INFO: [ app_init ] --END-- [ RunTime:0.000330s ]
INFO: [ app_begin ] --START--
INFO: Run Behavior\ReadHtmlCacheBehavior [ RunTime:0.000469s ]
INFO: [ app_begin ] --END-- [ RunTime:0.000556s ]
SQL: SHOW COLUMNS FROM `t_club_base` [ RunTime:0.0032s ]
SQL: SHOW COLUMNS FROM `t_club_event` [ RunTime:0.0027s ]
SQL: SHOW COLUMNS FROM `t_club_detail` [ RunTime:0.0028s ]
SQL: SHOW COLUMNS FROM `t_club_img` [ RunTime:0.0031s ]
INFO: [ app_end ] --START--
INFO: Run Behavior\ShowPageTraceBehavior [ RunTime:0.000707s ]
INFO: [ app_end ] --END-- [ RunTime:0.000791s ]

[ 2015-05-01T15:09:32+08:00 ] 127.0.0.1 /tahiti/admin
INFO: [ app_init ] --START--
INFO: Run Behavior\BuildLiteBehavior [ RunTime:0.000012s ]
INFO: [ app_init ] --END-- [ RunTime:0.000346s ]
INFO: [ app_begin ] --START--
INFO: Run Behavior\ReadHtmlCacheBehavior [ RunTime:0.000510s ]
INFO: [ app_begin ] --END-- [ RunTime:0.000566s ]
SQL: SHOW COLUMNS FROM `t_club_base` [ RunTime:0.0076s ]
SQL: SHOW COLUMNS FROM `t_club_event` [ RunTime:0.0071s ]
SQL: SHOW COLUMNS FROM `t_club_detail` [ RunTime:0.0071s ]
SQL: SHOW COLUMNS FROM `t_club_img` [ RunTime:0.0073s ]

[ 2015-05-01T15:09:53+08:00 ] 127.0.0.1 /tahiti/
INFO: [ app_init ] --START--
INFO: Run Behavior\BuildLiteBehavior [ RunTime:0.000018s ]
INFO: [ app_init ] --END-- [ RunTime:0.000550s ]
INFO: [ app_begin ] --START--
INFO: Run Behavior\ReadHtmlCacheBehavior [ RunTime:0.000801s ]
INFO: [ app_begin ] --END-- [ RunTime:0.000863s ]
SQL: SHOW COLUMNS FROM `t_club_base` [ RunTime:0.0028s ]
SQL: SHOW COLUMNS FROM `t_club_event` [ RunTime:0.0025s ]
SQL: SHOW COLUMNS FROM `t_club_detail` [ RunTime:0.0026s ]
SQL: SHOW COLUMNS FROM `t_club_img` [ RunTime:0.0028s ]
INFO: [ app_end ] --START--
INFO: Run Behavior\ShowPageTraceBehavior [ RunTime:0.000576s ]
INFO: [ app_end ] --END-- [ RunTime:0.000615s ]

[ 2015-05-01T23:00:17+08:00 ] 127.0.0.1 /tahiti/index.php?
INFO: [ app_init ] --START--
INFO: Run Behavior\BuildLiteBehavior [ RunTime:0.000011s ]
INFO: [ app_init ] --END-- [ RunTime:0.000356s ]
INFO: [ app_begin ] --START--
INFO: Run Behavior\ReadHtmlCacheBehavior [ RunTime:0.000606s ]
INFO: [ app_begin ] --END-- [ RunTime:0.000648s ]
SQL: SHOW COLUMNS FROM `t_club_base` [ RunTime:0.0029s ]
SQL: SHOW COLUMNS FROM `t_club_event` [ RunTime:0.0027s ]
SQL: SHOW COLUMNS FROM `t_club_detail` [ RunTime:0.0028s ]
SQL: SHOW COLUMNS FROM `t_club_img` [ RunTime:0.0028s ]

[ 2015-05-01T23:01:29+08:00 ] 127.0.0.1 /tahiti/index.php?
INFO: [ app_init ] --START--
INFO: Run Behavior\BuildLiteBehavior [ RunTime:0.000013s ]
INFO: [ app_init ] --END-- [ RunTime:0.000346s ]
INFO: [ app_begin ] --START--
INFO: Run Behavior\ReadHtmlCacheBehavior [ RunTime:0.000484s ]
INFO: [ app_begin ] --END-- [ RunTime:0.000524s ]
SQL: SHOW COLUMNS FROM `t_club_base` [ RunTime:0.0070s ]
SQL: SHOW COLUMNS FROM `t_club_event` [ RunTime:0.0066s ]
SQL: SHOW COLUMNS FROM `t_club_detail` [ RunTime:0.0068s ]
SQL: SHOW COLUMNS FROM `t_club_img` [ RunTime:0.0073s ]

[ 2015-05-01T23:03:24+08:00 ] 127.0.0.1 /tahiti/index.php?
INFO: [ app_init ] --START--
INFO: Run Behavior\BuildLiteBehavior [ RunTime:0.000010s ]
INFO: [ app_init ] --END-- [ RunTime:0.000341s ]
INFO: [ app_begin ] --START--
INFO: Run Behavior\ReadHtmlCacheBehavior [ RunTime:0.000556s ]
INFO: [ app_begin ] --END-- [ RunTime:0.000613s ]
SQL: SHOW COLUMNS FROM `t_club_base` [ RunTime:0.0071s ]
SQL: SHOW COLUMNS FROM `t_club_event` [ RunTime:0.0066s ]
SQL: SHOW COLUMNS FROM `t_club_detail` [ RunTime:0.0057s ]
SQL: SHOW COLUMNS FROM `t_club_img` [ RunTime:0.0038s ]

[ 2015-05-01T23:03:48+08:00 ] 127.0.0.1 /tahiti/index.php?
INFO: [ app_init ] --START--
INFO: Run Behavior\BuildLiteBehavior [ RunTime:0.000016s ]
INFO: [ app_init ] --END-- [ RunTime:0.000481s ]
INFO: [ app_begin ] --START--
INFO: Run Behavior\ReadHtmlCacheBehavior [ RunTime:0.000646s ]
INFO: [ app_begin ] --END-- [ RunTime:0.000701s ]
SQL: SHOW COLUMNS FROM `t_club_base` [ RunTime:0.0072s ]
SQL: SHOW COLUMNS FROM `t_club_event` [ RunTime:0.0061s ]
SQL: SHOW COLUMNS FROM `t_club_detail` [ RunTime:0.0043s ]
SQL: SHOW COLUMNS FROM `t_club_img` [ RunTime:0.0047s ]

[ 2015-05-01T23:05:32+08:00 ] 127.0.0.1 /tahiti/index.php?
INFO: [ app_init ] --START--
INFO: Run Behavior\BuildLiteBehavior [ RunTime:0.000016s ]
INFO: [ app_init ] --END-- [ RunTime:0.000356s ]
INFO: [ app_begin ] --START--
INFO: Run Behavior\ReadHtmlCacheBehavior [ RunTime:0.000575s ]
INFO: [ app_begin ] --END-- [ RunTime:0.000617s ]
SQL: SHOW COLUMNS FROM `t_club_base` [ RunTime:0.0070s ]
SQL: SHOW COLUMNS FROM `t_club_event` [ RunTime:0.0069s ]
SQL: SHOW COLUMNS FROM `t_club_detail` [ RunTime:0.0065s ]
SQL: SHOW COLUMNS FROM `t_club_img` [ RunTime:0.0070s ]

[ 2015-05-01T23:07:51+08:00 ] 127.0.0.1 /tahiti/index.php?
INFO: [ app_init ] --START--
INFO: Run Behavior\BuildLiteBehavior [ RunTime:0.000015s ]
INFO: [ app_init ] --END-- [ RunTime:0.000489s ]
INFO: [ app_begin ] --START--
INFO: Run Behavior\ReadHtmlCacheBehavior [ RunTime:0.000786s ]
INFO: [ app_begin ] --END-- [ RunTime:0.000839s ]
SQL: SHOW COLUMNS FROM `t_club_base` [ RunTime:0.0071s ]
SQL: SHOW COLUMNS FROM `t_club_event` [ RunTime:0.0070s ]
SQL: SHOW COLUMNS FROM `t_club_detail` [ RunTime:0.0068s ]
SQL: SHOW COLUMNS FROM `t_club_img` [ RunTime:0.0071s ]

[ 2015-05-01T23:17:02+08:00 ] 127.0.0.1 /tahiti/index.php?
INFO: [ app_init ] --START--
INFO: Run Behavior\BuildLiteBehavior [ RunTime:0.000016s ]
INFO: [ app_init ] --END-- [ RunTime:0.000519s ]
INFO: [ app_begin ] --START--
INFO: Run Behavior\ReadHtmlCacheBehavior [ RunTime:0.000833s ]
INFO: [ app_begin ] --END-- [ RunTime:0.000891s ]
SQL: SHOW COLUMNS FROM `t_club_base` [ RunTime:0.0072s ]
SQL: SHOW COLUMNS FROM `t_club_event` [ RunTime:0.0073s ]
SQL: SHOW COLUMNS FROM `t_club_detail` [ RunTime:0.0067s ]
SQL: SHOW COLUMNS FROM `t_club_img` [ RunTime:0.0075s ]

[ 2015-05-01T23:17:20+08:00 ] 127.0.0.1 /tahiti/index.php?
INFO: [ app_init ] --START--
INFO: Run Behavior\BuildLiteBehavior [ RunTime:0.000012s ]
INFO: [ app_init ] --END-- [ RunTime:0.000367s ]
INFO: [ app_begin ] --START--
INFO: Run Behavior\ReadHtmlCacheBehavior [ RunTime:0.000524s ]
INFO: [ app_begin ] --END-- [ RunTime:0.000567s ]
SQL: SHOW COLUMNS FROM `t_club_base` [ RunTime:0.0078s ]
SQL: SHOW COLUMNS FROM `t_club_event` [ RunTime:0.0069s ]
SQL: SHOW COLUMNS FROM `t_club_detail` [ RunTime:0.0071s ]
SQL: SHOW COLUMNS FROM `t_club_img` [ RunTime:0.0069s ]

[ 2015-05-01T23:18:46+08:00 ] 127.0.0.1 /tahiti/index.php?
INFO: [ app_init ] --START--
INFO: Run Behavior\BuildLiteBehavior [ RunTime:0.000011s ]
INFO: [ app_init ] --END-- [ RunTime:0.000323s ]
INFO: [ app_begin ] --START--
INFO: Run Behavior\ReadHtmlCacheBehavior [ RunTime:0.000468s ]
INFO: [ app_begin ] --END-- [ RunTime:0.000506s ]
SQL: SHOW COLUMNS FROM `t_club_base` [ RunTime:0.0074s ]
SQL: SHOW COLUMNS FROM `t_club_event` [ RunTime:0.0073s ]
SQL: SHOW COLUMNS FROM `t_club_detail` [ RunTime:0.0069s ]
SQL: SHOW COLUMNS FROM `t_club_img` [ RunTime:0.0076s ]

[ 2015-05-01T23:18:55+08:00 ] 127.0.0.1 /tahiti/index.php?
INFO: [ app_init ] --START--
INFO: Run Behavior\BuildLiteBehavior [ RunTime:0.000012s ]
INFO: [ app_init ] --END-- [ RunTime:0.000319s ]
INFO: [ app_begin ] --START--
INFO: Run Behavior\ReadHtmlCacheBehavior [ RunTime:0.000466s ]
INFO: [ app_begin ] --END-- [ RunTime:0.000505s ]
SQL: SHOW COLUMNS FROM `t_club_base` [ RunTime:0.0071s ]
SQL: SHOW COLUMNS FROM `t_club_event` [ RunTime:0.0064s ]
SQL: SHOW COLUMNS FROM `t_club_detail` [ RunTime:0.0065s ]
SQL: SHOW COLUMNS FROM `t_club_img` [ RunTime:0.0072s ]

[ 2015-05-01T23:19:13+08:00 ] 127.0.0.1 /tahiti/index.php?
INFO: [ app_init ] --START--
INFO: Run Behavior\BuildLiteBehavior [ RunTime:0.000013s ]
INFO: [ app_init ] --END-- [ RunTime:0.000383s ]
INFO: [ app_begin ] --START--
INFO: Run Behavior\ReadHtmlCacheBehavior [ RunTime:0.000572s ]
INFO: [ app_begin ] --END-- [ RunTime:0.000615s ]
SQL: SHOW COLUMNS FROM `t_club_base` [ RunTime:0.0073s ]
SQL: SHOW COLUMNS FROM `t_club_event` [ RunTime:0.0067s ]
SQL: SHOW COLUMNS FROM `t_club_detail` [ RunTime:0.0069s ]
SQL: SHOW COLUMNS FROM `t_club_img` [ RunTime:0.0070s ]

[ 2015-05-01T23:19:31+08:00 ] 127.0.0.1 /tahiti/index.php?
INFO: [ app_init ] --START--
INFO: Run Behavior\BuildLiteBehavior [ RunTime:0.000020s ]
INFO: [ app_init ] --END-- [ RunTime:0.000491s ]
INFO: [ app_begin ] --START--
INFO: Run Behavior\ReadHtmlCacheBehavior [ RunTime:0.000535s ]
INFO: [ app_begin ] --END-- [ RunTime:0.000580s ]
SQL: SHOW COLUMNS FROM `t_club_base` [ RunTime:0.0071s ]
SQL: SHOW COLUMNS FROM `t_club_event` [ RunTime:0.0071s ]
SQL: SHOW COLUMNS FROM `t_club_detail` [ RunTime:0.0065s ]
SQL: SHOW COLUMNS FROM `t_club_img` [ RunTime:0.0070s ]

[ 2015-05-01T23:19:48+08:00 ] 127.0.0.1 /tahiti/index.php?
INFO: [ app_init ] --START--
INFO: Run Behavior\BuildLiteBehavior [ RunTime:0.000017s ]
INFO: [ app_init ] --END-- [ RunTime:0.000522s ]
INFO: [ app_begin ] --START--
INFO: Run Behavior\ReadHtmlCacheBehavior [ RunTime:0.000487s ]
INFO: [ app_begin ] --END-- [ RunTime:0.000526s ]
SQL: SHOW COLUMNS FROM `t_club_base` [ RunTime:0.0030s ]
SQL: SHOW COLUMNS FROM `t_club_event` [ RunTime:0.0025s ]
SQL: SHOW COLUMNS FROM `t_club_detail` [ RunTime:0.0027s ]
SQL: SHOW COLUMNS FROM `t_club_img` [ RunTime:0.0029s ]

