[ 2015-05-17T12:58:44+08:00 ] ::1 /tahiti/login
INFO: [ app_init ] --START--
INFO: Run Behavior\BuildLiteBehavior [ RunTime:0.000012s ]
INFO: [ app_init ] --END-- [ RunTime:0.000379s ]
INFO: [ app_begin ] --START--
INFO: Run Behavior\ReadHtmlCacheBehavior [ RunTime:0.000551s ]
INFO: [ app_begin ] --END-- [ RunTime:0.000593s ]
SQL: SHOW COLUMNS FROM `t_club_base` [ RunTime:0.0217s ]
SQL: SHOW COLUMNS FROM `t_club_event` [ RunTime:0.0063s ]
SQL: SHOW COLUMNS FROM `t_club_detail` [ RunTime:0.0130s ]
SQL: SHOW COLUMNS FROM `t_club_img` [ RunTime:0.0063s ]

[ 2015-05-17T12:59:13+08:00 ] ::1 /tahiti/index.php?c=/admin/login
INFO: [ app_init ] --START--
INFO: Run Behavior\BuildLiteBehavior [ RunTime:0.000011s ]
INFO: [ app_init ] --END-- [ RunTime:0.000402s ]
INFO: [ app_begin ] --START--
INFO: Run Behavior\ReadHtmlCacheBehavior [ RunTime:0.000593s ]
INFO: [ app_begin ] --END-- [ RunTime:0.000629s ]
SQL: SHOW COLUMNS FROM `t_club_base` [ RunTime:0.0028s ]
SQL: SHOW COLUMNS FROM `t_club_event` [ RunTime:0.0025s ]
SQL: SHOW COLUMNS FROM `t_club_detail` [ RunTime:0.0026s ]
SQL: SHOW COLUMNS FROM `t_club_img` [ RunTime:0.0026s ]

[ 2015-05-17T13:06:13+08:00 ] ::1 /tahiti/index.php/admin/login
INFO: [ app_init ] --START--
INFO: Run Behavior\BuildLiteBehavior [ RunTime:0.000011s ]
INFO: [ app_init ] --END-- [ RunTime:0.000400s ]
INFO: [ app_begin ] --START--
INFO: Run Behavior\ReadHtmlCacheBehavior [ RunTime:0.000568s ]
INFO: [ app_begin ] --END-- [ RunTime:0.000606s ]
SQL: SHOW COLUMNS FROM `t_club_base` [ RunTime:0.0051s ]
SQL: SHOW COLUMNS FROM `t_club_event` [ RunTime:0.0048s ]
SQL: SHOW COLUMNS FROM `t_club_detail` [ RunTime:0.0045s ]
SQL: SHOW COLUMNS FROM `t_club_img` [ RunTime:0.0054s ]

[ 2015-05-17T13:06:33+08:00 ] ::1 /tahiti/index.php/admin/login
INFO: [ app_init ] --START--
INFO: Run Behavior\BuildLiteBehavior [ RunTime:0.000013s ]
INFO: [ app_init ] --END-- [ RunTime:0.000407s ]
INFO: [ app_begin ] --START--
INFO: Run Behavior\ReadHtmlCacheBehavior [ RunTime:0.000577s ]
INFO: [ app_begin ] --END-- [ RunTime:0.000623s ]
SQL: SHOW COLUMNS FROM `t_club_base` [ RunTime:0.0071s ]
SQL: SHOW COLUMNS FROM `t_club_event` [ RunTime:0.0044s ]
SQL: SHOW COLUMNS FROM `t_club_detail` [ RunTime:0.0048s ]
SQL: SHOW COLUMNS FROM `t_club_img` [ RunTime:0.0050s ]

[ 2015-05-17T13:06:48+08:00 ] ::1 /tahiti/index.php/admin/login/index
INFO: [ app_init ] --START--
INFO: Run Behavior\BuildLiteBehavior [ RunTime:0.000016s ]
INFO: [ app_init ] --END-- [ RunTime:0.000449s ]
INFO: [ app_begin ] --START--
INFO: Run Behavior\ReadHtmlCacheBehavior [ RunTime:0.000683s ]
INFO: [ app_begin ] --END-- [ RunTime:0.000742s ]
SQL: SHOW COLUMNS FROM `t_club_base` [ RunTime:0.0051s ]
SQL: SHOW COLUMNS FROM `t_club_event` [ RunTime:0.0048s ]
SQL: SHOW COLUMNS FROM `t_club_detail` [ RunTime:0.0050s ]
SQL: SHOW COLUMNS FROM `t_club_img` [ RunTime:0.0050s ]

[ 2015-05-17T13:07:06+08:00 ] ::1 /tahiti/index.php/Admin/Login/index
INFO: [ app_init ] --START--
INFO: Run Behavior\BuildLiteBehavior [ RunTime:0.000011s ]
INFO: [ app_init ] --END-- [ RunTime:0.000348s ]
INFO: [ app_begin ] --START--
INFO: Run Behavior\ReadHtmlCacheBehavior [ RunTime:0.000557s ]
INFO: [ app_begin ] --END-- [ RunTime:0.000596s ]
SQL: SHOW COLUMNS FROM `t_club_base` [ RunTime:0.0030s ]
SQL: SHOW COLUMNS FROM `t_club_event` [ RunTime:0.0029s ]
SQL: SHOW COLUMNS FROM `t_club_detail` [ RunTime:0.0028s ]
SQL: SHOW COLUMNS FROM `t_club_img` [ RunTime:0.0031s ]

[ 2015-05-17T13:07:19+08:00 ] ::1 /tahiti/index.php
INFO: [ app_init ] --START--
INFO: Run Behavior\BuildLiteBehavior [ RunTime:0.000011s ]
INFO: [ app_init ] --END-- [ RunTime:0.000452s ]
INFO: [ app_begin ] --START--
INFO: Run Behavior\ReadHtmlCacheBehavior [ RunTime:0.000623s ]
INFO: [ app_begin ] --END-- [ RunTime:0.000690s ]
SQL: SHOW COLUMNS FROM `t_club_base` [ RunTime:0.0051s ]
SQL: SHOW COLUMNS FROM `t_club_event` [ RunTime:0.0045s ]
SQL: SHOW COLUMNS FROM `t_club_detail` [ RunTime:0.0047s ]
SQL: SHOW COLUMNS FROM `t_club_img` [ RunTime:0.0047s ]

[ 2015-05-17T13:08:01+08:00 ] ::1 /tahiti/?module=admin&controller=login&action=index
INFO: [ app_init ] --START--
INFO: Run Behavior\BuildLiteBehavior [ RunTime:0.000011s ]
INFO: [ app_init ] --END-- [ RunTime:0.000335s ]
INFO: [ app_begin ] --START--
INFO: Run Behavior\ReadHtmlCacheBehavior [ RunTime:0.000454s ]
INFO: [ app_begin ] --END-- [ RunTime:0.000500s ]
SQL: SHOW COLUMNS FROM `t_club_base` [ RunTime:0.0050s ]
SQL: SHOW COLUMNS FROM `t_club_event` [ RunTime:0.0046s ]
SQL: SHOW COLUMNS FROM `t_club_detail` [ RunTime:0.0044s ]
SQL: SHOW COLUMNS FROM `t_club_img` [ RunTime:0.0051s ]
INFO: [ app_end ] --START--
INFO: Run Behavior\ShowPageTraceBehavior [ RunTime:0.001539s ]
INFO: [ app_end ] --END-- [ RunTime:0.001653s ]

[ 2015-05-17T13:09:38+08:00 ] ::1 /tahiti/?module=Admin&controller=login&action=index
INFO: [ app_init ] --START--
INFO: Run Behavior\BuildLiteBehavior [ RunTime:0.000011s ]
INFO: [ app_init ] --END-- [ RunTime:0.000395s ]
INFO: [ app_begin ] --START--
INFO: Run Behavior\ReadHtmlCacheBehavior [ RunTime:0.000590s ]
INFO: [ app_begin ] --END-- [ RunTime:0.000627s ]
SQL: SHOW COLUMNS FROM `t_club_base` [ RunTime:0.0053s ]
SQL: SHOW COLUMNS FROM `t_club_event` [ RunTime:0.0045s ]
SQL: SHOW COLUMNS FROM `t_club_detail` [ RunTime:0.0043s ]
SQL: SHOW COLUMNS FROM `t_club_img` [ RunTime:0.0047s ]
INFO: [ app_end ] --START--
INFO: Run Behavior\ShowPageTraceBehavior [ RunTime:0.001590s ]
INFO: [ app_end ] --END-- [ RunTime:0.001708s ]

[ 2015-05-17T13:09:47+08:00 ] ::1 /tahiti/
INFO: [ app_init ] --START--
INFO: Run Behavior\BuildLiteBehavior [ RunTime:0.000013s ]
INFO: [ app_init ] --END-- [ RunTime:0.000334s ]
INFO: [ app_begin ] --START--
INFO: Run Behavior\ReadHtmlCacheBehavior [ RunTime:0.000468s ]
INFO: [ app_begin ] --END-- [ RunTime:0.000505s ]
SQL: SHOW COLUMNS FROM `t_club_base` [ RunTime:0.0050s ]
SQL: SHOW COLUMNS FROM `t_club_event` [ RunTime:0.0044s ]
SQL: SHOW COLUMNS FROM `t_club_detail` [ RunTime:0.0048s ]
SQL: SHOW COLUMNS FROM `t_club_img` [ RunTime:0.0059s ]
INFO: [ app_end ] --START--
INFO: Run Behavior\ShowPageTraceBehavior [ RunTime:0.001489s ]
INFO: [ app_end ] --END-- [ RunTime:0.001606s ]

[ 2015-05-17T13:10:12+08:00 ] ::1 /tahiti/index.php
INFO: [ app_init ] --START--
INFO: Run Behavior\BuildLiteBehavior [ RunTime:0.000011s ]
INFO: [ app_init ] --END-- [ RunTime:0.000386s ]
INFO: [ app_begin ] --START--
INFO: Run Behavior\ReadHtmlCacheBehavior [ RunTime:0.000487s ]
INFO: [ app_begin ] --END-- [ RunTime:0.000534s ]
SQL: SHOW COLUMNS FROM `t_club_base` [ RunTime:0.0050s ]
SQL: SHOW COLUMNS FROM `t_club_event` [ RunTime:0.0046s ]
SQL: SHOW COLUMNS FROM `t_club_detail` [ RunTime:0.0048s ]
SQL: SHOW COLUMNS FROM `t_club_img` [ RunTime:0.0046s ]

[ 2015-05-17T13:10:20+08:00 ] ::1 /tahiti/index.php/admin/login/index
INFO: [ app_init ] --START--
INFO: Run Behavior\BuildLiteBehavior [ RunTime:0.000012s ]
INFO: [ app_init ] --END-- [ RunTime:0.000318s ]
INFO: [ app_begin ] --START--
INFO: Run Behavior\ReadHtmlCacheBehavior [ RunTime:0.000560s ]
INFO: [ app_begin ] --END-- [ RunTime:0.000619s ]
SQL: SHOW COLUMNS FROM `t_club_base` [ RunTime:0.0051s ]
SQL: SHOW COLUMNS FROM `t_club_event` [ RunTime:0.0044s ]
SQL: SHOW COLUMNS FROM `t_club_detail` [ RunTime:0.0044s ]
SQL: SHOW COLUMNS FROM `t_club_img` [ RunTime:0.0046s ]

[ 2015-05-17T13:10:24+08:00 ] ::1 /tahiti/index.php/admin/login/login
INFO: [ app_init ] --START--
INFO: Run Behavior\BuildLiteBehavior [ RunTime:0.000019s ]
INFO: [ app_init ] --END-- [ RunTime:0.000601s ]
INFO: [ app_begin ] --START--
INFO: Run Behavior\ReadHtmlCacheBehavior [ RunTime:0.000851s ]
INFO: [ app_begin ] --END-- [ RunTime:0.000920s ]
SQL: SHOW COLUMNS FROM `t_club_base` [ RunTime:0.0054s ]
SQL: SHOW COLUMNS FROM `t_club_event` [ RunTime:0.0049s ]
SQL: SHOW COLUMNS FROM `t_club_detail` [ RunTime:0.0048s ]
SQL: SHOW COLUMNS FROM `t_club_img` [ RunTime:0.0055s ]

[ 2015-05-17T13:29:33+08:00 ] ::1 /tahiti/index.php/app/index/index
INFO: [ app_init ] --START--
INFO: Run Behavior\BuildLiteBehavior [ RunTime:0.000012s ]
INFO: [ app_init ] --END-- [ RunTime:0.000437s ]
INFO: [ app_begin ] --START--
INFO: Run Behavior\ReadHtmlCacheBehavior [ RunTime:0.000772s ]
INFO: [ app_begin ] --END-- [ RunTime:0.000814s ]
SQL: SHOW COLUMNS FROM `t_club_base` [ RunTime:0.0021s ]
SQL: SHOW COLUMNS FROM `t_club_event` [ RunTime:0.0019s ]
SQL: SHOW COLUMNS FROM `t_club_detail` [ RunTime:0.0019s ]
SQL: SHOW COLUMNS FROM `t_club_img` [ RunTime:0.0021s ]

[ 2015-05-17T13:30:42+08:00 ] ::1 /tahiti/index.php/app/index/index
INFO: [ app_init ] --START--
INFO: Run Behavior\BuildLiteBehavior [ RunTime:0.000015s ]
INFO: [ app_init ] --END-- [ RunTime:0.000478s ]
INFO: [ app_begin ] --START--
INFO: Run Behavior\ReadHtmlCacheBehavior [ RunTime:0.000700s ]
INFO: [ app_begin ] --END-- [ RunTime:0.000768s ]
SQL: SHOW COLUMNS FROM `t_club_base` [ RunTime:0.0053s ]
SQL: SHOW COLUMNS FROM `t_club_event` [ RunTime:0.0047s ]
SQL: SHOW COLUMNS FROM `t_club_detail` [ RunTime:0.0047s ]
SQL: SHOW COLUMNS FROM `t_club_img` [ RunTime:0.0048s ]

[ 2015-05-17T13:30:44+08:00 ] ::1 /tahiti/index.php/app/index/index
INFO: [ app_init ] --START--
INFO: Run Behavior\BuildLiteBehavior [ RunTime:0.000028s ]
INFO: [ app_init ] --END-- [ RunTime:0.000849s ]
INFO: [ app_begin ] --START--
INFO: Run Behavior\ReadHtmlCacheBehavior [ RunTime:0.001222s ]
INFO: [ app_begin ] --END-- [ RunTime:0.001320s ]
SQL: SHOW COLUMNS FROM `t_club_base` [ RunTime:0.0050s ]
SQL: SHOW COLUMNS FROM `t_club_event` [ RunTime:0.0047s ]
SQL: SHOW COLUMNS FROM `t_club_detail` [ RunTime:0.0045s ]
SQL: SHOW COLUMNS FROM `t_club_img` [ RunTime:0.0049s ]

[ 2015-05-17T13:31:28+08:00 ] ::1 /tahiti/index.php?s=/app/index/index
INFO: [ app_init ] --START--
INFO: Run Behavior\BuildLiteBehavior [ RunTime:0.000013s ]
INFO: [ app_init ] --END-- [ RunTime:0.000342s ]
INFO: [ app_begin ] --START--
INFO: Run Behavior\ReadHtmlCacheBehavior [ RunTime:0.000497s ]
INFO: [ app_begin ] --END-- [ RunTime:0.000538s ]
SQL: SHOW COLUMNS FROM `t_club_base` [ RunTime:0.0051s ]
SQL: SHOW COLUMNS FROM `t_club_event` [ RunTime:0.0051s ]
SQL: SHOW COLUMNS FROM `t_club_detail` [ RunTime:0.0058s ]
SQL: SHOW COLUMNS FROM `t_club_img` [ RunTime:0.0053s ]
INFO: [ app_end ] --START--
INFO: Run Behavior\ShowPageTraceBehavior [ RunTime:0.001530s ]
INFO: [ app_end ] --END-- [ RunTime:0.001642s ]

[ 2015-05-17T16:23:19+08:00 ] ::1 /tahiti/static/webuploader/webuploader.js
INFO: [ app_init ] --START--
INFO: Run Behavior\BuildLiteBehavior [ RunTime:0.000014s ]
INFO: [ app_init ] --END-- [ RunTime:0.000365s ]
INFO: [ app_begin ] --START--
INFO: Run Behavior\ReadHtmlCacheBehavior [ RunTime:0.000560s ]
INFO: [ app_begin ] --END-- [ RunTime:0.000613s ]
SQL: SHOW COLUMNS FROM `t_club_base` [ RunTime:0.0051s ]
SQL: SHOW COLUMNS FROM `t_club_event` [ RunTime:0.0047s ]
SQL: SHOW COLUMNS FROM `t_club_detail` [ RunTime:0.0044s ]
SQL: SHOW COLUMNS FROM `t_club_img` [ RunTime:0.0043s ]

[ 2015-05-17T16:24:26+08:00 ] ::1 /tahiti/static/webuploader/webuploader.css
INFO: [ app_init ] --START--
INFO: Run Behavior\BuildLiteBehavior [ RunTime:0.000016s ]
INFO: [ app_init ] --END-- [ RunTime:0.000387s ]
INFO: [ app_begin ] --START--
INFO: Run Behavior\ReadHtmlCacheBehavior [ RunTime:0.000658s ]
INFO: [ app_begin ] --END-- [ RunTime:0.000743s ]
SQL: SHOW COLUMNS FROM `t_club_base` [ RunTime:0.0029s ]
SQL: SHOW COLUMNS FROM `t_club_event` [ RunTime:0.0027s ]
SQL: SHOW COLUMNS FROM `t_club_detail` [ RunTime:0.0026s ]
SQL: SHOW COLUMNS FROM `t_club_img` [ RunTime:0.0030s ]

[ 2015-05-17T16:24:27+08:00 ] ::1 /tahiti/static/webuploader/webuploader.js
INFO: [ app_init ] --START--
INFO: Run Behavior\BuildLiteBehavior [ RunTime:0.000017s ]
INFO: [ app_init ] --END-- [ RunTime:0.000460s ]
INFO: [ app_begin ] --START--
INFO: Run Behavior\ReadHtmlCacheBehavior [ RunTime:0.000629s ]
INFO: [ app_begin ] --END-- [ RunTime:0.000674s ]
SQL: SHOW COLUMNS FROM `t_club_base` [ RunTime:0.0051s ]
SQL: SHOW COLUMNS FROM `t_club_event` [ RunTime:0.0048s ]
SQL: SHOW COLUMNS FROM `t_club_detail` [ RunTime:0.0044s ]
SQL: SHOW COLUMNS FROM `t_club_img` [ RunTime:0.0047s ]

[ 2015-05-17T16:24:43+08:00 ] ::1 /tahiti/static/webuploader/webuploader.css
INFO: [ app_init ] --START--
INFO: Run Behavior\BuildLiteBehavior [ RunTime:0.000014s ]
INFO: [ app_init ] --END-- [ RunTime:0.000429s ]
INFO: [ app_begin ] --START--
INFO: Run Behavior\ReadHtmlCacheBehavior [ RunTime:0.000494s ]
INFO: [ app_begin ] --END-- [ RunTime:0.000545s ]
SQL: SHOW COLUMNS FROM `t_club_base` [ RunTime:0.0048s ]
SQL: SHOW COLUMNS FROM `t_club_event` [ RunTime:0.0045s ]
SQL: SHOW COLUMNS FROM `t_club_detail` [ RunTime:0.0043s ]
SQL: SHOW COLUMNS FROM `t_club_img` [ RunTime:0.0046s ]

[ 2015-05-17T16:24:44+08:00 ] ::1 /tahiti/static/webuploader/webuploader.min.js
INFO: [ app_init ] --START--
INFO: Run Behavior\BuildLiteBehavior [ RunTime:0.000015s ]
INFO: [ app_init ] --END-- [ RunTime:0.000357s ]
INFO: [ app_begin ] --START--
INFO: Run Behavior\ReadHtmlCacheBehavior [ RunTime:0.000756s ]
INFO: [ app_begin ] --END-- [ RunTime:0.000837s ]
SQL: SHOW COLUMNS FROM `t_club_base` [ RunTime:0.0049s ]
SQL: SHOW COLUMNS FROM `t_club_event` [ RunTime:0.0046s ]
SQL: SHOW COLUMNS FROM `t_club_detail` [ RunTime:0.0045s ]
SQL: SHOW COLUMNS FROM `t_club_img` [ RunTime:0.0047s ]

[ 2015-05-17T16:25:33+08:00 ] ::1 /tahiti/static/js/webuploader/webuploader.css
INFO: [ app_init ] --START--
INFO: Run Behavior\BuildLiteBehavior [ RunTime:0.000013s ]
INFO: [ app_init ] --END-- [ RunTime:0.000382s ]
INFO: [ app_begin ] --START--
INFO: Run Behavior\ReadHtmlCacheBehavior [ RunTime:0.000490s ]
INFO: [ app_begin ] --END-- [ RunTime:0.000535s ]
SQL: SHOW COLUMNS FROM `t_club_base` [ RunTime:0.0051s ]
SQL: SHOW COLUMNS FROM `t_club_event` [ RunTime:0.0047s ]
SQL: SHOW COLUMNS FROM `t_club_detail` [ RunTime:0.0052s ]
SQL: SHOW COLUMNS FROM `t_club_img` [ RunTime:0.0050s ]

[ 2015-05-17T16:25:34+08:00 ] ::1 /tahiti/static/webuploader/js/webuploader.min.js
INFO: [ app_init ] --START--
INFO: Run Behavior\BuildLiteBehavior [ RunTime:0.000014s ]
INFO: [ app_init ] --END-- [ RunTime:0.000341s ]
INFO: [ app_begin ] --START--
INFO: Run Behavior\ReadHtmlCacheBehavior [ RunTime:0.000468s ]
INFO: [ app_begin ] --END-- [ RunTime:0.000507s ]
SQL: SHOW COLUMNS FROM `t_club_base` [ RunTime:0.0050s ]
SQL: SHOW COLUMNS FROM `t_club_event` [ RunTime:0.0044s ]
SQL: SHOW COLUMNS FROM `t_club_detail` [ RunTime:0.0047s ]
SQL: SHOW COLUMNS FROM `t_club_img` [ RunTime:0.0047s ]

[ 2015-05-17T16:25:57+08:00 ] ::1 /tahiti/static/js/webuploader/webuploader.css
INFO: [ app_init ] --START--
INFO: Run Behavior\BuildLiteBehavior [ RunTime:0.000015s ]
INFO: [ app_init ] --END-- [ RunTime:0.000475s ]
INFO: [ app_begin ] --START--
INFO: Run Behavior\ReadHtmlCacheBehavior [ RunTime:0.000563s ]
INFO: [ app_begin ] --END-- [ RunTime:0.000618s ]
SQL: SHOW COLUMNS FROM `t_club_base` [ RunTime:0.0051s ]
SQL: SHOW COLUMNS FROM `t_club_event` [ RunTime:0.0043s ]
SQL: SHOW COLUMNS FROM `t_club_detail` [ RunTime:0.0043s ]
SQL: SHOW COLUMNS FROM `t_club_img` [ RunTime:0.0046s ]

[ 2015-05-17T16:25:58+08:00 ] ::1 /tahiti/static/js/webuploader/webuploader.min.js
INFO: [ app_init ] --START--
INFO: Run Behavior\BuildLiteBehavior [ RunTime:0.000014s ]
INFO: [ app_init ] --END-- [ RunTime:0.000334s ]
INFO: [ app_begin ] --START--
INFO: Run Behavior\ReadHtmlCacheBehavior [ RunTime:0.000500s ]
INFO: [ app_begin ] --END-- [ RunTime:0.000542s ]
SQL: SHOW COLUMNS FROM `t_club_base` [ RunTime:0.0051s ]
SQL: SHOW COLUMNS FROM `t_club_event` [ RunTime:0.0046s ]
SQL: SHOW COLUMNS FROM `t_club_detail` [ RunTime:0.0047s ]
SQL: SHOW COLUMNS FROM `t_club_img` [ RunTime:0.0049s ]

[ 2015-05-17T17:25:39+08:00 ] 127.0.0.1 /tahiti/index.php?s=/ImgServer/index/uploadpic
INFO: [ app_init ] --START--
INFO: Run Behavior\BuildLiteBehavior [ RunTime:0.000015s ]
INFO: [ app_init ] --END-- [ RunTime:0.000500s ]
INFO: [ app_begin ] --START--
INFO: Run Behavior\ReadHtmlCacheBehavior [ RunTime:0.000956s ]
INFO: [ app_begin ] --END-- [ RunTime:0.001016s ]
ERR: 无法加载控制器:ImgServer

