[ 2015-05-23T15:28:12+08:00 ] ::1 /tahiti/index.php/admin/login/index
INFO: [ app_init ] --START--
INFO: Run Behavior\BuildLiteBehavior [ RunTime:0.000033s ]
INFO: [ app_init ] --END-- [ RunTime:0.009421s ]
INFO: [ app_begin ] --START--
INFO: Run Behavior\ReadHtmlCacheBehavior [ RunTime:0.010692s ]
INFO: [ app_begin ] --END-- [ RunTime:0.010811s ]
SQL: SHOW COLUMNS FROM `t_club_base` [ RunTime:0.0396s ]
SQL: SHOW COLUMNS FROM `t_club_event` [ RunTime:0.0223s ]
SQL: SHOW COLUMNS FROM `t_club_detail` [ RunTime:0.0050s ]
SQL: SHOW COLUMNS FROM `t_club_img` [ RunTime:0.0074s ]

[ 2015-05-23T15:28:15+08:00 ] ::1 /tahiti/index.php/admin/login/index
INFO: [ app_init ] --START--
INFO: Run Behavior\BuildLiteBehavior [ RunTime:0.000011s ]
INFO: [ app_init ] --END-- [ RunTime:0.000327s ]
INFO: [ app_begin ] --START--
INFO: Run Behavior\ReadHtmlCacheBehavior [ RunTime:0.000474s ]
INFO: [ app_begin ] --END-- [ RunTime:0.000512s ]
SQL: SHOW COLUMNS FROM `t_club_base` [ RunTime:0.0059s ]
SQL: SHOW COLUMNS FROM `t_club_event` [ RunTime:0.0052s ]
SQL: SHOW COLUMNS FROM `t_club_detail` [ RunTime:0.0053s ]
SQL: SHOW COLUMNS FROM `t_club_img` [ RunTime:0.0055s ]

[ 2015-05-23T15:28:23+08:00 ] ::1 /tahiti/index.php/admin/login/login
INFO: [ app_init ] --START--
INFO: Run Behavior\BuildLiteBehavior [ RunTime:0.000021s ]
INFO: [ app_init ] --END-- [ RunTime:0.000662s ]
INFO: [ app_begin ] --START--
INFO: Run Behavior\ReadHtmlCacheBehavior [ RunTime:0.000845s ]
INFO: [ app_begin ] --END-- [ RunTime:0.000915s ]
SQL: SHOW COLUMNS FROM `t_club_base` [ RunTime:0.0063s ]
SQL: SHOW COLUMNS FROM `t_club_event` [ RunTime:0.0054s ]
SQL: SHOW COLUMNS FROM `t_club_detail` [ RunTime:0.0056s ]
SQL: SHOW COLUMNS FROM `t_club_img` [ RunTime:0.0054s ]

[ 2015-05-23T15:28:41+08:00 ] ::1 /tahiti/index.php
INFO: [ app_init ] --START--
INFO: Run Behavior\BuildLiteBehavior [ RunTime:0.000014s ]
INFO: [ app_init ] --END-- [ RunTime:0.000332s ]
INFO: [ app_begin ] --START--
INFO: Run Behavior\ReadHtmlCacheBehavior [ RunTime:0.000505s ]
INFO: [ app_begin ] --END-- [ RunTime:0.000548s ]
SQL: SHOW COLUMNS FROM `t_club_base` [ RunTime:0.0029s ]
SQL: SHOW COLUMNS FROM `t_club_event` [ RunTime:0.0023s ]
SQL: SHOW COLUMNS FROM `t_club_detail` [ RunTime:0.0025s ]
SQL: SHOW COLUMNS FROM `t_club_img` [ RunTime:0.0022s ]

[ 2015-05-23T15:29:02+08:00 ] ::1 /tahiti/index.php
INFO: [ app_init ] --START--
INFO: Run Behavior\BuildLiteBehavior [ RunTime:0.000011s ]
INFO: [ app_init ] --END-- [ RunTime:0.000364s ]
INFO: [ app_begin ] --START--
INFO: Run Behavior\ReadHtmlCacheBehavior [ RunTime:0.000521s ]
INFO: [ app_begin ] --END-- [ RunTime:0.000559s ]
SQL: SHOW COLUMNS FROM `t_club_base` [ RunTime:0.0059s ]
SQL: SHOW COLUMNS FROM `t_club_event` [ RunTime:0.0054s ]
SQL: SHOW COLUMNS FROM `t_club_detail` [ RunTime:0.0054s ]
SQL: SHOW COLUMNS FROM `t_club_img` [ RunTime:0.0059s ]

[ 2015-05-23T15:30:21+08:00 ] ::1 /tahiti/index.php
INFO: [ app_init ] --START--
INFO: Run Behavior\BuildLiteBehavior [ RunTime:0.000012s ]
INFO: [ app_init ] --END-- [ RunTime:0.000482s ]
INFO: [ app_begin ] --START--
INFO: Run Behavior\ReadHtmlCacheBehavior [ RunTime:0.000620s ]
INFO: [ app_begin ] --END-- [ RunTime:0.000660s ]
SQL: SHOW COLUMNS FROM `t_club_base` [ RunTime:0.0057s ]
SQL: SHOW COLUMNS FROM `t_club_event` [ RunTime:0.0051s ]
SQL: SHOW COLUMNS FROM `t_club_detail` [ RunTime:0.0052s ]
SQL: SHOW COLUMNS FROM `t_club_img` [ RunTime:0.0056s ]

[ 2015-05-23T22:25:55+08:00 ] ::1 /tahiti/index.php
INFO: [ app_init ] --START--
INFO: Run Behavior\BuildLiteBehavior [ RunTime:0.000023s ]
INFO: [ app_init ] --END-- [ RunTime:0.001935s ]
INFO: [ app_begin ] --START--
INFO: Run Behavior\ReadHtmlCacheBehavior [ RunTime:0.001117s ]
INFO: [ app_begin ] --END-- [ RunTime:0.001197s ]
ERR: SQLSTATE[HY000] [1045] Access denied for user 'root'@'localhost' (using password: NO)

[ 2015-05-23T22:27:10+08:00 ] ::1 /tahiti/index.php
INFO: [ app_init ] --START--
INFO: Run Behavior\BuildLiteBehavior [ RunTime:0.000016s ]
INFO: [ app_init ] --END-- [ RunTime:0.000574s ]
INFO: [ app_begin ] --START--
INFO: Run Behavior\ReadHtmlCacheBehavior [ RunTime:0.000964s ]
INFO: [ app_begin ] --END-- [ RunTime:0.001069s ]
ERR: SQLSTATE[HY000] [1045] Access denied for user 'root'@'localhost' (using password: NO)

[ 2015-05-23T22:27:57+08:00 ] ::1 /tahiti/index.php
INFO: [ app_init ] --START--
INFO: Run Behavior\BuildLiteBehavior [ RunTime:0.000011s ]
INFO: [ app_init ] --END-- [ RunTime:0.000363s ]
INFO: [ app_begin ] --START--
INFO: Run Behavior\ReadHtmlCacheBehavior [ RunTime:0.000517s ]
INFO: [ app_begin ] --END-- [ RunTime:0.000556s ]
SQL: SHOW COLUMNS FROM `t_club_base` [ RunTime:0.0824s ]
SQL: SHOW COLUMNS FROM `t_club_event` [ RunTime:0.0085s ]
SQL: SHOW COLUMNS FROM `t_club_detail` [ RunTime:0.0090s ]
SQL: SHOW COLUMNS FROM `t_club_img` [ RunTime:0.0078s ]

[ 2015-05-23T22:29:10+08:00 ] ::1 /tahiti/search
INFO: [ app_init ] --START--
INFO: Run Behavior\BuildLiteBehavior [ RunTime:0.000012s ]
INFO: [ app_init ] --END-- [ RunTime:0.000340s ]
INFO: [ app_begin ] --START--
INFO: Run Behavior\ReadHtmlCacheBehavior [ RunTime:0.000484s ]
INFO: [ app_begin ] --END-- [ RunTime:0.000523s ]
SQL: SHOW COLUMNS FROM `t_club_base` [ RunTime:0.0062s ]
SQL: SHOW COLUMNS FROM `t_club_event` [ RunTime:0.0055s ]
SQL: SHOW COLUMNS FROM `t_club_detail` [ RunTime:0.0057s ]
SQL: SHOW COLUMNS FROM `t_club_img` [ RunTime:0.0061s ]
ERR: 参数错误或者未定义:rid

[ 2015-05-23T22:29:18+08:00 ] ::1 /tahiti/index.php/admin/login/index
INFO: [ app_init ] --START--
INFO: Run Behavior\BuildLiteBehavior [ RunTime:0.000013s ]
INFO: [ app_init ] --END-- [ RunTime:0.000484s ]
INFO: [ app_begin ] --START--
INFO: Run Behavior\ReadHtmlCacheBehavior [ RunTime:0.000615s ]
INFO: [ app_begin ] --END-- [ RunTime:0.000670s ]
SQL: SHOW COLUMNS FROM `t_club_base` [ RunTime:0.0064s ]
SQL: SHOW COLUMNS FROM `t_club_event` [ RunTime:0.0058s ]
SQL: SHOW COLUMNS FROM `t_club_detail` [ RunTime:0.0057s ]
SQL: SHOW COLUMNS FROM `t_club_img` [ RunTime:0.0036s ]

[ 2015-05-23T22:29:42+08:00 ] ::1 /tahiti/index.php/admin/login
INFO: [ app_init ] --START--
INFO: Run Behavior\BuildLiteBehavior [ RunTime:0.000013s ]
INFO: [ app_init ] --END-- [ RunTime:0.000458s ]
INFO: [ app_begin ] --START--
INFO: Run Behavior\ReadHtmlCacheBehavior [ RunTime:0.000653s ]
INFO: [ app_begin ] --END-- [ RunTime:0.000720s ]
SQL: SHOW COLUMNS FROM `t_club_base` [ RunTime:0.0075s ]
SQL: SHOW COLUMNS FROM `t_club_event` [ RunTime:0.0060s ]
SQL: SHOW COLUMNS FROM `t_club_detail` [ RunTime:0.0055s ]
SQL: SHOW COLUMNS FROM `t_club_img` [ RunTime:0.0035s ]

[ 2015-05-23T22:30:24+08:00 ] ::1 /tahiti/index.php/admin/login
INFO: [ app_init ] --START--
INFO: Run Behavior\BuildLiteBehavior [ RunTime:0.000015s ]
INFO: [ app_init ] --END-- [ RunTime:0.000416s ]
INFO: [ app_begin ] --START--
INFO: Run Behavior\ReadHtmlCacheBehavior [ RunTime:0.000618s ]
INFO: [ app_begin ] --END-- [ RunTime:0.000670s ]
SQL: SHOW COLUMNS FROM `t_club_base` [ RunTime:0.0063s ]
SQL: SHOW COLUMNS FROM `t_club_event` [ RunTime:0.0057s ]
SQL: SHOW COLUMNS FROM `t_club_detail` [ RunTime:0.0057s ]
SQL: SHOW COLUMNS FROM `t_club_img` [ RunTime:0.0060s ]

[ 2015-05-23T22:30:26+08:00 ] ::1 /tahiti/index.php/admin/login
INFO: [ app_init ] --START--
INFO: Run Behavior\BuildLiteBehavior [ RunTime:0.000016s ]
INFO: [ app_init ] --END-- [ RunTime:0.000439s ]
INFO: [ app_begin ] --START--
INFO: Run Behavior\ReadHtmlCacheBehavior [ RunTime:0.000640s ]
INFO: [ app_begin ] --END-- [ RunTime:0.000692s ]
SQL: SHOW COLUMNS FROM `t_club_base` [ RunTime:0.0063s ]
SQL: SHOW COLUMNS FROM `t_club_event` [ RunTime:0.0058s ]
SQL: SHOW COLUMNS FROM `t_club_detail` [ RunTime:0.0056s ]
SQL: SHOW COLUMNS FROM `t_club_img` [ RunTime:0.0059s ]

[ 2015-05-23T22:30:30+08:00 ] ::1 /tahiti/index.php/admin/login
INFO: [ app_init ] --START--
INFO: Run Behavior\BuildLiteBehavior [ RunTime:0.000028s ]
INFO: [ app_init ] --END-- [ RunTime:0.000821s ]
INFO: [ app_begin ] --START--
INFO: Run Behavior\ReadHtmlCacheBehavior [ RunTime:0.000787s ]
INFO: [ app_begin ] --END-- [ RunTime:0.000849s ]
SQL: SHOW COLUMNS FROM `t_club_base` [ RunTime:0.0062s ]
SQL: SHOW COLUMNS FROM `t_club_event` [ RunTime:0.0057s ]
SQL: SHOW COLUMNS FROM `t_club_detail` [ RunTime:0.0050s ]
SQL: SHOW COLUMNS FROM `t_club_img` [ RunTime:0.0051s ]

[ 2015-05-23T22:30:32+08:00 ] ::1 /tahiti/index.php/admin/login
INFO: [ app_init ] --START--
INFO: Run Behavior\BuildLiteBehavior [ RunTime:0.000011s ]
INFO: [ app_init ] --END-- [ RunTime:0.000359s ]
INFO: [ app_begin ] --START--
INFO: Run Behavior\ReadHtmlCacheBehavior [ RunTime:0.000466s ]
INFO: [ app_begin ] --END-- [ RunTime:0.000505s ]
SQL: SHOW COLUMNS FROM `t_club_base` [ RunTime:0.0062s ]
SQL: SHOW COLUMNS FROM `t_club_event` [ RunTime:0.0055s ]
SQL: SHOW COLUMNS FROM `t_club_detail` [ RunTime:0.0058s ]
SQL: SHOW COLUMNS FROM `t_club_img` [ RunTime:0.0061s ]

[ 2015-05-23T22:30:35+08:00 ] ::1 /tahiti/index.php/admin/login
INFO: [ app_init ] --START--
INFO: Run Behavior\BuildLiteBehavior [ RunTime:0.000026s ]
INFO: [ app_init ] --END-- [ RunTime:0.000829s ]
INFO: [ app_begin ] --START--
INFO: Run Behavior\ReadHtmlCacheBehavior [ RunTime:0.001189s ]
INFO: [ app_begin ] --END-- [ RunTime:0.001286s ]
SQL: SHOW COLUMNS FROM `t_club_base` [ RunTime:0.0061s ]
SQL: SHOW COLUMNS FROM `t_club_event` [ RunTime:0.0060s ]
SQL: SHOW COLUMNS FROM `t_club_detail` [ RunTime:0.0061s ]
SQL: SHOW COLUMNS FROM `t_club_img` [ RunTime:0.0058s ]

[ 2015-05-23T22:30:42+08:00 ] ::1 /tahiti/index.php/admin/login
INFO: [ app_init ] --START--
INFO: Run Behavior\BuildLiteBehavior [ RunTime:0.000015s ]
INFO: [ app_init ] --END-- [ RunTime:0.000448s ]
INFO: [ app_begin ] --START--
INFO: Run Behavior\ReadHtmlCacheBehavior [ RunTime:0.000638s ]
INFO: [ app_begin ] --END-- [ RunTime:0.000687s ]
SQL: SHOW COLUMNS FROM `t_club_base` [ RunTime:0.0064s ]
SQL: SHOW COLUMNS FROM `t_club_event` [ RunTime:0.0059s ]
SQL: SHOW COLUMNS FROM `t_club_detail` [ RunTime:0.0056s ]
SQL: SHOW COLUMNS FROM `t_club_img` [ RunTime:0.0035s ]

