[ 2015-05-17T17:26:11+08:00 ] 127.0.0.1 /tahiti/index.php?s=/ImgServer/index/uploadpic
INFO: [ app_init ] --START--
INFO: Run Behavior\BuildLiteBehavior [ RunTime:0.000013s ]
INFO: [ app_init ] --END-- [ RunTime:0.000341s ]
INFO: [ app_begin ] --START--
INFO: Run Behavior\ReadHtmlCacheBehavior [ RunTime:0.000491s ]
INFO: [ app_begin ] --END-- [ RunTime:0.000538s ]
NOTIC: [2] move_uploaded_file(D:\XAMPP\htdocs\tahiti\Application\ImgServer\Conf/../../upload/1431854771image/jpeg): failed to open stream: No such file or directory D:\XAMPP\htdocs\tahiti\Application\ImgServer\Controller\IndexController.class.php 第 22 行.
NOTIC: [2] move_uploaded_file(): Unable to move 'D:\XAMPP\tmp\php3977.tmp' to 'D:\XAMPP\htdocs\tahiti\Application\ImgServer\Conf/../../upload/1431854771image/jpeg' D:\XAMPP\htdocs\tahiti\Application\ImgServer\Controller\IndexController.class.php 第 22 行.

[ 2015-05-17T17:29:30+08:00 ] 127.0.0.1 /tahiti/index.php?s=/ImgServer/index/uploadpic
INFO: [ app_init ] --START--
INFO: Run Behavior\BuildLiteBehavior [ RunTime:0.000011s ]
INFO: [ app_init ] --END-- [ RunTime:0.000431s ]
INFO: [ app_begin ] --START--
INFO: Run Behavior\ReadHtmlCacheBehavior [ RunTime:0.000596s ]
INFO: [ app_begin ] --END-- [ RunTime:0.000635s ]
NOTIC: [2] move_uploaded_file(D:\XAMPP\htdocs\tahiti\Application\ImgServer\Conf/../../upload/1431854970image/jpeg): failed to open stream: No such file or directory D:\XAMPP\htdocs\tahiti\Application\ImgServer\Controller\IndexController.class.php 第 22 行.
NOTIC: [2] move_uploaded_file(): Unable to move 'D:\XAMPP\tmp\php4396.tmp' to 'D:\XAMPP\htdocs\tahiti\Application\ImgServer\Conf/../../upload/1431854970image/jpeg' D:\XAMPP\htdocs\tahiti\Application\ImgServer\Controller\IndexController.class.php 第 22 行.

[ 2015-05-17T17:31:05+08:00 ] 127.0.0.1 /tahiti/index.php?s=/ImgServer/index/uploadpic
INFO: [ app_init ] --START--
INFO: Run Behavior\BuildLiteBehavior [ RunTime:0.000011s ]
INFO: [ app_init ] --END-- [ RunTime:0.000362s ]
INFO: [ app_begin ] --START--
INFO: Run Behavior\ReadHtmlCacheBehavior [ RunTime:0.000507s ]
INFO: [ app_begin ] --END-- [ RunTime:0.000544s ]
NOTIC: [2] move_uploaded_file(D:\XAMPP\htdocs\tahiti\Application\ImgServer\Conf/../../upload/1431855065image/jpeg): failed to open stream: No such file or directory D:\XAMPP\htdocs\tahiti\Application\ImgServer\Controller\IndexController.class.php 第 22 行.
NOTIC: [2] move_uploaded_file(): Unable to move 'D:\XAMPP\tmp\phpB4C0.tmp' to 'D:\XAMPP\htdocs\tahiti\Application\ImgServer\Conf/../../upload/1431855065image/jpeg' D:\XAMPP\htdocs\tahiti\Application\ImgServer\Controller\IndexController.class.php 第 22 行.

[ 2015-05-17T23:18:51+08:00 ] 127.0.0.1 /tahiti/index.php?s=/ImgServer/index/uploadpic
INFO: [ app_init ] --START--
INFO: Run Behavior\BuildLiteBehavior [ RunTime:0.000013s ]
INFO: [ app_init ] --END-- [ RunTime:0.000382s ]
INFO: [ app_begin ] --START--
INFO: Run Behavior\ReadHtmlCacheBehavior [ RunTime:0.000576s ]
INFO: [ app_begin ] --END-- [ RunTime:0.000622s ]
NOTIC: [2] move_uploaded_file(D:\XAMPP\htdocs\tahiti\Application\ImgServer\Conf\..\..\upload/1431875931image/jpeg): failed to open stream: No such file or directory D:\XAMPP\htdocs\tahiti\Application\ImgServer\Controller\IndexController.class.php 第 22 行.
NOTIC: [2] move_uploaded_file(): Unable to move 'D:\XAMPP\tmp\php1A4D.tmp' to 'D:\XAMPP\htdocs\tahiti\Application\ImgServer\Conf\..\..\upload/1431875931image/jpeg' D:\XAMPP\htdocs\tahiti\Application\ImgServer\Controller\IndexController.class.php 第 22 行.

